{"numFailedTestSuites":0,"numFailedTests":0,"numPassedTestSuites":42,"numPassedTests":1001,"numPendingTestSuites":1,"numPendingTests":1,"numRuntimeErrorTestSuites":0,"numTodoTests":0,"numTotalTestSuites":43,"numTotalTests":1002,"openHandles":[],"snapshot":{"added":0,"didUpdate":false,"failure":false,"filesAdded":0,"filesRemoved":0,"filesRemovedList":[],"filesUnmatched":0,"filesUpdated":0,"matched":0,"total":0,"unchecked":0,"uncheckedKeysByFile":[],"unmatched":0,"updated":0},"startTime":1765342635909,"success":true,"testResults":[{"assertionResults":[{"ancestorTitles":["Simulacrum tool-calling loop integration"],"duration":null,"failureDetails":[],"failureMessages":[],"fullName":"Simulacrum tool-calling loop integration executes tool then produces final assistant message","invocations":1,"location":null,"numPassingAsserts":0,"retryReasons":[],"status":"pending","title":"executes tool then produces final assistant message"}],"coverage":{},"endTime":1765342643356,"message":"","name":"/home/patrick/projects/simulacrum-foundry/tests/core/simulacrum-loop.test.js","startTime":1765342643356,"status":"skipped","summary":""},{"assertionResults":[{"ancestorTitles":["DocumentAPI CRUD/Search"],"duration":23,"failureDetails":[],"failureMessages":[],"fullName":"DocumentAPI CRUD/Search listDocuments filters and respects permissions","invocations":1,"location":null,"numPassingAsserts":3,"retryReasons":[],"status":"passed","title":"listDocuments filters and respects permissions"},{"ancestorTitles":["DocumentAPI CRUD/Search"],"duration":10,"failureDetails":[],"failureMessages":[],"fullName":"DocumentAPI CRUD/Search getDocument returns object and checks read permission","invocations":1,"location":null,"numPassingAsserts":2,"retryReasons":[],"status":"passed","title":"getDocument returns object and checks read permission"},{"ancestorTitles":["DocumentAPI CRUD/Search"],"duration":6,"failureDetails":[],"failureMessages":[],"fullName":"DocumentAPI CRUD/Search createDocument returns created object (mock-friendly)","invocations":1,"location":null,"numPassingAsserts":2,"retryReasons":[],"status":"passed","title":"createDocument returns created object (mock-friendly)"},{"ancestorTitles":["DocumentAPI CRUD/Search"],"duration":5,"failureDetails":[],"failureMessages":[],"fullName":"DocumentAPI CRUD/Search createDocument succeeds when document class lacks validate helper","invocations":1,"location":null,"numPassingAsserts":3,"retryReasons":[],"status":"passed","title":"createDocument succeeds when document class lacks validate helper"},{"ancestorTitles":["DocumentAPI CRUD/Search"],"duration":7,"failureDetails":[],"failureMessages":[],"fullName":"DocumentAPI CRUD/Search updateDocument applies updates and requires owner permission","invocations":1,"location":null,"numPassingAsserts":2,"retryReasons":[],"status":"passed","title":"updateDocument applies updates and requires owner permission"},{"ancestorTitles":["DocumentAPI CRUD/Search"],"duration":39,"failureDetails":[],"failureMessages":[],"fullName":"DocumentAPI CRUD/Search updateDocument closes rendered sheet and restores it afterwards","invocations":1,"location":null,"numPassingAsserts":2,"retryReasons":[],"status":"passed","title":"updateDocument closes rendered sheet and restores it afterwards"},{"ancestorTitles":["DocumentAPI CRUD/Search"],"duration":90,"failureDetails":[],"failureMessages":[],"fullName":"DocumentAPI CRUD/Search updateDocument reopens sheet even when update fails","invocations":1,"location":null,"numPassingAsserts":3,"retryReasons":[],"status":"passed","title":"updateDocument reopens sheet even when update fails"},{"ancestorTitles":["DocumentAPI CRUD/Search"],"duration":5,"failureDetails":[],"failureMessages":[],"fullName":"DocumentAPI CRUD/Search updateDocument does not close sheet when not rendered","invocations":1,"location":null,"numPassingAsserts":2,"retryReasons":[],"status":"passed","title":"updateDocument does not close sheet when not rendered"},{"ancestorTitles":["DocumentAPI CRUD/Search"],"duration":5,"failureDetails":[],"failureMessages":[],"fullName":"DocumentAPI CRUD/Search deleteDocument deletes and returns true","invocations":1,"location":null,"numPassingAsserts":1,"retryReasons":[],"status":"passed","title":"deleteDocument deletes and returns true"},{"ancestorTitles":["DocumentAPI CRUD/Search"],"duration":5,"failureDetails":[],"failureMessages":[],"fullName":"DocumentAPI CRUD/Search deleteDocument closes rendered sheet before deletion","invocations":1,"location":null,"numPassingAsserts":3,"retryReasons":[],"status":"passed","title":"deleteDocument closes rendered sheet before deletion"},{"ancestorTitles":["DocumentAPI CRUD/Search"],"duration":9,"failureDetails":[],"failureMessages":[],"fullName":"DocumentAPI CRUD/Search searchDocuments matches on fields with maxResults","invocations":1,"location":null,"numPassingAsserts":3,"retryReasons":[],"status":"passed","title":"searchDocuments matches on fields with maxResults"},{"ancestorTitles":["DocumentAPI CRUD/Search"],"duration":4,"failureDetails":[],"failureMessages":[],"fullName":"DocumentAPI CRUD/Search permission denied surfaces errors","invocations":1,"location":null,"numPassingAsserts":1,"retryReasons":[],"status":"passed","title":"permission denied surfaces errors"},{"ancestorTitles":["DocumentAPI CRUD/Search"],"duration":6,"failureDetails":[],"failureMessages":[],"fullName":"DocumentAPI CRUD/Search listDocuments supports sort and limit","invocations":1,"location":null,"numPassingAsserts":2,"retryReasons":[],"status":"passed","title":"listDocuments supports sort and limit"},{"ancestorTitles":["DocumentAPI CRUD/Search"],"duration":9,"failureDetails":[],"failureMessages":[],"fullName":"DocumentAPI CRUD/Search listDocuments with null filter value does not filter out","invocations":1,"location":null,"numPassingAsserts":1,"retryReasons":[],"status":"passed","title":"listDocuments with null filter value does not filter out"},{"ancestorTitles":["DocumentAPI CRUD/Search"],"duration":28,"failureDetails":[],"failureMessages":[],"fullName":"DocumentAPI CRUD/Search createDocument rejects for invalid type; get/update/delete handle mock defaults","invocations":1,"location":null,"numPassingAsserts":3,"retryReasons":[],"status":"passed","title":"createDocument rejects for invalid type; get/update/delete handle mock defaults"},{"ancestorTitles":["DocumentAPI CRUD/Search"],"duration":9,"failureDetails":[],"failureMessages":[],"fullName":"DocumentAPI CRUD/Search searchDocuments defaults to all types when types not provided","invocations":1,"location":null,"numPassingAsserts":1,"retryReasons":[],"status":"passed","title":"searchDocuments defaults to all types when types not provided"}],"endTime":1765342638740,"message":"","name":"/home/patrick/projects/simulacrum-foundry/tests/core/document-api-crud.test.js","startTime":1765342637101,"status":"passed","summary":""},{"assertionResults":[{"ancestorTitles":["DocumentUpdateTool - constructor"],"duration":9,"failureDetails":[],"failureMessages":[],"fullName":"DocumentUpdateTool - constructor should initialize with correct properties","invocations":1,"location":null,"numPassingAsserts":3,"retryReasons":[],"status":"passed","title":"should initialize with correct properties"},{"ancestorTitles":["DocumentUpdateTool - constructor"],"duration":6,"failureDetails":[],"failureMessages":[],"fullName":"DocumentUpdateTool - constructor should have correct schema structure","invocations":1,"location":null,"numPassingAsserts":6,"retryReasons":[],"status":"passed","title":"should have correct schema structure"},{"ancestorTitles":["DocumentUpdateTool - constructor"],"duration":5,"failureDetails":[],"failureMessages":[],"fullName":"DocumentUpdateTool - constructor should define required parameters correctly","invocations":1,"location":null,"numPassingAsserts":12,"retryReasons":[],"status":"passed","title":"should define required parameters correctly"},{"ancestorTitles":["DocumentUpdateTool - Utility Methods","getConfirmationDetails"],"duration":4,"failureDetails":[],"failureMessages":[],"fullName":"DocumentUpdateTool - Utility Methods getConfirmationDetails should return correct confirmation details","invocations":1,"location":null,"numPassingAsserts":1,"retryReasons":[],"status":"passed","title":"should return correct confirmation details"},{"ancestorTitles":["DocumentUpdateTool - Utility Methods","getConfirmationDetails"],"duration":7,"failureDetails":[],"failureMessages":[],"fullName":"DocumentUpdateTool - Utility Methods getConfirmationDetails should handle complex update objects","invocations":1,"location":null,"numPassingAsserts":5,"retryReasons":[],"status":"passed","title":"should handle complex update objects"},{"ancestorTitles":["DocumentUpdateTool - Enhanced Testing with D&D 5e system","execute"],"duration":62,"failureDetails":[],"failureMessages":[],"fullName":"DocumentUpdateTool - Enhanced Testing with D&D 5e system execute should successfully update documents for valid types","invocations":1,"location":null,"numPassingAsserts":7,"retryReasons":[],"status":"passed","title":"should successfully update documents for valid types"},{"ancestorTitles":["DocumentUpdateTool - Enhanced Testing with D&D 5e system","execute"],"duration":15,"failureDetails":[],"failureMessages":[],"fullName":"DocumentUpdateTool - Enhanced Testing with D&D 5e system execute should handle document without name","invocations":1,"location":null,"numPassingAsserts":5,"retryReasons":[],"status":"passed","title":"should handle document without name"},{"ancestorTitles":["DocumentUpdateTool - Enhanced Testing with D&D 5e system","execute"],"duration":17,"failureDetails":[],"failureMessages":[],"fullName":"DocumentUpdateTool - Enhanced Testing with D&D 5e system execute should reject delete operations missing index","invocations":1,"location":null,"numPassingAsserts":3,"retryReasons":[],"status":"passed","title":"should reject delete operations missing index"},{"ancestorTitles":["DocumentUpdateTool - Enhanced Testing with D&D 5e system","execute"],"duration":17,"failureDetails":[],"failureMessages":[],"fullName":"DocumentUpdateTool - Enhanced Testing with D&D 5e system execute should compute array payload for delete operations","invocations":1,"location":null,"numPassingAsserts":8,"retryReasons":[],"status":"passed","title":"should compute array payload for delete operations"},{"ancestorTitles":["DocumentUpdateTool - Enhanced Testing with D&D 5e system","execute"],"duration":21,"failureDetails":[],"failureMessages":[],"fullName":"DocumentUpdateTool - Enhanced Testing with D&D 5e system execute should apply embedded delete operations","invocations":1,"location":null,"numPassingAsserts":5,"retryReasons":[],"status":"passed","title":"should apply embedded delete operations"},{"ancestorTitles":["DocumentUpdateTool - Enhanced Testing with D&D 5e system","execute"],"duration":11,"failureDetails":[],"failureMessages":[],"fullName":"DocumentUpdateTool - Enhanced Testing with D&D 5e system execute should convert embedded updates into replace operations","invocations":1,"location":null,"numPassingAsserts":5,"retryReasons":[],"status":"passed","title":"should convert embedded updates into replace operations"},{"ancestorTitles":["DocumentUpdateTool - Enhanced Testing with D&D 5e system","Error Scenario Coverage"],"duration":8,"failureDetails":[],"failureMessages":[],"fullName":"DocumentUpdateTool - Enhanced Testing with D&D 5e system Error Scenario Coverage should handle invalid document type errors","invocations":1,"location":null,"numPassingAsserts":2,"retryReasons":[],"status":"passed","title":"should handle invalid document type errors"},{"ancestorTitles":["DocumentUpdateTool - Enhanced Testing with D&D 5e system","Error Scenario Coverage"],"duration":26,"failureDetails":[],"failureMessages":[],"fullName":"DocumentUpdateTool - Enhanced Testing with D&D 5e system Error Scenario Coverage should handle malformed update data","invocations":1,"location":null,"numPassingAsserts":5,"retryReasons":[],"status":"passed","title":"should handle malformed update data"},{"ancestorTitles":["DocumentUpdateTool - Enhanced Testing with D&D 5e system","Error Scenario Coverage"],"duration":44,"failureDetails":[],"failureMessages":[],"fullName":"DocumentUpdateTool - Enhanced Testing with D&D 5e system Error Scenario Coverage should handle DocumentAPI failures gracefully","invocations":1,"location":null,"numPassingAsserts":10,"retryReasons":[],"status":"passed","title":"should handle DocumentAPI failures gracefully"},{"ancestorTitles":["DocumentUpdateTool - Enhanced Testing with D&D 5e system","Error Scenario Coverage"],"duration":39,"failureDetails":[],"failureMessages":[],"fullName":"DocumentUpdateTool - Enhanced Testing with D&D 5e system Error Scenario Coverage should handle malformed document IDs","invocations":1,"location":null,"numPassingAsserts":5,"retryReasons":[],"status":"passed","title":"should handle malformed document IDs"},{"ancestorTitles":["DocumentUpdateTool - Enhanced Testing with D&D 5e system","Performance Testing"],"duration":31,"failureDetails":[],"failureMessages":[],"fullName":"DocumentUpdateTool - Enhanced Testing with D&D 5e system Performance Testing should complete document updates within performance threshold","invocations":1,"location":null,"numPassingAsserts":2,"retryReasons":[],"status":"passed","title":"should complete document updates within performance threshold"},{"ancestorTitles":["DocumentUpdateTool - Enhanced Testing with D&D 5e system","Performance Testing"],"duration":53,"failureDetails":[],"failureMessages":[],"fullName":"DocumentUpdateTool - Enhanced Testing with D&D 5e system Performance Testing should handle batch updates efficiently","invocations":1,"location":null,"numPassingAsserts":1,"retryReasons":[],"status":"passed","title":"should handle batch updates efficiently"},{"ancestorTitles":["DocumentUpdateTool - Enhanced Testing with D&D 5e system","Edge Case Testing"],"duration":7,"failureDetails":[],"failureMessages":[],"fullName":"DocumentUpdateTool - Enhanced Testing with D&D 5e system Edge Case Testing should handle systems with no document types","invocations":1,"location":null,"numPassingAsserts":0,"retryReasons":[],"status":"passed","title":"should handle systems with no document types"},{"ancestorTitles":["DocumentUpdateTool - Enhanced Testing with D&D 5e system","Edge Case Testing"],"duration":8,"failureDetails":[],"failureMessages":[],"fullName":"DocumentUpdateTool - Enhanced Testing with D&D 5e system Edge Case Testing should handle complex nested updates","invocations":1,"location":null,"numPassingAsserts":5,"retryReasons":[],"status":"passed","title":"should handle complex nested updates"},{"ancestorTitles":["DocumentUpdateTool - Enhanced Testing with D&D 5e system","Edge Case Testing"],"duration":7,"failureDetails":[],"failureMessages":[],"fullName":"DocumentUpdateTool - Enhanced Testing with D&D 5e system Edge Case Testing should handle special characters in updates","invocations":1,"location":null,"numPassingAsserts":5,"retryReasons":[],"status":"passed","title":"should handle special characters in updates"},{"ancestorTitles":["DocumentUpdateTool - Enhanced Testing with Pathfinder 2e system","execute"],"duration":5,"failureDetails":[],"failureMessages":[],"fullName":"DocumentUpdateTool - Enhanced Testing with Pathfinder 2e system execute should successfully update documents for valid types","invocations":1,"location":null,"numPassingAsserts":7,"retryReasons":[],"status":"passed","title":"should successfully update documents for valid types"},{"ancestorTitles":["DocumentUpdateTool - Enhanced Testing with Pathfinder 2e system","execute"],"duration":7,"failureDetails":[],"failureMessages":[],"fullName":"DocumentUpdateTool - Enhanced Testing with Pathfinder 2e system execute should handle document without name","invocations":1,"location":null,"numPassingAsserts":5,"retryReasons":[],"status":"passed","title":"should handle document without name"},{"ancestorTitles":["DocumentUpdateTool - Enhanced Testing with Pathfinder 2e system","execute"],"duration":4,"failureDetails":[],"failureMessages":[],"fullName":"DocumentUpdateTool - Enhanced Testing with Pathfinder 2e system execute should reject delete operations missing index","invocations":1,"location":null,"numPassingAsserts":3,"retryReasons":[],"status":"passed","title":"should reject delete operations missing index"},{"ancestorTitles":["DocumentUpdateTool - Enhanced Testing with Pathfinder 2e system","execute"],"duration":6,"failureDetails":[],"failureMessages":[],"fullName":"DocumentUpdateTool - Enhanced Testing with Pathfinder 2e system execute should compute array payload for delete operations","invocations":1,"location":null,"numPassingAsserts":8,"retryReasons":[],"status":"passed","title":"should compute array payload for delete operations"},{"ancestorTitles":["DocumentUpdateTool - Enhanced Testing with Pathfinder 2e system","execute"],"duration":5,"failureDetails":[],"failureMessages":[],"fullName":"DocumentUpdateTool - Enhanced Testing with Pathfinder 2e system execute should apply embedded delete operations","invocations":1,"location":null,"numPassingAsserts":5,"retryReasons":[],"status":"passed","title":"should apply embedded delete operations"},{"ancestorTitles":["DocumentUpdateTool - Enhanced Testing with Pathfinder 2e system","execute"],"duration":5,"failureDetails":[],"failureMessages":[],"fullName":"DocumentUpdateTool - Enhanced Testing with Pathfinder 2e system execute should convert embedded updates into replace operations","invocations":1,"location":null,"numPassingAsserts":5,"retryReasons":[],"status":"passed","title":"should convert embedded updates into replace operations"},{"ancestorTitles":["DocumentUpdateTool - Enhanced Testing with Pathfinder 2e system","Error Scenario Coverage"],"duration":2,"failureDetails":[],"failureMessages":[],"fullName":"DocumentUpdateTool - Enhanced Testing with Pathfinder 2e system Error Scenario Coverage should handle invalid document type errors","invocations":1,"location":null,"numPassingAsserts":2,"retryReasons":[],"status":"passed","title":"should handle invalid document type errors"},{"ancestorTitles":["DocumentUpdateTool - Enhanced Testing with Pathfinder 2e system","Error Scenario Coverage"],"duration":8,"failureDetails":[],"failureMessages":[],"fullName":"DocumentUpdateTool - Enhanced Testing with Pathfinder 2e system Error Scenario Coverage should handle malformed update data","invocations":1,"location":null,"numPassingAsserts":5,"retryReasons":[],"status":"passed","title":"should handle malformed update data"},{"ancestorTitles":["DocumentUpdateTool - Enhanced Testing with Pathfinder 2e system","Error Scenario Coverage"],"duration":15,"failureDetails":[],"failureMessages":[],"fullName":"DocumentUpdateTool - Enhanced Testing with Pathfinder 2e system Error Scenario Coverage should handle DocumentAPI failures gracefully","invocations":1,"location":null,"numPassingAsserts":10,"retryReasons":[],"status":"passed","title":"should handle DocumentAPI failures gracefully"},{"ancestorTitles":["DocumentUpdateTool - Enhanced Testing with Pathfinder 2e system","Error Scenario Coverage"],"duration":11,"failureDetails":[],"failureMessages":[],"fullName":"DocumentUpdateTool - Enhanced Testing with Pathfinder 2e system Error Scenario Coverage should handle malformed document IDs","invocations":1,"location":null,"numPassingAsserts":5,"retryReasons":[],"status":"passed","title":"should handle malformed document IDs"},{"ancestorTitles":["DocumentUpdateTool - Enhanced Testing with Pathfinder 2e system","Performance Testing"],"duration":4,"failureDetails":[],"failureMessages":[],"fullName":"DocumentUpdateTool - Enhanced Testing with Pathfinder 2e system Performance Testing should complete document updates within performance threshold","invocations":1,"location":null,"numPassingAsserts":2,"retryReasons":[],"status":"passed","title":"should complete document updates within performance threshold"},{"ancestorTitles":["DocumentUpdateTool - Enhanced Testing with Pathfinder 2e system","Performance Testing"],"duration":54,"failureDetails":[],"failureMessages":[],"fullName":"DocumentUpdateTool - Enhanced Testing with Pathfinder 2e system Performance Testing should handle batch updates efficiently","invocations":1,"location":null,"numPassingAsserts":1,"retryReasons":[],"status":"passed","title":"should handle batch updates efficiently"},{"ancestorTitles":["DocumentUpdateTool - Enhanced Testing with Pathfinder 2e system","Edge Case Testing"],"duration":1,"failureDetails":[],"failureMessages":[],"fullName":"DocumentUpdateTool - Enhanced Testing with Pathfinder 2e system Edge Case Testing should handle systems with no document types","invocations":1,"location":null,"numPassingAsserts":0,"retryReasons":[],"status":"passed","title":"should handle systems with no document types"},{"ancestorTitles":["DocumentUpdateTool - Enhanced Testing with Pathfinder 2e system","Edge Case Testing"],"duration":4,"failureDetails":[],"failureMessages":[],"fullName":"DocumentUpdateTool - Enhanced Testing with Pathfinder 2e system Edge Case Testing should handle complex nested updates","invocations":1,"location":null,"numPassingAsserts":5,"retryReasons":[],"status":"passed","title":"should handle complex nested updates"},{"ancestorTitles":["DocumentUpdateTool - Enhanced Testing with Pathfinder 2e system","Edge Case Testing"],"duration":4,"failureDetails":[],"failureMessages":[],"fullName":"DocumentUpdateTool - Enhanced Testing with Pathfinder 2e system Edge Case Testing should handle special characters in updates","invocations":1,"location":null,"numPassingAsserts":5,"retryReasons":[],"status":"passed","title":"should handle special characters in updates"},{"ancestorTitles":["DocumentUpdateTool - Enhanced Testing with Minimal Core system","execute"],"duration":4,"failureDetails":[],"failureMessages":[],"fullName":"DocumentUpdateTool - Enhanced Testing with Minimal Core system execute should successfully update documents for valid types","invocations":1,"location":null,"numPassingAsserts":7,"retryReasons":[],"status":"passed","title":"should successfully update documents for valid types"},{"ancestorTitles":["DocumentUpdateTool - Enhanced Testing with Minimal Core system","execute"],"duration":5,"failureDetails":[],"failureMessages":[],"fullName":"DocumentUpdateTool - Enhanced Testing with Minimal Core system execute should handle document without name","invocations":1,"location":null,"numPassingAsserts":5,"retryReasons":[],"status":"passed","title":"should handle document without name"},{"ancestorTitles":["DocumentUpdateTool - Enhanced Testing with Minimal Core system","execute"],"duration":4,"failureDetails":[],"failureMessages":[],"fullName":"DocumentUpdateTool - Enhanced Testing with Minimal Core system execute should reject delete operations missing index","invocations":1,"location":null,"numPassingAsserts":3,"retryReasons":[],"status":"passed","title":"should reject delete operations missing index"},{"ancestorTitles":["DocumentUpdateTool - Enhanced Testing with Minimal Core system","execute"],"duration":4,"failureDetails":[],"failureMessages":[],"fullName":"DocumentUpdateTool - Enhanced Testing with Minimal Core system execute should compute array payload for delete operations","invocations":1,"location":null,"numPassingAsserts":8,"retryReasons":[],"status":"passed","title":"should compute array payload for delete operations"},{"ancestorTitles":["DocumentUpdateTool - Enhanced Testing with Minimal Core system","execute"],"duration":5,"failureDetails":[],"failureMessages":[],"fullName":"DocumentUpdateTool - Enhanced Testing with Minimal Core system execute should apply embedded delete operations","invocations":1,"location":null,"numPassingAsserts":5,"retryReasons":[],"status":"passed","title":"should apply embedded delete operations"},{"ancestorTitles":["DocumentUpdateTool - Enhanced Testing with Minimal Core system","execute"],"duration":6,"failureDetails":[],"failureMessages":[],"fullName":"DocumentUpdateTool - Enhanced Testing with Minimal Core system execute should convert embedded updates into replace operations","invocations":1,"location":null,"numPassingAsserts":5,"retryReasons":[],"status":"passed","title":"should convert embedded updates into replace operations"},{"ancestorTitles":["DocumentUpdateTool - Enhanced Testing with Minimal Core system","Error Scenario Coverage"],"duration":3,"failureDetails":[],"failureMessages":[],"fullName":"DocumentUpdateTool - Enhanced Testing with Minimal Core system Error Scenario Coverage should handle invalid document type errors","invocations":1,"location":null,"numPassingAsserts":2,"retryReasons":[],"status":"passed","title":"should handle invalid document type errors"},{"ancestorTitles":["DocumentUpdateTool - Enhanced Testing with Minimal Core system","Error Scenario Coverage"],"duration":16,"failureDetails":[],"failureMessages":[],"fullName":"DocumentUpdateTool - Enhanced Testing with Minimal Core system Error Scenario Coverage should handle malformed update data","invocations":1,"location":null,"numPassingAsserts":5,"retryReasons":[],"status":"passed","title":"should handle malformed update data"},{"ancestorTitles":["DocumentUpdateTool - Enhanced Testing with Minimal Core system","Error Scenario Coverage"],"duration":21,"failureDetails":[],"failureMessages":[],"fullName":"DocumentUpdateTool - Enhanced Testing with Minimal Core system Error Scenario Coverage should handle DocumentAPI failures gracefully","invocations":1,"location":null,"numPassingAsserts":10,"retryReasons":[],"status":"passed","title":"should handle DocumentAPI failures gracefully"},{"ancestorTitles":["DocumentUpdateTool - Enhanced Testing with Minimal Core system","Error Scenario Coverage"],"duration":14,"failureDetails":[],"failureMessages":[],"fullName":"DocumentUpdateTool - Enhanced Testing with Minimal Core system Error Scenario Coverage should handle malformed document IDs","invocations":1,"location":null,"numPassingAsserts":5,"retryReasons":[],"status":"passed","title":"should handle malformed document IDs"},{"ancestorTitles":["DocumentUpdateTool - Enhanced Testing with Minimal Core system","Performance Testing"],"duration":9,"failureDetails":[],"failureMessages":[],"fullName":"DocumentUpdateTool - Enhanced Testing with Minimal Core system Performance Testing should complete document updates within performance threshold","invocations":1,"location":null,"numPassingAsserts":2,"retryReasons":[],"status":"passed","title":"should complete document updates within performance threshold"},{"ancestorTitles":["DocumentUpdateTool - Enhanced Testing with Minimal Core system","Performance Testing"],"duration":22,"failureDetails":[],"failureMessages":[],"fullName":"DocumentUpdateTool - Enhanced Testing with Minimal Core system Performance Testing should handle batch updates efficiently","invocations":1,"location":null,"numPassingAsserts":1,"retryReasons":[],"status":"passed","title":"should handle batch updates efficiently"},{"ancestorTitles":["DocumentUpdateTool - Enhanced Testing with Minimal Core system","Edge Case Testing"],"duration":2,"failureDetails":[],"failureMessages":[],"fullName":"DocumentUpdateTool - Enhanced Testing with Minimal Core system Edge Case Testing should handle systems with no document types","invocations":1,"location":null,"numPassingAsserts":0,"retryReasons":[],"status":"passed","title":"should handle systems with no document types"},{"ancestorTitles":["DocumentUpdateTool - Enhanced Testing with Minimal Core system","Edge Case Testing"],"duration":8,"failureDetails":[],"failureMessages":[],"fullName":"DocumentUpdateTool - Enhanced Testing with Minimal Core system Edge Case Testing should handle complex nested updates","invocations":1,"location":null,"numPassingAsserts":5,"retryReasons":[],"status":"passed","title":"should handle complex nested updates"},{"ancestorTitles":["DocumentUpdateTool - Enhanced Testing with Minimal Core system","Edge Case Testing"],"duration":7,"failureDetails":[],"failureMessages":[],"fullName":"DocumentUpdateTool - Enhanced Testing with Minimal Core system Edge Case Testing should handle special characters in updates","invocations":1,"location":null,"numPassingAsserts":5,"retryReasons":[],"status":"passed","title":"should handle special characters in updates"},{"ancestorTitles":["DocumentUpdateTool - Enhanced Testing with Edge Case System system","execute"],"duration":3,"failureDetails":[],"failureMessages":[],"fullName":"DocumentUpdateTool - Enhanced Testing with Edge Case System system execute should successfully update documents for valid types","invocations":1,"location":null,"numPassingAsserts":0,"retryReasons":[],"status":"passed","title":"should successfully update documents for valid types"},{"ancestorTitles":["DocumentUpdateTool - Enhanced Testing with Edge Case System system","execute"],"duration":1,"failureDetails":[],"failureMessages":[],"fullName":"DocumentUpdateTool - Enhanced Testing with Edge Case System system execute should handle document without name","invocations":1,"location":null,"numPassingAsserts":0,"retryReasons":[],"status":"passed","title":"should handle document without name"},{"ancestorTitles":["DocumentUpdateTool - Enhanced Testing with Edge Case System system","execute"],"duration":4,"failureDetails":[],"failureMessages":[],"fullName":"DocumentUpdateTool - Enhanced Testing with Edge Case System system execute should reject delete operations missing index","invocations":1,"location":null,"numPassingAsserts":0,"retryReasons":[],"status":"passed","title":"should reject delete operations missing index"},{"ancestorTitles":["DocumentUpdateTool - Enhanced Testing with Edge Case System system","execute"],"duration":1,"failureDetails":[],"failureMessages":[],"fullName":"DocumentUpdateTool - Enhanced Testing with Edge Case System system execute should compute array payload for delete operations","invocations":1,"location":null,"numPassingAsserts":0,"retryReasons":[],"status":"passed","title":"should compute array payload for delete operations"},{"ancestorTitles":["DocumentUpdateTool - Enhanced Testing with Edge Case System system","execute"],"duration":1,"failureDetails":[],"failureMessages":[],"fullName":"DocumentUpdateTool - Enhanced Testing with Edge Case System system execute should apply embedded delete operations","invocations":1,"location":null,"numPassingAsserts":0,"retryReasons":[],"status":"passed","title":"should apply embedded delete operations"},{"ancestorTitles":["DocumentUpdateTool - Enhanced Testing with Edge Case System system","execute"],"duration":1,"failureDetails":[],"failureMessages":[],"fullName":"DocumentUpdateTool - Enhanced Testing with Edge Case System system execute should convert embedded updates into replace operations","invocations":1,"location":null,"numPassingAsserts":0,"retryReasons":[],"status":"passed","title":"should convert embedded updates into replace operations"},{"ancestorTitles":["DocumentUpdateTool - Enhanced Testing with Edge Case System system","Error Scenario Coverage"],"duration":6,"failureDetails":[],"failureMessages":[],"fullName":"DocumentUpdateTool - Enhanced Testing with Edge Case System system Error Scenario Coverage should handle invalid document type errors","invocations":1,"location":null,"numPassingAsserts":2,"retryReasons":[],"status":"passed","title":"should handle invalid document type errors"},{"ancestorTitles":["DocumentUpdateTool - Enhanced Testing with Edge Case System system","Error Scenario Coverage"],"duration":4,"failureDetails":[],"failureMessages":[],"fullName":"DocumentUpdateTool - Enhanced Testing with Edge Case System system Error Scenario Coverage should handle malformed update data","invocations":1,"location":null,"numPassingAsserts":0,"retryReasons":[],"status":"passed","title":"should handle malformed update data"},{"ancestorTitles":["DocumentUpdateTool - Enhanced Testing with Edge Case System system","Error Scenario Coverage"],"duration":7,"failureDetails":[],"failureMessages":[],"fullName":"DocumentUpdateTool - Enhanced Testing with Edge Case System system Error Scenario Coverage should handle DocumentAPI failures gracefully","invocations":1,"location":null,"numPassingAsserts":0,"retryReasons":[],"status":"passed","title":"should handle DocumentAPI failures gracefully"},{"ancestorTitles":["DocumentUpdateTool - Enhanced Testing with Edge Case System system","Error Scenario Coverage"],"duration":4,"failureDetails":[],"failureMessages":[],"fullName":"DocumentUpdateTool - Enhanced Testing with Edge Case System system Error Scenario Coverage should handle malformed document IDs","invocations":1,"location":null,"numPassingAsserts":0,"retryReasons":[],"status":"passed","title":"should handle malformed document IDs"},{"ancestorTitles":["DocumentUpdateTool - Enhanced Testing with Edge Case System system","Performance Testing"],"duration":6,"failureDetails":[],"failureMessages":[],"fullName":"DocumentUpdateTool - Enhanced Testing with Edge Case System system Performance Testing should complete document updates within performance threshold","invocations":1,"location":null,"numPassingAsserts":0,"retryReasons":[],"status":"passed","title":"should complete document updates within performance threshold"},{"ancestorTitles":["DocumentUpdateTool - Enhanced Testing with Edge Case System system","Performance Testing"],"duration":4,"failureDetails":[],"failureMessages":[],"fullName":"DocumentUpdateTool - Enhanced Testing with Edge Case System system Performance Testing should handle batch updates efficiently","invocations":1,"location":null,"numPassingAsserts":0,"retryReasons":[],"status":"passed","title":"should handle batch updates efficiently"},{"ancestorTitles":["DocumentUpdateTool - Enhanced Testing with Edge Case System system","Edge Case Testing"],"duration":9,"failureDetails":[],"failureMessages":[],"fullName":"DocumentUpdateTool - Enhanced Testing with Edge Case System system Edge Case Testing should handle systems with no document types","invocations":1,"location":null,"numPassingAsserts":2,"retryReasons":[],"status":"passed","title":"should handle systems with no document types"},{"ancestorTitles":["DocumentUpdateTool - Enhanced Testing with Edge Case System system","Edge Case Testing"],"duration":8,"failureDetails":[],"failureMessages":[],"fullName":"DocumentUpdateTool - Enhanced Testing with Edge Case System system Edge Case Testing should handle complex nested updates","invocations":1,"location":null,"numPassingAsserts":0,"retryReasons":[],"status":"passed","title":"should handle complex nested updates"},{"ancestorTitles":["DocumentUpdateTool - Enhanced Testing with Edge Case System system","Edge Case Testing"],"duration":1,"failureDetails":[],"failureMessages":[],"fullName":"DocumentUpdateTool - Enhanced Testing with Edge Case System system Edge Case Testing should handle special characters in updates","invocations":1,"location":null,"numPassingAsserts":0,"retryReasons":[],"status":"passed","title":"should handle special characters in updates"},{"ancestorTitles":["DocumentUpdateTool - Legacy Compatibility","execute - legacy compatibility"],"duration":16,"failureDetails":[],"failureMessages":[],"fullName":"DocumentUpdateTool - Legacy Compatibility execute - legacy compatibility should successfully update a document","invocations":1,"location":null,"numPassingAsserts":6,"retryReasons":[],"status":"passed","title":"should successfully update a document"},{"ancestorTitles":["DocumentUpdateTool - Legacy Compatibility","execute - legacy compatibility"],"duration":10,"failureDetails":[],"failureMessages":[],"fullName":"DocumentUpdateTool - Legacy Compatibility execute - legacy compatibility should handle document without name","invocations":1,"location":null,"numPassingAsserts":5,"retryReasons":[],"status":"passed","title":"should handle document without name"},{"ancestorTitles":["DocumentUpdateTool - Legacy Compatibility","execute error handling"],"duration":13,"failureDetails":[],"failureMessages":[],"fullName":"DocumentUpdateTool - Legacy Compatibility execute error handling should return error for invalid document type","invocations":1,"location":null,"numPassingAsserts":4,"retryReasons":[],"status":"passed","title":"should return error for invalid document type"},{"ancestorTitles":["DocumentUpdateTool - Legacy Compatibility","execute error handling"],"duration":98,"failureDetails":[],"failureMessages":[],"fullName":"DocumentUpdateTool - Legacy Compatibility execute error handling should handle DocumentAPI errors","invocations":1,"location":null,"numPassingAsserts":3,"retryReasons":[],"status":"passed","title":"should handle DocumentAPI errors"},{"ancestorTitles":["DocumentUpdateTool - Legacy Compatibility","execute validation errors"],"duration":29,"failureDetails":[],"failureMessages":[],"fullName":"DocumentUpdateTool - Legacy Compatibility execute validation errors should handle validation errors from FoundryVTT","invocations":1,"location":null,"numPassingAsserts":3,"retryReasons":[],"status":"passed","title":"should handle validation errors from FoundryVTT"},{"ancestorTitles":["DocumentUpdateTool - Legacy Compatibility","execute system data updates"],"duration":33,"failureDetails":[],"failureMessages":[],"fullName":"DocumentUpdateTool - Legacy Compatibility execute system data updates should handle system data updates","invocations":1,"location":null,"numPassingAsserts":5,"retryReasons":[],"status":"passed","title":"should handle system data updates"},{"ancestorTitles":["DocumentUpdateTool - Legacy Compatibility","execute system data updates"],"duration":11,"failureDetails":[],"failureMessages":[],"fullName":"DocumentUpdateTool - Legacy Compatibility execute system data updates should handle partial updates","invocations":1,"location":null,"numPassingAsserts":4,"retryReasons":[],"status":"passed","title":"should handle partial updates"},{"ancestorTitles":["DocumentUpdateTool - Legacy Compatibility","execute parameter validation"],"duration":10,"failureDetails":[],"failureMessages":[],"fullName":"DocumentUpdateTool - Legacy Compatibility execute parameter validation should validate parameters correctly","invocations":1,"location":null,"numPassingAsserts":2,"retryReasons":[],"status":"passed","title":"should validate parameters correctly"},{"ancestorTitles":["DocumentUpdateTool - Legacy Compatibility","inheritance from BaseTool"],"duration":2,"failureDetails":[],"failureMessages":[],"fullName":"DocumentUpdateTool - Legacy Compatibility inheritance from BaseTool should inherit isValidDocumentType method","invocations":1,"location":null,"numPassingAsserts":3,"retryReasons":[],"status":"passed","title":"should inherit isValidDocumentType method"},{"ancestorTitles":["DocumentUpdateTool - Legacy Compatibility","inheritance from BaseTool"],"duration":4,"failureDetails":[],"failureMessages":[],"fullName":"DocumentUpdateTool - Legacy Compatibility inheritance from BaseTool should have requiresConfirmation set to true","invocations":1,"location":null,"numPassingAsserts":1,"retryReasons":[],"status":"passed","title":"should have requiresConfirmation set to true"},{"ancestorTitles":["DocumentUpdateTool - System-Agnostic Validation"],"duration":11,"failureDetails":[],"failureMessages":[],"fullName":"DocumentUpdateTool - System-Agnostic Validation should maintain consistent behavior across all systems","invocations":1,"location":null,"numPassingAsserts":3,"retryReasons":[],"status":"passed","title":"should maintain consistent behavior across all systems"}],"endTime":1765342639012,"message":"","name":"/home/patrick/projects/simulacrum-foundry/tests/tools/document-update.test.js","startTime":1765342636774,"status":"passed","summary":""},{"assertionResults":[{"ancestorTitles":["FoundryVTT Lifecycle Integration","Three-Phase Initialization"],"duration":10,"failureDetails":[],"failureMessages":[],"fullName":"FoundryVTT Lifecycle Integration Three-Phase Initialization should register init hook without accessing CONFIG","invocations":1,"location":null,"numPassingAsserts":2,"retryReasons":[],"status":"passed","title":"should register init hook without accessing CONFIG"},{"ancestorTitles":["FoundryVTT Lifecycle Integration","Three-Phase Initialization"],"duration":7,"failureDetails":[],"failureMessages":[],"fullName":"FoundryVTT Lifecycle Integration Three-Phase Initialization should register ready hook for system initialization","invocations":1,"location":null,"numPassingAsserts":2,"retryReasons":[],"status":"passed","title":"should register ready hook for system initialization"},{"ancestorTitles":["FoundryVTT Lifecycle Integration","Three-Phase Initialization"],"duration":2,"failureDetails":[],"failureMessages":[],"fullName":"FoundryVTT Lifecycle Integration Three-Phase Initialization should execute hooks in correct order","invocations":1,"location":null,"numPassingAsserts":4,"retryReasons":[],"status":"passed","title":"should execute hooks in correct order"},{"ancestorTitles":["FoundryVTT Lifecycle Integration","Three-Phase Initialization"],"duration":1,"failureDetails":[],"failureMessages":[],"fullName":"FoundryVTT Lifecycle Integration Three-Phase Initialization should handle dependency initialization order","invocations":1,"location":null,"numPassingAsserts":1,"retryReasons":[],"status":"passed","title":"should handle dependency initialization order"},{"ancestorTitles":["FoundryVTT Lifecycle Integration","Environment Validation"],"duration":10,"failureDetails":[],"failureMessages":[],"fullName":"FoundryVTT Lifecycle Integration Environment Validation should validate CONFIG availability before schema discovery","invocations":1,"location":null,"numPassingAsserts":2,"retryReasons":[],"status":"passed","title":"should validate CONFIG availability before schema discovery"},{"ancestorTitles":["FoundryVTT Lifecycle Integration","Environment Validation"],"duration":19,"failureDetails":[],"failureMessages":[],"fullName":"FoundryVTT Lifecycle Integration Environment Validation should handle initialization failure gracefully","invocations":1,"location":null,"numPassingAsserts":2,"retryReasons":[],"status":"passed","title":"should handle initialization failure gracefully"},{"ancestorTitles":["FoundryVTT Lifecycle Integration","Environment Validation"],"duration":1,"failureDetails":[],"failureMessages":[],"fullName":"FoundryVTT Lifecycle Integration Environment Validation should validate game readiness before document operations","invocations":1,"location":null,"numPassingAsserts":1,"retryReasons":[],"status":"passed","title":"should validate game readiness before document operations"},{"ancestorTitles":["FoundryVTT Lifecycle Integration","Document Change Hook Integration"],"duration":4,"failureDetails":[],"failureMessages":[],"fullName":"FoundryVTT Lifecycle Integration Document Change Hook Integration should register document change hooks","invocations":1,"location":null,"numPassingAsserts":3,"retryReasons":[],"status":"passed","title":"should register document change hooks"},{"ancestorTitles":["FoundryVTT Lifecycle Integration","Document Change Hook Integration"],"duration":2,"failureDetails":[],"failureMessages":[],"fullName":"FoundryVTT Lifecycle Integration Document Change Hook Integration should handle document changes only when module is ready","invocations":1,"location":null,"numPassingAsserts":1,"retryReasons":[],"status":"passed","title":"should handle document changes only when module is ready"},{"ancestorTitles":["FoundryVTT Lifecycle Integration","Error Boundaries and Recovery"],"duration":8,"failureDetails":[],"failureMessages":[],"fullName":"FoundryVTT Lifecycle Integration Error Boundaries and Recovery should prevent cascade failures between components","invocations":1,"location":null,"numPassingAsserts":4,"retryReasons":[],"status":"passed","title":"should prevent cascade failures between components"},{"ancestorTitles":["Cross-Component Integration with D&D 5e system","Component Initialization Chain"],"duration":3,"failureDetails":[],"failureMessages":[],"fullName":"Cross-Component Integration with D&D 5e system Component Initialization Chain should initialize all components without errors","invocations":1,"location":null,"numPassingAsserts":4,"retryReasons":[],"status":"passed","title":"should initialize all components without errors"},{"ancestorTitles":["Cross-Component Integration with D&D 5e system","Component Initialization Chain"],"duration":7,"failureDetails":[],"failureMessages":[],"fullName":"Cross-Component Integration with D&D 5e system Component Initialization Chain should validate component readiness checks","invocations":1,"location":null,"numPassingAsserts":3,"retryReasons":[],"status":"passed","title":"should validate component readiness checks"},{"ancestorTitles":["Cross-Component Integration with D&D 5e system","Tool Registry Integration"],"duration":1,"failureDetails":[],"failureMessages":[],"fullName":"Cross-Component Integration with D&D 5e system Tool Registry Integration should register tools with valid schemas","invocations":1,"location":null,"numPassingAsserts":1,"retryReasons":[],"status":"passed","title":"should register tools with valid schemas"},{"ancestorTitles":["Cross-Component Integration with D&D 5e system","Tool Registry Integration"],"duration":5,"failureDetails":[],"failureMessages":[],"fullName":"Cross-Component Integration with D&D 5e system Tool Registry Integration should validate tool execution flow","invocations":1,"location":null,"numPassingAsserts":3,"retryReasons":[],"status":"passed","title":"should validate tool execution flow"},{"ancestorTitles":["Cross-Component Integration with D&D 5e system","Document API Integration"],"duration":7,"failureDetails":[],"failureMessages":[],"fullName":"Cross-Component Integration with D&D 5e system Document API Integration should handle document operations through API","invocations":1,"location":null,"numPassingAsserts":8,"retryReasons":[],"status":"passed","title":"should handle document operations through API"},{"ancestorTitles":["Cross-Component Integration with D&D 5e system","Document API Integration"],"duration":8,"failureDetails":[],"failureMessages":[],"fullName":"Cross-Component Integration with D&D 5e system Document API Integration should validate system-agnostic operation","invocations":1,"location":null,"numPassingAsserts":2,"retryReasons":[],"status":"passed","title":"should validate system-agnostic operation"},{"ancestorTitles":["Cross-Component Integration with D&D 5e system","AI Client Integration"],"duration":1,"failureDetails":[],"failureMessages":[],"fullName":"Cross-Component Integration with D&D 5e system AI Client Integration should initialize with proper configuration","invocations":1,"location":null,"numPassingAsserts":1,"retryReasons":[],"status":"passed","title":"should initialize with proper configuration"},{"ancestorTitles":["Cross-Component Integration with D&D 5e system","AI Client Integration"],"duration":2,"failureDetails":[],"failureMessages":[],"fullName":"Cross-Component Integration with D&D 5e system AI Client Integration should handle conversation management integration","invocations":1,"location":null,"numPassingAsserts":3,"retryReasons":[],"status":"passed","title":"should handle conversation management integration"},{"ancestorTitles":["Cross-Component Integration with D&D 5e system","Full Workflow Integration"],"duration":1,"failureDetails":[],"failureMessages":[],"fullName":"Cross-Component Integration with D&D 5e system Full Workflow Integration should support complete AI workflow simulation","invocations":1,"location":null,"numPassingAsserts":1,"retryReasons":[],"status":"passed","title":"should support complete AI workflow simulation"},{"ancestorTitles":["Cross-Component Integration with D&D 5e system","Full Workflow Integration"],"duration":2,"failureDetails":[],"failureMessages":[],"fullName":"Cross-Component Integration with D&D 5e system Full Workflow Integration should handle error propagation across components","invocations":1,"location":null,"numPassingAsserts":1,"retryReasons":[],"status":"passed","title":"should handle error propagation across components"},{"ancestorTitles":["Cross-Component Integration with D&D 5e system","Settings Integration"],"duration":1,"failureDetails":[],"failureMessages":[],"fullName":"Cross-Component Integration with D&D 5e system Settings Integration should propagate settings changes across components","invocations":1,"location":null,"numPassingAsserts":1,"retryReasons":[],"status":"passed","title":"should propagate settings changes across components"},{"ancestorTitles":["Cross-Component Integration with D&D 5e system","Permission Integration"],"duration":1,"failureDetails":[],"failureMessages":[],"fullName":"Cross-Component Integration with D&D 5e system Permission Integration should validate permissions across component boundaries","invocations":1,"location":null,"numPassingAsserts":2,"retryReasons":[],"status":"passed","title":"should validate permissions across component boundaries"},{"ancestorTitles":["Cross-Component Integration with Pathfinder 2e system","Component Initialization Chain"],"duration":1,"failureDetails":[],"failureMessages":[],"fullName":"Cross-Component Integration with Pathfinder 2e system Component Initialization Chain should initialize all components without errors","invocations":1,"location":null,"numPassingAsserts":4,"retryReasons":[],"status":"passed","title":"should initialize all components without errors"},{"ancestorTitles":["Cross-Component Integration with Pathfinder 2e system","Component Initialization Chain"],"duration":1,"failureDetails":[],"failureMessages":[],"fullName":"Cross-Component Integration with Pathfinder 2e system Component Initialization Chain should validate component readiness checks","invocations":1,"location":null,"numPassingAsserts":3,"retryReasons":[],"status":"passed","title":"should validate component readiness checks"},{"ancestorTitles":["Cross-Component Integration with Pathfinder 2e system","Tool Registry Integration"],"duration":0,"failureDetails":[],"failureMessages":[],"fullName":"Cross-Component Integration with Pathfinder 2e system Tool Registry Integration should register tools with valid schemas","invocations":1,"location":null,"numPassingAsserts":1,"retryReasons":[],"status":"passed","title":"should register tools with valid schemas"},{"ancestorTitles":["Cross-Component Integration with Pathfinder 2e system","Tool Registry Integration"],"duration":1,"failureDetails":[],"failureMessages":[],"fullName":"Cross-Component Integration with Pathfinder 2e system Tool Registry Integration should validate tool execution flow","invocations":1,"location":null,"numPassingAsserts":3,"retryReasons":[],"status":"passed","title":"should validate tool execution flow"},{"ancestorTitles":["Cross-Component Integration with Pathfinder 2e system","Document API Integration"],"duration":3,"failureDetails":[],"failureMessages":[],"fullName":"Cross-Component Integration with Pathfinder 2e system Document API Integration should handle document operations through API","invocations":1,"location":null,"numPassingAsserts":6,"retryReasons":[],"status":"passed","title":"should handle document operations through API"},{"ancestorTitles":["Cross-Component Integration with Pathfinder 2e system","Document API Integration"],"duration":2,"failureDetails":[],"failureMessages":[],"fullName":"Cross-Component Integration with Pathfinder 2e system Document API Integration should validate system-agnostic operation","invocations":1,"location":null,"numPassingAsserts":2,"retryReasons":[],"status":"passed","title":"should validate system-agnostic operation"},{"ancestorTitles":["Cross-Component Integration with Pathfinder 2e system","AI Client Integration"],"duration":1,"failureDetails":[],"failureMessages":[],"fullName":"Cross-Component Integration with Pathfinder 2e system AI Client Integration should initialize with proper configuration","invocations":1,"location":null,"numPassingAsserts":1,"retryReasons":[],"status":"passed","title":"should initialize with proper configuration"},{"ancestorTitles":["Cross-Component Integration with Pathfinder 2e system","AI Client Integration"],"duration":1,"failureDetails":[],"failureMessages":[],"fullName":"Cross-Component Integration with Pathfinder 2e system AI Client Integration should handle conversation management integration","invocations":1,"location":null,"numPassingAsserts":3,"retryReasons":[],"status":"passed","title":"should handle conversation management integration"},{"ancestorTitles":["Cross-Component Integration with Pathfinder 2e system","Full Workflow Integration"],"duration":2,"failureDetails":[],"failureMessages":[],"fullName":"Cross-Component Integration with Pathfinder 2e system Full Workflow Integration should support complete AI workflow simulation","invocations":1,"location":null,"numPassingAsserts":1,"retryReasons":[],"status":"passed","title":"should support complete AI workflow simulation"},{"ancestorTitles":["Cross-Component Integration with Pathfinder 2e system","Full Workflow Integration"],"duration":2,"failureDetails":[],"failureMessages":[],"fullName":"Cross-Component Integration with Pathfinder 2e system Full Workflow Integration should handle error propagation across components","invocations":1,"location":null,"numPassingAsserts":1,"retryReasons":[],"status":"passed","title":"should handle error propagation across components"},{"ancestorTitles":["Cross-Component Integration with Pathfinder 2e system","Settings Integration"],"duration":1,"failureDetails":[],"failureMessages":[],"fullName":"Cross-Component Integration with Pathfinder 2e system Settings Integration should propagate settings changes across components","invocations":1,"location":null,"numPassingAsserts":1,"retryReasons":[],"status":"passed","title":"should propagate settings changes across components"},{"ancestorTitles":["Cross-Component Integration with Pathfinder 2e system","Permission Integration"],"duration":1,"failureDetails":[],"failureMessages":[],"fullName":"Cross-Component Integration with Pathfinder 2e system Permission Integration should validate permissions across component boundaries","invocations":1,"location":null,"numPassingAsserts":2,"retryReasons":[],"status":"passed","title":"should validate permissions across component boundaries"},{"ancestorTitles":["Cross-Component Integration with Minimal Core system","Component Initialization Chain"],"duration":1,"failureDetails":[],"failureMessages":[],"fullName":"Cross-Component Integration with Minimal Core system Component Initialization Chain should initialize all components without errors","invocations":1,"location":null,"numPassingAsserts":4,"retryReasons":[],"status":"passed","title":"should initialize all components without errors"},{"ancestorTitles":["Cross-Component Integration with Minimal Core system","Component Initialization Chain"],"duration":1,"failureDetails":[],"failureMessages":[],"fullName":"Cross-Component Integration with Minimal Core system Component Initialization Chain should validate component readiness checks","invocations":1,"location":null,"numPassingAsserts":3,"retryReasons":[],"status":"passed","title":"should validate component readiness checks"},{"ancestorTitles":["Cross-Component Integration with Minimal Core system","Tool Registry Integration"],"duration":2,"failureDetails":[],"failureMessages":[],"fullName":"Cross-Component Integration with Minimal Core system Tool Registry Integration should register tools with valid schemas","invocations":1,"location":null,"numPassingAsserts":1,"retryReasons":[],"status":"passed","title":"should register tools with valid schemas"},{"ancestorTitles":["Cross-Component Integration with Minimal Core system","Tool Registry Integration"],"duration":1,"failureDetails":[],"failureMessages":[],"fullName":"Cross-Component Integration with Minimal Core system Tool Registry Integration should validate tool execution flow","invocations":1,"location":null,"numPassingAsserts":3,"retryReasons":[],"status":"passed","title":"should validate tool execution flow"},{"ancestorTitles":["Cross-Component Integration with Minimal Core system","Document API Integration"],"duration":3,"failureDetails":[],"failureMessages":[],"fullName":"Cross-Component Integration with Minimal Core system Document API Integration should handle document operations through API","invocations":1,"location":null,"numPassingAsserts":3,"retryReasons":[],"status":"passed","title":"should handle document operations through API"},{"ancestorTitles":["Cross-Component Integration with Minimal Core system","Document API Integration"],"duration":2,"failureDetails":[],"failureMessages":[],"fullName":"Cross-Component Integration with Minimal Core system Document API Integration should validate system-agnostic operation","invocations":1,"location":null,"numPassingAsserts":2,"retryReasons":[],"status":"passed","title":"should validate system-agnostic operation"},{"ancestorTitles":["Cross-Component Integration with Minimal Core system","AI Client Integration"],"duration":1,"failureDetails":[],"failureMessages":[],"fullName":"Cross-Component Integration with Minimal Core system AI Client Integration should initialize with proper configuration","invocations":1,"location":null,"numPassingAsserts":1,"retryReasons":[],"status":"passed","title":"should initialize with proper configuration"},{"ancestorTitles":["Cross-Component Integration with Minimal Core system","AI Client Integration"],"duration":1,"failureDetails":[],"failureMessages":[],"fullName":"Cross-Component Integration with Minimal Core system AI Client Integration should handle conversation management integration","invocations":1,"location":null,"numPassingAsserts":3,"retryReasons":[],"status":"passed","title":"should handle conversation management integration"},{"ancestorTitles":["Cross-Component Integration with Minimal Core system","Full Workflow Integration"],"duration":1,"failureDetails":[],"failureMessages":[],"fullName":"Cross-Component Integration with Minimal Core system Full Workflow Integration should support complete AI workflow simulation","invocations":1,"location":null,"numPassingAsserts":1,"retryReasons":[],"status":"passed","title":"should support complete AI workflow simulation"},{"ancestorTitles":["Cross-Component Integration with Minimal Core system","Full Workflow Integration"],"duration":1,"failureDetails":[],"failureMessages":[],"fullName":"Cross-Component Integration with Minimal Core system Full Workflow Integration should handle error propagation across components","invocations":1,"location":null,"numPassingAsserts":1,"retryReasons":[],"status":"passed","title":"should handle error propagation across components"},{"ancestorTitles":["Cross-Component Integration with Minimal Core system","Settings Integration"],"duration":1,"failureDetails":[],"failureMessages":[],"fullName":"Cross-Component Integration with Minimal Core system Settings Integration should propagate settings changes across components","invocations":1,"location":null,"numPassingAsserts":1,"retryReasons":[],"status":"passed","title":"should propagate settings changes across components"},{"ancestorTitles":["Cross-Component Integration with Minimal Core system","Permission Integration"],"duration":1,"failureDetails":[],"failureMessages":[],"fullName":"Cross-Component Integration with Minimal Core system Permission Integration should validate permissions across component boundaries","invocations":1,"location":null,"numPassingAsserts":2,"retryReasons":[],"status":"passed","title":"should validate permissions across component boundaries"},{"ancestorTitles":["Cross-Component Integration with Edge Case System system","Component Initialization Chain"],"duration":2,"failureDetails":[],"failureMessages":[],"fullName":"Cross-Component Integration with Edge Case System system Component Initialization Chain should initialize all components without errors","invocations":1,"location":null,"numPassingAsserts":4,"retryReasons":[],"status":"passed","title":"should initialize all components without errors"},{"ancestorTitles":["Cross-Component Integration with Edge Case System system","Component Initialization Chain"],"duration":1,"failureDetails":[],"failureMessages":[],"fullName":"Cross-Component Integration with Edge Case System system Component Initialization Chain should validate component readiness checks","invocations":1,"location":null,"numPassingAsserts":3,"retryReasons":[],"status":"passed","title":"should validate component readiness checks"},{"ancestorTitles":["Cross-Component Integration with Edge Case System system","Tool Registry Integration"],"duration":1,"failureDetails":[],"failureMessages":[],"fullName":"Cross-Component Integration with Edge Case System system Tool Registry Integration should register tools with valid schemas","invocations":1,"location":null,"numPassingAsserts":1,"retryReasons":[],"status":"passed","title":"should register tools with valid schemas"},{"ancestorTitles":["Cross-Component Integration with Edge Case System system","Tool Registry Integration"],"duration":2,"failureDetails":[],"failureMessages":[],"fullName":"Cross-Component Integration with Edge Case System system Tool Registry Integration should validate tool execution flow","invocations":1,"location":null,"numPassingAsserts":3,"retryReasons":[],"status":"passed","title":"should validate tool execution flow"},{"ancestorTitles":["Cross-Component Integration with Edge Case System system","Document API Integration"],"duration":0,"failureDetails":[],"failureMessages":[],"fullName":"Cross-Component Integration with Edge Case System system Document API Integration should handle document operations through API","invocations":1,"location":null,"numPassingAsserts":0,"retryReasons":[],"status":"passed","title":"should handle document operations through API"},{"ancestorTitles":["Cross-Component Integration with Edge Case System system","Document API Integration"],"duration":1,"failureDetails":[],"failureMessages":[],"fullName":"Cross-Component Integration with Edge Case System system Document API Integration should validate system-agnostic operation","invocations":1,"location":null,"numPassingAsserts":1,"retryReasons":[],"status":"passed","title":"should validate system-agnostic operation"},{"ancestorTitles":["Cross-Component Integration with Edge Case System system","AI Client Integration"],"duration":2,"failureDetails":[],"failureMessages":[],"fullName":"Cross-Component Integration with Edge Case System system AI Client Integration should initialize with proper configuration","invocations":1,"location":null,"numPassingAsserts":1,"retryReasons":[],"status":"passed","title":"should initialize with proper configuration"},{"ancestorTitles":["Cross-Component Integration with Edge Case System system","AI Client Integration"],"duration":2,"failureDetails":[],"failureMessages":[],"fullName":"Cross-Component Integration with Edge Case System system AI Client Integration should handle conversation management integration","invocations":1,"location":null,"numPassingAsserts":3,"retryReasons":[],"status":"passed","title":"should handle conversation management integration"},{"ancestorTitles":["Cross-Component Integration with Edge Case System system","Full Workflow Integration"],"duration":2,"failureDetails":[],"failureMessages":[],"fullName":"Cross-Component Integration with Edge Case System system Full Workflow Integration should support complete AI workflow simulation","invocations":1,"location":null,"numPassingAsserts":1,"retryReasons":[],"status":"passed","title":"should support complete AI workflow simulation"},{"ancestorTitles":["Cross-Component Integration with Edge Case System system","Full Workflow Integration"],"duration":3,"failureDetails":[],"failureMessages":[],"fullName":"Cross-Component Integration with Edge Case System system Full Workflow Integration should handle error propagation across components","invocations":1,"location":null,"numPassingAsserts":1,"retryReasons":[],"status":"passed","title":"should handle error propagation across components"},{"ancestorTitles":["Cross-Component Integration with Edge Case System system","Settings Integration"],"duration":2,"failureDetails":[],"failureMessages":[],"fullName":"Cross-Component Integration with Edge Case System system Settings Integration should propagate settings changes across components","invocations":1,"location":null,"numPassingAsserts":1,"retryReasons":[],"status":"passed","title":"should propagate settings changes across components"},{"ancestorTitles":["Cross-Component Integration with Edge Case System system","Permission Integration"],"duration":1,"failureDetails":[],"failureMessages":[],"fullName":"Cross-Component Integration with Edge Case System system Permission Integration should validate permissions across component boundaries","invocations":1,"location":null,"numPassingAsserts":2,"retryReasons":[],"status":"passed","title":"should validate permissions across component boundaries"}],"endTime":1765342639279,"message":"","name":"/home/patrick/projects/simulacrum-foundry/tests/integration/cross-component.test.js","startTime":1765342638875,"status":"passed","summary":""},{"assertionResults":[{"ancestorTitles":["DocumentListTool - constructor"],"duration":141,"failureDetails":[],"failureMessages":[],"fullName":"DocumentListTool - constructor should initialize with correct properties","invocations":1,"location":null,"numPassingAsserts":3,"retryReasons":[],"status":"passed","title":"should initialize with correct properties"},{"ancestorTitles":["DocumentListTool - execute validation with D&D 5e system"],"duration":12,"failureDetails":[],"failureMessages":[],"fullName":"DocumentListTool - execute validation with D&D 5e system should handle invalid document type","invocations":1,"location":null,"numPassingAsserts":3,"retryReasons":[],"status":"passed","title":"should handle invalid document type"},{"ancestorTitles":["DocumentListTool - execute validation with D&D 5e system"],"duration":27,"failureDetails":[],"failureMessages":[],"fullName":"DocumentListTool - execute validation with D&D 5e system should accept valid document types for the current system","invocations":1,"location":null,"numPassingAsserts":16,"retryReasons":[],"status":"passed","title":"should accept valid document types for the current system"},{"ancestorTitles":["DocumentListTool - execute validation with D&D 5e system"],"duration":4,"failureDetails":[],"failureMessages":[],"fullName":"DocumentListTool - execute validation with D&D 5e system should handle systems with no document types","invocations":1,"location":null,"numPassingAsserts":0,"retryReasons":[],"status":"passed","title":"should handle systems with no document types"},{"ancestorTitles":["DocumentListTool - execute validation with Pathfinder 2e system"],"duration":5,"failureDetails":[],"failureMessages":[],"fullName":"DocumentListTool - execute validation with Pathfinder 2e system should handle invalid document type","invocations":1,"location":null,"numPassingAsserts":3,"retryReasons":[],"status":"passed","title":"should handle invalid document type"},{"ancestorTitles":["DocumentListTool - execute validation with Pathfinder 2e system"],"duration":67,"failureDetails":[],"failureMessages":[],"fullName":"DocumentListTool - execute validation with Pathfinder 2e system should accept valid document types for the current system","invocations":1,"location":null,"numPassingAsserts":12,"retryReasons":[],"status":"passed","title":"should accept valid document types for the current system"},{"ancestorTitles":["DocumentListTool - execute validation with Pathfinder 2e system"],"duration":1,"failureDetails":[],"failureMessages":[],"fullName":"DocumentListTool - execute validation with Pathfinder 2e system should handle systems with no document types","invocations":1,"location":null,"numPassingAsserts":0,"retryReasons":[],"status":"passed","title":"should handle systems with no document types"},{"ancestorTitles":["DocumentListTool - execute validation with Minimal Core system"],"duration":16,"failureDetails":[],"failureMessages":[],"fullName":"DocumentListTool - execute validation with Minimal Core system should handle invalid document type","invocations":1,"location":null,"numPassingAsserts":3,"retryReasons":[],"status":"passed","title":"should handle invalid document type"},{"ancestorTitles":["DocumentListTool - execute validation with Minimal Core system"],"duration":9,"failureDetails":[],"failureMessages":[],"fullName":"DocumentListTool - execute validation with Minimal Core system should accept valid document types for the current system","invocations":1,"location":null,"numPassingAsserts":6,"retryReasons":[],"status":"passed","title":"should accept valid document types for the current system"},{"ancestorTitles":["DocumentListTool - execute validation with Minimal Core system"],"duration":2,"failureDetails":[],"failureMessages":[],"fullName":"DocumentListTool - execute validation with Minimal Core system should handle systems with no document types","invocations":1,"location":null,"numPassingAsserts":0,"retryReasons":[],"status":"passed","title":"should handle systems with no document types"},{"ancestorTitles":["DocumentListTool - execute validation with Edge Case System system"],"duration":3,"failureDetails":[],"failureMessages":[],"fullName":"DocumentListTool - execute validation with Edge Case System system should handle invalid document type","invocations":1,"location":null,"numPassingAsserts":3,"retryReasons":[],"status":"passed","title":"should handle invalid document type"},{"ancestorTitles":["DocumentListTool - execute validation with Edge Case System system"],"duration":4,"failureDetails":[],"failureMessages":[],"fullName":"DocumentListTool - execute validation with Edge Case System system should accept valid document types for the current system","invocations":1,"location":null,"numPassingAsserts":0,"retryReasons":[],"status":"passed","title":"should accept valid document types for the current system"},{"ancestorTitles":["DocumentListTool - execute validation with Edge Case System system"],"duration":1,"failureDetails":[],"failureMessages":[],"fullName":"DocumentListTool - execute validation with Edge Case System system should handle systems with no document types","invocations":1,"location":null,"numPassingAsserts":2,"retryReasons":[],"status":"passed","title":"should handle systems with no document types"},{"ancestorTitles":["DocumentListTool - execute success cases with D&D 5e system"],"duration":2,"failureDetails":[],"failureMessages":[],"fullName":"DocumentListTool - execute success cases with D&D 5e system should return success result for valid document types","invocations":1,"location":null,"numPassingAsserts":2,"retryReasons":[],"status":"passed","title":"should return success result for valid document types"},{"ancestorTitles":["DocumentListTool - execute success cases with D&D 5e system"],"duration":4,"failureDetails":[],"failureMessages":[],"fullName":"DocumentListTool - execute success cases with D&D 5e system should handle documents with names","invocations":1,"location":null,"numPassingAsserts":2,"retryReasons":[],"status":"passed","title":"should handle documents with names"},{"ancestorTitles":["DocumentListTool - execute success cases with D&D 5e system"],"duration":9,"failureDetails":[],"failureMessages":[],"fullName":"DocumentListTool - execute success cases with D&D 5e system should handle documents without names (fallback to _id)","invocations":1,"location":null,"numPassingAsserts":2,"retryReasons":[],"status":"passed","title":"should handle documents without names (fallback to _id)"},{"ancestorTitles":["DocumentListTool - execute success cases with D&D 5e system"],"duration":8,"failureDetails":[],"failureMessages":[],"fullName":"DocumentListTool - execute success cases with D&D 5e system should handle mixed document types when no specific type is provided","invocations":1,"location":null,"numPassingAsserts":2,"retryReasons":[],"status":"passed","title":"should handle mixed document types when no specific type is provided"},{"ancestorTitles":["DocumentListTool - execute success cases with D&D 5e system"],"duration":6,"failureDetails":[],"failureMessages":[],"fullName":"DocumentListTool - execute success cases with D&D 5e system should handle empty document list without specific type","invocations":1,"location":null,"numPassingAsserts":2,"retryReasons":[],"status":"passed","title":"should handle empty document list without specific type"},{"ancestorTitles":["DocumentListTool - execute success cases with D&D 5e system"],"duration":6,"failureDetails":[],"failureMessages":[],"fullName":"DocumentListTool - execute success cases with D&D 5e system should handle API errors","invocations":1,"location":null,"numPassingAsserts":3,"retryReasons":[],"status":"passed","title":"should handle API errors"},{"ancestorTitles":["DocumentListTool - execute success cases with Pathfinder 2e system"],"duration":14,"failureDetails":[],"failureMessages":[],"fullName":"DocumentListTool - execute success cases with Pathfinder 2e system should return success result for valid document types","invocations":1,"location":null,"numPassingAsserts":2,"retryReasons":[],"status":"passed","title":"should return success result for valid document types"},{"ancestorTitles":["DocumentListTool - execute success cases with Pathfinder 2e system"],"duration":8,"failureDetails":[],"failureMessages":[],"fullName":"DocumentListTool - execute success cases with Pathfinder 2e system should handle documents with names","invocations":1,"location":null,"numPassingAsserts":2,"retryReasons":[],"status":"passed","title":"should handle documents with names"},{"ancestorTitles":["DocumentListTool - execute success cases with Pathfinder 2e system"],"duration":2,"failureDetails":[],"failureMessages":[],"fullName":"DocumentListTool - execute success cases with Pathfinder 2e system should handle documents without names (fallback to _id)","invocations":1,"location":null,"numPassingAsserts":2,"retryReasons":[],"status":"passed","title":"should handle documents without names (fallback to _id)"},{"ancestorTitles":["DocumentListTool - execute success cases with Pathfinder 2e system"],"duration":13,"failureDetails":[],"failureMessages":[],"fullName":"DocumentListTool - execute success cases with Pathfinder 2e system should handle mixed document types when no specific type is provided","invocations":1,"location":null,"numPassingAsserts":2,"retryReasons":[],"status":"passed","title":"should handle mixed document types when no specific type is provided"},{"ancestorTitles":["DocumentListTool - execute success cases with Pathfinder 2e system"],"duration":3,"failureDetails":[],"failureMessages":[],"fullName":"DocumentListTool - execute success cases with Pathfinder 2e system should handle empty document list without specific type","invocations":1,"location":null,"numPassingAsserts":2,"retryReasons":[],"status":"passed","title":"should handle empty document list without specific type"},{"ancestorTitles":["DocumentListTool - execute success cases with Pathfinder 2e system"],"duration":2,"failureDetails":[],"failureMessages":[],"fullName":"DocumentListTool - execute success cases with Pathfinder 2e system should handle API errors","invocations":1,"location":null,"numPassingAsserts":3,"retryReasons":[],"status":"passed","title":"should handle API errors"},{"ancestorTitles":["DocumentListTool - execute success cases with Minimal Core system"],"duration":2,"failureDetails":[],"failureMessages":[],"fullName":"DocumentListTool - execute success cases with Minimal Core system should return success result for valid document types","invocations":1,"location":null,"numPassingAsserts":2,"retryReasons":[],"status":"passed","title":"should return success result for valid document types"},{"ancestorTitles":["DocumentListTool - execute success cases with Minimal Core system"],"duration":2,"failureDetails":[],"failureMessages":[],"fullName":"DocumentListTool - execute success cases with Minimal Core system should handle documents with names","invocations":1,"location":null,"numPassingAsserts":2,"retryReasons":[],"status":"passed","title":"should handle documents with names"},{"ancestorTitles":["DocumentListTool - execute success cases with Minimal Core system"],"duration":1,"failureDetails":[],"failureMessages":[],"fullName":"DocumentListTool - execute success cases with Minimal Core system should handle documents without names (fallback to _id)","invocations":1,"location":null,"numPassingAsserts":2,"retryReasons":[],"status":"passed","title":"should handle documents without names (fallback to _id)"},{"ancestorTitles":["DocumentListTool - execute success cases with Minimal Core system"],"duration":3,"failureDetails":[],"failureMessages":[],"fullName":"DocumentListTool - execute success cases with Minimal Core system should handle mixed document types when no specific type is provided","invocations":1,"location":null,"numPassingAsserts":2,"retryReasons":[],"status":"passed","title":"should handle mixed document types when no specific type is provided"},{"ancestorTitles":["DocumentListTool - execute success cases with Minimal Core system"],"duration":2,"failureDetails":[],"failureMessages":[],"fullName":"DocumentListTool - execute success cases with Minimal Core system should handle empty document list without specific type","invocations":1,"location":null,"numPassingAsserts":2,"retryReasons":[],"status":"passed","title":"should handle empty document list without specific type"},{"ancestorTitles":["DocumentListTool - execute success cases with Minimal Core system"],"duration":1,"failureDetails":[],"failureMessages":[],"fullName":"DocumentListTool - execute success cases with Minimal Core system should handle API errors","invocations":1,"location":null,"numPassingAsserts":3,"retryReasons":[],"status":"passed","title":"should handle API errors"},{"ancestorTitles":["DocumentListTool - execute success cases with Edge Case System system"],"duration":0,"failureDetails":[],"failureMessages":[],"fullName":"DocumentListTool - execute success cases with Edge Case System system should return success result for valid document types","invocations":1,"location":null,"numPassingAsserts":0,"retryReasons":[],"status":"passed","title":"should return success result for valid document types"},{"ancestorTitles":["DocumentListTool - execute success cases with Edge Case System system"],"duration":1,"failureDetails":[],"failureMessages":[],"fullName":"DocumentListTool - execute success cases with Edge Case System system should handle documents with names","invocations":1,"location":null,"numPassingAsserts":0,"retryReasons":[],"status":"passed","title":"should handle documents with names"},{"ancestorTitles":["DocumentListTool - execute success cases with Edge Case System system"],"duration":1,"failureDetails":[],"failureMessages":[],"fullName":"DocumentListTool - execute success cases with Edge Case System system should handle documents without names (fallback to _id)","invocations":1,"location":null,"numPassingAsserts":0,"retryReasons":[],"status":"passed","title":"should handle documents without names (fallback to _id)"},{"ancestorTitles":["DocumentListTool - execute success cases with Edge Case System system"],"duration":1,"failureDetails":[],"failureMessages":[],"fullName":"DocumentListTool - execute success cases with Edge Case System system should handle mixed document types when no specific type is provided","invocations":1,"location":null,"numPassingAsserts":0,"retryReasons":[],"status":"passed","title":"should handle mixed document types when no specific type is provided"},{"ancestorTitles":["DocumentListTool - execute success cases with Edge Case System system"],"duration":1,"failureDetails":[],"failureMessages":[],"fullName":"DocumentListTool - execute success cases with Edge Case System system should handle empty document list withou
[...]
:9,"retryReasons":[],"status":"passed","title":"should send Gemini request with system prompt and tools"},{"ancestorTitles":["AIClient - chat Gemini"],"duration":1523,"failureDetails":[],"failureMessages":[],"fullName":"AIClient - chat Gemini maps Gemini MALFORMED_FUNCTION_CALL to tool failure error code","invocations":1,"location":null,"numPassingAsserts":3,"retryReasons":[],"status":"passed","title":"maps Gemini MALFORMED_FUNCTION_CALL to tool failure error code"},{"ancestorTitles":["AIClient - chat Ollama tools"],"duration":6,"failureDetails":[],"failureMessages":[],"fullName":"AIClient - chat Ollama tools should handle tools in chat request (Ollama format)","invocations":1,"location":null,"numPassingAsserts":1,"retryReasons":[],"status":"passed","title":"should handle tools in chat request (Ollama format)"},{"ancestorTitles":["AIClient - chat Ollama errors"],"duration":4,"failureDetails":[],"failureMessages":[],"fullName":"AIClient - chat Ollama errors should throw error on API failure","invocations":1,"location":null,"numPassingAsserts":1,"retryReasons":[],"status":"passed","title":"should throw error on API failure"},{"ancestorTitles":["AIClient - validateConnection OpenAI"],"duration":1,"failureDetails":[],"failureMessages":[],"fullName":"AIClient - validateConnection OpenAI should return true if model is found","invocations":1,"location":null,"numPassingAsserts":2,"retryReasons":[],"status":"passed","title":"should return true if model is found"},{"ancestorTitles":["AIClient - validateConnection OpenAI"],"duration":0,"failureDetails":[],"failureMessages":[],"fullName":"AIClient - validateConnection OpenAI should return false if model is not found","invocations":1,"location":null,"numPassingAsserts":1,"retryReasons":[],"status":"passed","title":"should return false if model is not found"},{"ancestorTitles":["AIClient - validateConnection OpenAI"],"duration":1,"failureDetails":[],"failureMessages":[],"fullName":"AIClient - validateConnection OpenAI should throw error on API failure","invocations":1,"location":null,"numPassingAsserts":1,"retryReasons":[],"status":"passed","title":"should throw error on API failure"},{"ancestorTitles":["AIClient - validateConnection Ollama"],"duration":2,"failureDetails":[],"failureMessages":[],"fullName":"AIClient - validateConnection Ollama should return true if model is found","invocations":1,"location":null,"numPassingAsserts":2,"retryReasons":[],"status":"passed","title":"should return true if model is found"},{"ancestorTitles":["AIClient - validateConnection Ollama"],"duration":1,"failureDetails":[],"failureMessages":[],"fullName":"AIClient - validateConnection Ollama should return false if model is not found","invocations":1,"location":null,"numPassingAsserts":1,"retryReasons":[],"status":"passed","title":"should return false if model is not found"},{"ancestorTitles":["AIClient - validateConnection Ollama"],"duration":1,"failureDetails":[],"failureMessages":[],"fullName":"AIClient - validateConnection Ollama should throw error on API failure","invocations":1,"location":null,"numPassingAsserts":1,"retryReasons":[],"status":"passed","title":"should throw error on API failure"},{"ancestorTitles":["AIClient - validateConnection Ollama"],"duration":2,"failureDetails":[],"failureMessages":[],"fullName":"AIClient - validateConnection Ollama should handle text response fallback on error","invocations":1,"location":null,"numPassingAsserts":1,"retryReasons":[],"status":"passed","title":"should handle text response fallback on error"},{"ancestorTitles":["AIClient - validateConnection Ollama"],"duration":1,"failureDetails":[],"failureMessages":[],"fullName":"AIClient - validateConnection Ollama should handle fallback to default error message","invocations":1,"location":null,"numPassingAsserts":1,"retryReasons":[],"status":"passed","title":"should handle fallback to default error message"},{"ancestorTitles":["AIProvider base class"],"duration":16,"failureDetails":[],"failureMessages":[],"fullName":"AIProvider base class should throw error when sendMessage not implemented","invocations":1,"location":null,"numPassingAsserts":1,"retryReasons":[],"status":"passed","title":"should throw error when sendMessage not implemented"},{"ancestorTitles":["AIProvider base class"],"duration":1,"failureDetails":[],"failureMessages":[],"fullName":"AIProvider base class should throw error when generateResponse not implemented","invocations":1,"location":null,"numPassingAsserts":1,"retryReasons":[],"status":"passed","title":"should throw error when generateResponse not implemented"},{"ancestorTitles":["AIProvider base class"],"duration":0,"failureDetails":[],"failureMessages":[],"fullName":"AIProvider base class should return true for isAvailable by default","invocations":1,"location":null,"numPassingAsserts":1,"retryReasons":[],"status":"passed","title":"should return true for isAvailable by default"},{"ancestorTitles":["MockAIProvider"],"duration":102,"failureDetails":[],"failureMessages":[],"fullName":"MockAIProvider should return mock response for sendMessage","invocations":1,"location":null,"numPassingAsserts":3,"retryReasons":[],"status":"passed","title":"should return mock response for sendMessage"},{"ancestorTitles":["MockAIProvider"],"duration":101,"failureDetails":[],"failureMessages":[],"fullName":"MockAIProvider should handle generateResponse with messages","invocations":1,"location":null,"numPassingAsserts":1,"retryReasons":[],"status":"passed","title":"should handle generateResponse with messages"},{"ancestorTitles":["MockAIProvider"],"duration":100,"failureDetails":[],"failureMessages":[],"fullName":"MockAIProvider should handle empty messages array","invocations":1,"location":null,"numPassingAsserts":1,"retryReasons":[],"status":"passed","title":"should handle empty messages array"},{"ancestorTitles":["OpenAIProvider"],"duration":7,"failureDetails":[],"failureMessages":[],"fullName":"OpenAIProvider should not enforce API key pre-check","invocations":1,"location":null,"numPassingAsserts":1,"retryReasons":[],"status":"passed","title":"should not enforce API key pre-check"},{"ancestorTitles":["OpenAIProvider"],"duration":1,"failureDetails":[],"failureMessages":[],"fullName":"OpenAIProvider should be available without API key (defer to API)","invocations":1,"location":null,"numPassingAsserts":1,"retryReasons":[],"status":"passed","title":"should be available without API key (defer to API)"},{"ancestorTitles":["OpenAIProvider"],"duration":1,"failureDetails":[],"failureMessages":[],"fullName":"OpenAIProvider should return true for isAvailable when API key present","invocations":1,"location":null,"numPassingAsserts":1,"retryReasons":[],"status":"passed","title":"should return true for isAvailable when API key present"},{"ancestorTitles":["OpenAIProvider"],"duration":2,"failureDetails":[],"failureMessages":[],"fullName":"OpenAIProvider should handle API errors gracefully","invocations":1,"location":null,"numPassingAsserts":1,"retryReasons":[],"status":"passed","title":"should handle API errors gracefully"},{"ancestorTitles":["OpenAIProvider"],"duration":2,"failureDetails":[],"failureMessages":[],"fullName":"OpenAIProvider should handle network errors","invocations":1,"location":null,"numPassingAsserts":1,"retryReasons":[],"status":"passed","title":"should handle network errors"},{"ancestorTitles":["AIClient - error handling and edge cases"],"duration":1,"failureDetails":[],"failureMessages":[],"fullName":"AIClient - error handling and edge cases should throw error when no baseURL configured for chat","invocations":1,"location":null,"numPassingAsserts":1,"retryReasons":[],"status":"passed","title":"should throw error when no baseURL configured for chat"},{"ancestorTitles":["AIClient - error handling and edge cases"],"duration":0,"failureDetails":[],"failureMessages":[],"fullName":"AIClient - error handling and edge cases should detect OpenAI provider","invocations":1,"location":null,"numPassingAsserts":1,"retryReasons":[],"status":"passed","title":"should detect OpenAI provider"},{"ancestorTitles":["AIClient - error handling and edge cases"],"duration":1,"failureDetails":[],"failureMessages":[],"fullName":"AIClient - error handling and edge cases should detect Ollama provider","invocations":1,"location":null,"numPassingAsserts":2,"retryReasons":[],"status":"passed","title":"should detect Ollama provider"},{"ancestorTitles":["AIClient - error handling and edge cases"],"duration":0,"failureDetails":[],"failureMessages":[],"fullName":"AIClient - error handling and edge cases should detect Anthropic provider","invocations":1,"location":null,"numPassingAsserts":1,"retryReasons":[],"status":"passed","title":"should detect Anthropic provider"},{"ancestorTitles":["AIClient - error handling and edge cases"],"duration":0,"failureDetails":[],"failureMessages":[],"fullName":"AIClient - error handling and edge cases should return null for unknown provider","invocations":1,"location":null,"numPassingAsserts":2,"retryReasons":[],"status":"passed","title":"should return null for unknown provider"},{"ancestorTitles":["AIClient - error handling and edge cases"],"duration":4,"failureDetails":[],"failureMessages":[],"fullName":"AIClient - error handling and edge cases should handle text fallback in OpenAI error response","invocations":1,"location":null,"numPassingAsserts":1,"retryReasons":[],"status":"passed","title":"should handle text fallback in OpenAI error response"},{"ancestorTitles":["AIClient - error handling and edge cases"],"duration":3,"failureDetails":[],"failureMessages":[],"fullName":"AIClient - error handling and edge cases should handle complete error fallback in OpenAI","invocations":1,"location":null,"numPassingAsserts":1,"retryReasons":[],"status":"passed","title":"should handle complete error fallback in OpenAI"},{"ancestorTitles":["AIClient - error handling and edge cases"],"duration":5,"failureDetails":[],"failureMessages":[],"fullName":"AIClient - error handling and edge cases should handle tools transformation in Ollama","invocations":1,"location":null,"numPassingAsserts":2,"retryReasons":[],"status":"passed","title":"should handle tools transformation in Ollama"},{"ancestorTitles":["AIClient - provider system"],"duration":1,"failureDetails":[],"failureMessages":[],"fullName":"AIClient - provider system should register and use providers","invocations":1,"location":null,"numPassingAsserts":2,"retryReasons":[],"status":"passed","title":"should register and use providers"},{"ancestorTitles":["AIClient - provider system"],"duration":1,"failureDetails":[],"failureMessages":[],"fullName":"AIClient - provider system should throw error when registering invalid provider","invocations":1,"location":null,"numPassingAsserts":1,"retryReasons":[],"status":"passed","title":"should throw error when registering invalid provider"},{"ancestorTitles":["AIClient - provider system"],"duration":1,"failureDetails":[],"failureMessages":[],"fullName":"AIClient - provider system should set default provider","invocations":1,"location":null,"numPassingAsserts":1,"retryReasons":[],"status":"passed","title":"should set default provider"},{"ancestorTitles":["AIClient - provider system"],"duration":1,"failureDetails":[],"failureMessages":[],"fullName":"AIClient - provider system should throw error when setting unregistered provider as default","invocations":1,"location":null,"numPassingAsserts":1,"retryReasons":[],"status":"passed","title":"should throw error when setting unregistered provider as default"},{"ancestorTitles":["AIClient - provider system"],"duration":0,"failureDetails":[],"failureMessages":[],"fullName":"AIClient - provider system should get available providers","invocations":1,"location":null,"numPassingAsserts":1,"retryReasons":[],"status":"passed","title":"should get available providers"},{"ancestorTitles":["AIClient - provider system"],"duration":1,"failureDetails":[],"failureMessages":[],"fullName":"AIClient - provider system should initialize with default providers","invocations":1,"location":null,"numPassingAsserts":3,"retryReasons":[],"status":"passed","title":"should initialize with default providers"},{"ancestorTitles":["AIClient - provider system"],"duration":0,"failureDetails":[],"failureMessages":[],"fullName":"AIClient - provider system should use mock as default when no other default set","invocations":1,"location":null,"numPassingAsserts":1,"retryReasons":[],"status":"passed","title":"should use mock as default when no other default set"},{"ancestorTitles":["AIClient - provider system"],"duration":101,"failureDetails":[],"failureMessages":[],"fullName":"AIClient - provider system should send message through provider","invocations":1,"location":null,"numPassingAsserts":2,"retryReasons":[],"status":"passed","title":"should send message through provider"},{"ancestorTitles":["AIClient - provider system"],"duration":7,"failureDetails":[],"failureMessages":[],"fullName":"AIClient - provider system falls back to chat when provider not found for sendMessage","invocations":1,"location":null,"numPassingAsserts":2,"retryReasons":[],"status":"passed","title":"falls back to chat when provider not found for sendMessage"},{"ancestorTitles":["AIClient - provider system"],"duration":1,"failureDetails":[],"failureMessages":[],"fullName":"AIClient - provider system should error when no baseURL configured for fallback sendMessage","invocations":1,"location":null,"numPassingAsserts":1,"retryReasons":[],"status":"passed","title":"should error when no baseURL configured for fallback sendMessage"},{"ancestorTitles":["AIClient - provider system"],"duration":2,"failureDetails":[],"failureMessages":[],"fullName":"AIClient - provider system should throw error when provider not available for sendMessage","invocations":1,"location":null,"numPassingAsserts":1,"retryReasons":[],"status":"passed","title":"should throw error when provider not available for sendMessage"},{"ancestorTitles":["AIClient - provider system"],"duration":1,"failureDetails":[],"failureMessages":[],"fullName":"AIClient - provider system should handle provider error in sendMessage","invocations":1,"location":null,"numPassingAsserts":1,"retryReasons":[],"status":"passed","title":"should handle provider error in sendMessage"},{"ancestorTitles":["AIClient - provider system"],"duration":101,"failureDetails":[],"failureMessages":[],"fullName":"AIClient - provider system should generate response through provider","invocations":1,"location":null,"numPassingAsserts":2,"retryReasons":[],"status":"passed","title":"should generate response through provider"},{"ancestorTitles":["AIClient - provider system"],"duration":2,"failureDetails":[],"failureMessages":[],"fullName":"AIClient - provider system falls back to chat when provider not found for generateResponse","invocations":1,"location":null,"numPassingAsserts":2,"retryReasons":[],"status":"passed","title":"falls back to chat when provider not found for generateResponse"},{"ancestorTitles":["AIClient - provider system"],"duration":1,"failureDetails":[],"failureMessages":[],"fullName":"AIClient - provider system should error when no baseURL configured for fallback generateResponse","invocations":1,"location":null,"numPassingAsserts":1,"retryReasons":[],"status":"passed","title":"should error when no baseURL configured for fallback generateResponse"},{"ancestorTitles":["AIClient - provider system"],"duration":1,"failureDetails":[],"failureMessages":[],"fullName":"AIClient - provider system should throw error when provider not available for generateResponse","invocations":1,"location":null,"numPassingAsserts":1,"retryReasons":[],"status":"passed","title":"should throw error when provider not available for generateResponse"},{"ancestorTitles":["AIClient - provider system"],"duration":1,"failureDetails":[],"failureMessages":[],"fullName":"AIClient - provider system should handle provider error in generateResponse","invocations":1,"location":null,"numPassingAsserts":1,"retryReasons":[],"status":"passed","title":"should handle provider error in generateResponse"}],"endTime":1765342641402,"message":"","name":"/home/patrick/projects/simulacrum-foundry/tests/core/ai-client.test.js","startTime":1765342637368,"status":"passed","summary":""},{"assertionResults":[{"ancestorTitles":["tool-loop-handler module imports"],"duration":30,"failureDetails":[],"failureMessages":[],"fullName":"tool-loop-handler module imports should import all required dependencies without errors","invocations":1,"location":null,"numPassingAsserts":2,"retryReasons":[],"status":"passed","title":"should import all required dependencies without errors"},{"ancestorTitles":["tool-loop-handler module imports"],"duration":8,"failureDetails":[],"failureMessages":[],"fullName":"tool-loop-handler module imports should import isDebugEnabled from dev utils","invocations":1,"location":null,"numPassingAsserts":2,"retryReasons":[],"status":"passed","title":"should import isDebugEnabled from dev utils"},{"ancestorTitles":["tool-loop-handler module imports"],"duration":2,"failureDetails":[],"failureMessages":[],"fullName":"tool-loop-handler module imports should import createLogger from logger utils","invocations":1,"location":null,"numPassingAsserts":2,"retryReasons":[],"status":"passed","title":"should import createLogger from logger utils"},{"ancestorTitles":["tool-loop-handler module imports"],"duration":5,"failureDetails":[],"failureMessages":[],"fullName":"tool-loop-handler module imports should import toolRegistry from tool-registry","invocations":1,"location":null,"numPassingAsserts":1,"retryReasons":[],"status":"passed","title":"should import toolRegistry from tool-registry"},{"ancestorTitles":["tool-loop-handler module imports"],"duration":1,"failureDetails":[],"failureMessages":[],"fullName":"tool-loop-handler module imports should import performPostToolVerification from tool-verification","invocations":1,"location":null,"numPassingAsserts":2,"retryReasons":[],"status":"passed","title":"should import performPostToolVerification from tool-verification"},{"ancestorTitles":["Tool Fallback Behavior"],"duration":121,"failureDetails":[],"failureMessages":[],"fullName":"Tool Fallback Behavior should disable tool calling after critical execution errors","invocations":1,"location":null,"numPassingAsserts":1,"retryReasons":[],"status":"passed","title":"should disable tool calling after critical execution errors"},{"ancestorTitles":["Tool Fallback Behavior"],"duration":6,"failureDetails":[],"failureMessages":[],"fullName":"Tool Fallback Behavior should continue with tools for non-critical errors","invocations":1,"location":null,"numPassingAsserts":1,"retryReasons":[],"status":"passed","title":"should continue with tools for non-critical errors"},{"ancestorTitles":["Tool Fallback Behavior"],"duration":68,"failureDetails":[],"failureMessages":[],"fullName":"Tool Fallback Behavior should respect initial toolCallingSupported=false","invocations":1,"location":null,"numPassingAsserts":1,"retryReasons":[],"status":"passed","title":"should respect initial toolCallingSupported=false"},{"ancestorTitles":["Tool Fallback Behavior"],"duration":1018,"failureDetails":[],"failureMessages":[],"fullName":"Tool Fallback Behavior retries malformed tool calls before executing tools","invocations":1,"location":null,"numPassingAsserts":4,"retryReasons":[],"status":"passed","title":"retries malformed tool calls before executing tools"},{"ancestorTitles":["Tool Fallback Behavior"],"duration":3006,"failureDetails":[],"failureMessages":[],"fullName":"Tool Fallback Behavior falls back to plain response when tool call failures persist","invocations":1,"location":null,"numPassingAsserts":5,"retryReasons":[],"status":"passed","title":"falls back to plain response when tool call failures persist"}],"endTime":1765342643203,"message":"","name":"/home/patrick/projects/simulacrum-foundry/tests/core/tool-loop-handler.test.js","startTime":1765342636868,"status":"passed","summary":""}],"wasInterrupted":false}
