TN:
SF:scripts/context-manager.js
FN:8,(anonymous_0)
FN:19,(anonymous_1)
FN:21,(anonymous_2)
FN:51,(anonymous_3)
FN:53,(anonymous_4)
FN:63,(anonymous_5)
FN:72,(anonymous_6)
FN:73,(anonymous_7)
FN:81,(anonymous_8)
FN:86,(anonymous_9)
FN:100,(anonymous_10)
FN:117,(anonymous_11)
FN:130,(anonymous_12)
FN:144,(anonymous_13)
FNF:14
FNH:0
FNDA:0,(anonymous_0)
FNDA:0,(anonymous_1)
FNDA:0,(anonymous_2)
FNDA:0,(anonymous_3)
FNDA:0,(anonymous_4)
FNDA:0,(anonymous_5)
FNDA:0,(anonymous_6)
FNDA:0,(anonymous_7)
FNDA:0,(anonymous_8)
FNDA:0,(anonymous_9)
FNDA:0,(anonymous_10)
FNDA:0,(anonymous_11)
FNDA:0,(anonymous_12)
FNDA:0,(anonymous_13)
DA:9,0
DA:10,0
DA:11,0
DA:21,0
DA:22,0
DA:25,0
DA:26,0
DA:30,0
DA:31,0
DA:34,0
DA:42,0
DA:43,0
DA:44,0
DA:53,0
DA:54,0
DA:57,0
DA:64,0
DA:65,0
DA:73,0
DA:74,0
DA:82,0
DA:83,0
DA:86,0
DA:87,0
DA:90,0
DA:101,0
DA:102,0
DA:103,0
DA:104,0
DA:106,0
DA:118,0
DA:119,0
DA:120,0
DA:122,0
DA:131,0
DA:132,0
DA:133,0
DA:135,0
DA:136,0
DA:145,0
DA:146,0
DA:148,0
LF:42
LH:0
BRDA:22,0,0,0
BRDA:22,0,1,0
BRDA:25,1,0,0
BRDA:25,1,1,0
BRDA:30,2,0,0
BRDA:30,2,1,0
BRDA:82,3,0,0
BRDA:82,3,1,0
BRDA:104,4,0,0
BRDA:104,4,1,0
BRDA:132,5,0,0
BRDA:132,5,1,0
BRF:12
BRH:0
end_of_record
TN:
SF:scripts/error-handling.js
FN:6,(anonymous_0)
FN:18,(anonymous_1)
FN:36,(anonymous_2)
FN:48,(anonymous_3)
FN:58,(anonymous_4)
FN:102,(anonymous_5)
FN:116,(anonymous_6)
FN:131,(anonymous_7)
FN:148,(anonymous_8)
FN:149,(anonymous_9)
FN:154,(anonymous_10)
FN:163,(anonymous_11)
FN:201,(anonymous_12)
FN:204,sanitizeObject
FN:206,(anonymous_14)
FN:207,(anonymous_15)
FN:222,(anonymous_16)
FN:249,(anonymous_17)
FN:256,(anonymous_18)
FN:274,setupGlobalErrorHandling
FN:279,(anonymous_20)
FN:297,(anonymous_21)
FNF:22
FNH:0
FNDA:0,(anonymous_0)
FNDA:0,(anonymous_1)
FNDA:0,(anonymous_2)
FNDA:0,(anonymous_3)
FNDA:0,(anonymous_4)
FNDA:0,(anonymous_5)
FNDA:0,(anonymous_6)
FNDA:0,(anonymous_7)
FNDA:0,(anonymous_8)
FNDA:0,(anonymous_9)
FNDA:0,(anonymous_10)
FNDA:0,(anonymous_11)
FNDA:0,(anonymous_12)
FNDA:0,sanitizeObject
FNDA:0,(anonymous_14)
FNDA:0,(anonymous_15)
FNDA:0,(anonymous_16)
FNDA:0,(anonymous_17)
FNDA:0,(anonymous_18)
FNDA:0,setupGlobalErrorHandling
FNDA:0,(anonymous_20)
FNDA:0,(anonymous_21)
DA:7,0
DA:8,0
DA:9,0
DA:10,0
DA:11,0
DA:12,0
DA:19,0
DA:30,0
DA:37,0
DA:43,0
DA:49,0
DA:50,0
DA:51,0
DA:52,0
DA:59,0
DA:60,0
DA:62,0
DA:63,0
DA:64,0
DA:66,0
DA:67,0
DA:70,0
DA:71,0
DA:73,0
DA:74,0
DA:83,0
DA:84,0
DA:88,0
DA:92,0
DA:94,0
DA:103,0
DA:110,0
DA:117,0
DA:120,0
DA:125,0
DA:132,0
DA:135,0
DA:136,0
DA:140,0
DA:149,0
DA:155,0
DA:156,0
DA:157,0
DA:165,0
DA:167,0
DA:185,0
DA:187,0
DA:190,0
DA:191,0
DA:195,0
DA:202,0
DA:205,0
DA:206,0
DA:207,0
DA:208,0
DA:209,0
DA:210,0
DA:216,0
DA:223,0
DA:224,0
DA:226,0
DA:228,0
DA:229,0
DA:231,0
DA:232,0
DA:234,0
DA:235,0
DA:237,0
DA:238,0
DA:240,0
DA:241,0
DA:250,0
DA:257,0
DA:263,0
DA:264,0
DA:265,0
DA:266,0
DA:267,0
DA:268,0
DA:269,0
DA:275,0
DA:276,0
DA:279,0
DA:280,0
DA:281,0
DA:293,0
DA:297,0
DA:298,0
DA:299,0
DA:306,0
DA:310,0
DA:311,0
DA:312,0
DA:316,0
DA:317,0
LF:95
LH:0
BRDA:6,0,0,0
BRDA:6,1,0,0
BRDA:6,2,0,0
BRDA:30,3,0,0
BRDA:30,3,1,0
BRDA:43,4,0,0
BRDA:43,4,1,0
BRDA:58,5,0,0
BRDA:59,6,0,0
BRDA:59,6,1,0
BRDA:73,7,0,0
BRDA:73,7,1,0
BRDA:83,8,0,0
BRDA:83,8,1,0
BRDA:110,9,0,0
BRDA:110,9,1,0
BRDA:135,10,0,0
BRDA:135,10,1,0
BRDA:163,11,0,0
BRDA:165,12,0,0
BRDA:165,12,1,0
BRDA:170,13,0,0
BRDA:170,13,1,0
BRDA:171,14,0,0
BRDA:171,14,1,0
BRDA:172,15,0,0
BRDA:172,15,1,0
BRDA:173,16,0,0
BRDA:173,16,1,0
BRDA:174,17,0,0
BRDA:174,17,1,0
BRDA:190,18,0,0
BRDA:190,18,1,0
BRDA:205,19,0,0
BRDA:205,19,1,0
BRDA:205,20,0,0
BRDA:205,20,1,0
BRDA:207,21,0,0
BRDA:207,21,1,0
BRDA:209,22,0,0
BRDA:209,22,1,0
BRDA:226,23,0,0
BRDA:226,23,1,0
BRDA:226,23,2,0
BRDA:226,23,3,0
BRDA:226,23,4,0
BRDA:240,24,0,0
BRDA:240,24,1,0
BRDA:249,25,0,0
BRDA:259,26,0,0
BRDA:259,26,1,0
BRDA:280,27,0,0
BRDA:280,27,1,0
BRDA:282,28,0,0
BRDA:282,28,1,0
BRDA:298,29,0,0
BRDA:298,29,1,0
BRDA:300,30,0,0
BRDA:300,30,1,0
BRDA:300,30,2,0
BRDA:310,31,0,0
BRDA:310,31,1,0
BRDA:316,32,0,0
BRDA:316,32,1,0
BRF:64
BRH:0
end_of_record
TN:
SF:scripts/main.js
FN:52,checkEndpointAccessibility
FN:79,(anonymous_1)
FN:115,getChatModalClass
FN:119,(anonymous_3)
FN:124,(anonymous_4)
FN:196,(anonymous_5)
FN:219,(anonymous_6)
FN:225,(anonymous_7)
FN:232,(anonymous_8)
FN:242,(anonymous_9)
FN:279,(anonymous_10)
FN:313,updateSimulacrumButtonState
FNF:12
FNH:0
FNDA:0,checkEndpointAccessibility
FNDA:0,(anonymous_1)
FNDA:0,getChatModalClass
FNDA:0,(anonymous_3)
FNDA:0,(anonymous_4)
FNDA:0,(anonymous_5)
FNDA:0,(anonymous_6)
FNDA:0,(anonymous_7)
FNDA:0,(anonymous_8)
FNDA:0,(anonymous_9)
FNDA:0,(anonymous_10)
FNDA:0,updateSimulacrumButtonState
DA:1,0
DA:41,0
DA:44,0
DA:45,0
DA:46,0
DA:53,0
DA:56,0
DA:57,0
DA:59,0
DA:60,0
DA:61,0
DA:62,0
DA:63,0
DA:66,0
DA:67,0
DA:68,0
DA:69,0
DA:71,0
DA:72,0
DA:74,0
DA:76,0
DA:78,0
DA:79,0
DA:81,0
DA:85,0
DA:87,0
DA:89,0
DA:90,0
DA:92,0
DA:93,0
DA:94,0
DA:97,0
DA:98,0
DA:99,0
DA:100,0
DA:102,0
DA:107,0
DA:116,0
DA:119,0
DA:120,0
DA:123,0
DA:125,0
DA:126,0
DA:127,0
DA:133,0
DA:138,0
DA:140,0
DA:142,0
DA:145,0
DA:148,0
DA:151,0
DA:154,0
DA:155,0
DA:156,0
DA:157,0
DA:158,0
DA:159,0
DA:160,0
DA:161,0
DA:162,0
DA:163,0
DA:164,0
DA:165,0
DA:167,0
DA:170,0
DA:173,0
DA:176,0
DA:177,0
DA:180,0
DA:181,0
DA:184,0
DA:185,0
DA:186,0
DA:189,0
DA:190,0
DA:193,0
DA:196,0
DA:197,0
DA:200,0
DA:203,0
DA:206,0
DA:207,0
DA:209,0
DA:213,0
DA:216,0
DA:219,0
DA:220,0
DA:221,0
DA:225,0
DA:226,0
DA:228,0
DA:232,0
DA:233,0
DA:236,0
DA:242,0
DA:243,0
DA:246,0
DA:247,0
DA:248,0
DA:252,0
DA:253,0
DA:254,0
DA:256,0
DA:257,0
DA:261,0
DA:263,0
DA:264,0
DA:267,0
DA:279,0
DA:280,0
DA:281,0
DA:282,0
DA:285,0
DA:286,0
DA:287,0
DA:288,0
DA:290,0
DA:293,0
DA:297,0
DA:299,0
DA:302,0
DA:305,0
DA:314,0
DA:315,0
DA:317,0
DA:318,0
DA:319,0
DA:321,0
DA:323,0
DA:324,0
DA:325,0
DA:327,0
DA:328,0
DA:329,0
DA:331,0
DA:332,0
DA:333,0
DA:336,0
DA:337,0
DA:338,0
DA:342,0
DA:343,0
DA:346,0
DA:349,0
LF:144
LH:0
BRDA:66,0,0,0
BRDA:66,0,1,0
BRDA:66,1,0,0
BRDA:66,1,1,0
BRDA:87,2,0,0
BRDA:87,2,1,0
BRDA:87,3,0,0
BRDA:87,3,1,0
BRDA:99,4,0,0
BRDA:99,4,1,0
BRDA:116,5,0,0
BRDA:116,5,1,0
BRDA:206,6,0,0
BRDA:206,6,1,0
BRDA:226,7,0,0
BRDA:226,7,1,0
BRDA:246,8,0,0
BRDA:246,8,1,0
BRDA:253,9,0,0
BRDA:253,9,1,0
BRDA:263,10,0,0
BRDA:263,10,1,0
BRDA:285,11,0,0
BRDA:285,11,1,0
BRDA:285,12,0,0
BRDA:285,12,1,0
BRDA:287,13,0,0
BRDA:287,13,1,0
BRDA:317,14,0,0
BRDA:317,14,1,0
BRDA:321,15,0,0
BRDA:321,15,1,0
BRDA:321,15,2,0
BRDA:321,15,3,0
BRF:34
BRH:0
end_of_record
TN:
SF:scripts/settings.js
FN:11,(anonymous_0)
FN:68,(anonymous_1)
FN:85,(anonymous_2)
FN:109,(anonymous_3)
FN:121,(anonymous_4)
FN:122,(anonymous_5)
FN:144,(anonymous_6)
FN:228,(anonymous_7)
FN:238,(anonymous_8)
FN:282,(anonymous_9)
FN:298,(anonymous_10)
FN:306,(anonymous_11)
FN:315,(anonymous_12)
FN:323,(anonymous_13)
FNF:14
FNH:0
FNDA:0,(anonymous_0)
FNDA:0,(anonymous_1)
FNDA:0,(anonymous_2)
FNDA:0,(anonymous_3)
FNDA:0,(anonymous_4)
FNDA:0,(anonymous_5)
FNDA:0,(anonymous_6)
FNDA:0,(anonymous_7)
FNDA:0,(anonymous_8)
FNDA:0,(anonymous_9)
FNDA:0,(anonymous_10)
FNDA:0,(anonymous_11)
FNDA:0,(anonymous_12)
FNDA:0,(anonymous_13)
DA:12,0
DA:13,0
DA:15,0
DA:17,0
DA:18,0
DA:19,0
DA:20,0
DA:21,0
DA:24,0
DA:26,0
DA:28,0
DA:30,0
DA:31,0
DA:34,0
DA:35,0
DA:36,0
DA:38,0
DA:39,0
DA:42,0
DA:46,0
DA:52,0
DA:53,0
DA:54,0
DA:56,0
DA:57,0
DA:61,0
DA:62,0
DA:63,0
DA:64,0
DA:70,0
DA:78,0
DA:86,0
DA:87,0
DA:90,0
DA:92,0
DA:97,0
DA:107,0
DA:108,0
DA:109,0
DA:110,0
DA:113,0
DA:122,0
DA:123,0
DA:124,0
DA:127,0
DA:132,0
DA:145,0
DA:146,0
DA:152,0
DA:162,0
DA:172,0
DA:183,0
DA:193,0
DA:201,0
DA:211,0
DA:221,0
DA:230,0
DA:231,0
DA:232,0
DA:238,0
DA:240,0
DA:241,0
DA:242,0
DA:243,0
DA:247,0
DA:251,0
DA:252,0
DA:254,0
DA:255,0
DA:256,0
DA:259,0
DA:260,0
DA:261,0
DA:263,0
DA:264,0
DA:268,0
DA:269,0
DA:270,0
DA:274,0
DA:284,0
DA:287,0
DA:288,0
DA:292,0
DA:299,0
DA:307,0
DA:316,0
DA:324,0
LF:87
LH:0
BRDA:17,0,0,0
BRDA:17,0,1,0
BRDA:18,1,0,0
BRDA:18,1,1,0
BRDA:26,2,0,0
BRDA:26,2,1,0
BRDA:26,3,0,0
BRDA:26,3,1,0
BRDA:34,4,0,0
BRDA:34,4,1,0
BRDA:36,5,0,0
BRDA:36,5,1,0
BRDA:38,6,0,0
BRDA:38,6,1,0
BRDA:61,7,0,0
BRDA:61,7,1,0
BRDA:61,8,0,0
BRDA:61,8,1,0
BRDA:61,8,2,0
BRDA:86,9,0,0
BRDA:86,9,1,0
BRDA:86,10,0,0
BRDA:86,10,1,0
BRDA:120,11,0,0
BRDA:120,11,1,0
BRDA:123,12,0,0
BRDA:123,12,1,0
BRDA:145,13,0,0
BRDA:145,13,1,0
BRDA:230,14,0,0
BRDA:230,14,1,0
BRDA:241,15,0,0
BRDA:241,15,1,0
BRDA:254,16,0,0
BRDA:254,16,1,0
BRDA:254,17,0,0
BRDA:254,17,1,0
BRDA:259,18,0,0
BRDA:259,18,1,0
BRDA:259,19,0,0
BRDA:259,19,1,0
BRDA:268,20,0,0
BRDA:268,20,1,0
BRDA:284,21,0,0
BRDA:284,21,1,0
BRDA:287,22,0,0
BRDA:287,22,1,0
BRDA:307,23,0,0
BRDA:307,23,1,0
BRF:49
BRH:0
end_of_record
TN:
SF:scripts/tool-test.js
FN:7,(anonymous_0)
FN:14,(anonymous_1)
FN:57,(anonymous_2)
FN:107,(anonymous_3)
FN:136,(anonymous_4)
FN:151,(anonymous_5)
FN:156,(anonymous_6)
FNF:7
FNH:0
FNDA:0,(anonymous_0)
FNDA:0,(anonymous_1)
FNDA:0,(anonymous_2)
FNDA:0,(anonymous_3)
FNDA:0,(anonymous_4)
FNDA:0,(anonymous_5)
FNDA:0,(anonymous_6)
DA:8,0
DA:15,0
DA:27,0
DA:34,0
DA:35,0
DA:36,0
DA:37,0
DA:38,0
DA:39,0
DA:41,0
DA:44,0
DA:47,0
DA:51,0
DA:58,0
DA:61,0
DA:62,0
DA:63,0
DA:64,0
DA:71,0
DA:80,0
DA:81,0
DA:82,0
DA:86,0
DA:93,0
DA:101,0
DA:108,0
DA:109,0
DA:111,0
DA:112,0
DA:113,0
DA:114,0
DA:115,0
DA:122,0
DA:131,0
DA:136,0
DA:137,0
DA:138,0
DA:139,0
DA:142,0
DA:144,0
DA:147,0
DA:148,0
DA:151,0
DA:152,0
DA:156,0
DA:157,0
LF:46
LH:0
BRDA:36,0,0,0
BRDA:36,0,1,0
BRDA:38,1,0,0
BRDA:38,1,1,0
BRDA:38,2,0,0
BRDA:38,2,1,0
BRDA:68,3,0,0
BRDA:68,3,1,0
BRDA:90,4,0,0
BRDA:90,4,1,0
BRDA:118,5,0,0
BRDA:118,5,1,0
BRDA:118,6,0,0
BRDA:118,6,1,0
BRDA:119,7,0,0
BRDA:119,7,1,0
BRDA:137,8,0,0
BRDA:137,8,1,0
BRF:18
BRH:0
end_of_record
TN:
SF:scripts/chat/ai-service.js
FN:4,(anonymous_0)
FN:14,(anonymous_1)
FN:77,(anonymous_2)
FN:142,(anonymous_3)
FN:208,(anonymous_4)
FN:260,(anonymous_5)
FN:357,(anonymous_6)
FN:443,(anonymous_7)
FN:449,(anonymous_8)
FN:460,(anonymous_9)
FN:461,(anonymous_10)
FN:470,(anonymous_11)
FN:472,(anonymous_12)
FN:475,(anonymous_13)
FN:561,(anonymous_14)
FN:568,(anonymous_15)
FNF:16
FNH:0
FNDA:0,(anonymous_0)
FNDA:0,(anonymous_1)
FNDA:0,(anonymous_2)
FNDA:0,(anonymous_3)
FNDA:0,(anonymous_4)
FNDA:0,(anonymous_5)
FNDA:0,(anonymous_6)
FNDA:0,(anonymous_7)
FNDA:0,(anonymous_8)
FNDA:0,(anonymous_9)
FNDA:0,(anonymous_10)
FNDA:0,(anonymous_11)
FNDA:0,(anonymous_12)
FNDA:0,(anonymous_13)
FNDA:0,(anonymous_14)
FNDA:0,(anonymous_15)
DA:5,0
DA:6,0
DA:7,0
DA:15,0
DA:19,0
DA:20,0
DA:21,0
DA:30,0
DA:31,0
DA:32,0
DA:34,0
DA:35,0
DA:67,0
DA:71,0
DA:78,0
DA:80,0
DA:85,0
DA:95,0
DA:96,0
DA:97,0
DA:98,0
DA:99,0
DA:100,0
DA:102,0
DA:113,0
DA:125,0
DA:132,0
DA:142,0
DA:153,0
DA:154,0
DA:157,0
DA:158,0
DA:160,0
DA:170,0
DA:171,0
DA:179,0
DA:181,0
DA:182,0
DA:183,0
DA:184,0
DA:186,0
DA:189,0
DA:190,0
DA:196,0
DA:200,0
DA:203,0
DA:208,0
DA:222,0
DA:223,0
DA:225,0
DA:227,0
DA:228,0
DA:231,0
DA:236,0
DA:237,0
DA:240,0
DA:243,0
DA:244,0
DA:246,0
DA:252,0
DA:261,0
DA:262,0
DA:264,0
DA:265,0
DA:266,0
DA:268,0
DA:269,0
DA:270,0
DA:271,0
DA:274,0
DA:275,0
DA:277,0
DA:278,0
DA:279,0
DA:281,0
DA:282,0
DA:283,0
DA:284,0
DA:286,0
DA:287,0
DA:288,0
DA:290,0
DA:291,0
DA:292,0
DA:295,0
DA:297,0
DA:299,0
DA:300,0
DA:301,0
DA:305,0
DA:307,0
DA:308,0
DA:309,0
DA:315,0
DA:322,0
DA:323,0
DA:324,0
DA:325,0
DA:326,0
DA:327,0
DA:329,0
DA:330,0
DA:336,0
DA:337,0
DA:344,0
DA:347,0
DA:348,0
DA:350,0
DA:358,0
DA:366,0
DA:367,0
DA:369,0
DA:377,0
DA:378,0
DA:383,0
DA:384,0
DA:385,0
DA:391,0
DA:393,0
DA:394,0
DA:395,0
DA:400,0
DA:401,0
DA:403,0
DA:405,0
DA:406,0
DA:416,0
DA:417,0
DA:419,0
DA:422,0
DA:430,0
DA:446,0
DA:449,0
DA:450,0
DA:451,0
DA:453,0
DA:456,0
DA:460,0
DA:461,0
DA:464,0
DA:471,0
DA:472,0
DA:473,0
DA:474,0
DA:475,0
DA:476,0
DA:477,0
DA:480,0
DA:483,0
DA:562,0
DA:569,0
LF:151
LH:0
BRDA:20,0,0,0
BRDA:20,0,1,0
BRDA:34,1,0,0
BRDA:34,1,1,0
BRDA:90,2,0,0
BRDA:90,2,1,0
BRDA:90,3,0,0
BRDA:90,3,1,0
BRDA:90,4,0,0
BRDA:90,4,1,0
BRDA:106,5,0,0
BRDA:106,5,1,0
BRDA:108,6,0,0
BRDA:108,6,1,0
BRDA:116,7,0,0
BRDA:116,7,1,0
BRDA:116,8,0,0
BRDA:116,8,1,0
BRDA:137,9,0,0
BRDA:137,9,1,0
BRDA:145,10,0,0
BRDA:145,10,1,0
BRDA:145,11,0,0
BRDA:145,11,1,0
BRDA:146,12,0,0
BRDA:146,12,1,0
BRDA:146,13,0,0
BRDA:146,13,1,0
BRDA:146,14,0,0
BRDA:146,14,1,0
BRDA:154,15,0,0
BRDA:154,15,1,0
BRDA:164,16,0,0
BRDA:164,16,1,0
BRDA:179,17,0,0
BRDA:179,17,1,0
BRDA:212,18,0,0
BRDA:212,18,1,0
BRDA:213,19,0,0
BRDA:213,19,1,0
BRDA:223,20,0,0
BRDA:223,20,1,0
BRDA:227,21,0,0
BRDA:227,21,1,0
BRDA:232,22,0,0
BRDA:232,22,1,0
BRDA:233,23,0,0
BRDA:233,23,1,0
BRDA:236,24,0,0
BRDA:236,24,1,0
BRDA:243,25,0,0
BRDA:243,25,1,0
BRDA:270,26,0,0
BRDA:270,26,1,0
BRDA:275,27,0,0
BRDA:275,27,1,0
BRDA:279,28,0,0
BRDA:279,28,1,0
BRDA:282,29,0,0
BRDA:282,29,1,0
BRDA:284,30,0,0
BRDA:284,30,1,0
BRDA:290,31,0,0
BRDA:290,31,1,0
BRDA:295,32,0,0
BRDA:295,32,1,0
BRDA:300,33,0,0
BRDA:300,33,1,0
BRDA:303,34,0,0
BRDA:303,34,1,0
BRDA:305,35,0,0
BRDA:305,35,1,0
BRDA:308,36,0,0
BRDA:308,36,1,0
BRDA:322,37,0,0
BRDA:322,37,1,0
BRDA:336,38,0,0
BRDA:336,38,1,0
BRDA:336,39,0,0
BRDA:336,39,1,0
BRDA:362,40,0,0
BRDA:362,40,1,0
BRDA:363,41,0,0
BRDA:363,41,1,0
BRDA:373,42,0,0
BRDA:373,42,1,0
BRDA:380,43,0,0
BRDA:380,43,1,0
BRDA:383,44,0,0
BRDA:383,44,1,0
BRDA:383,45,0,0
BRDA:383,45,1,0
BRDA:393,46,0,0
BRDA:393,46,1,0
BRDA:410,47,0,0
BRDA:410,47,1,0
BRDA:410,48,0,0
BRDA:410,48,1,0
BRDA:417,49,0,0
BRDA:417,49,1,0
BRDA:450,50,0,0
BRDA:450,50,1,0
BRDA:450,51,0,0
BRDA:450,51,1,0
BRDA:461,52,0,0
BRDA:461,52,1,0
BRDA:474,53,0,0
BRDA:474,53,1,0
BRDA:474,54,0,0
BRDA:474,54,1,0
BRDA:477,55,0,0
BRDA:477,55,1,0
BRDA:511,56,0,0
BRDA:511,56,1,0
BRDA:552,57,0,0
BRDA:552,57,1,0
BRDA:553,58,0,0
BRDA:553,58,1,0
BRDA:553,59,0,0
BRDA:553,59,1,0
BRF:120
BRH:0
end_of_record
TN:
SF:scripts/chat/simulacrum-chat.js
FN:18,(anonymous_0)
FN:52,(anonymous_1)
FN:69,(anonymous_2)
FN:91,(anonymous_3)
FN:101,(anonymous_4)
FN:135,(anonymous_5)
FN:152,(anonymous_6)
FN:165,(anonymous_7)
FN:198,(anonymous_8)
FN:199,(anonymous_9)
FN:221,(anonymous_10)
FN:239,(anonymous_11)
FN:269,(anonymous_12)
FN:284,(anonymous_13)
FN:286,(anonymous_14)
FN:298,(anonymous_15)
FN:327,(anonymous_16)
FN:329,(anonymous_17)
FN:333,(anonymous_18)
FN:339,(anonymous_19)
FN:364,(anonymous_20)
FN:396,(anonymous_21)
FN:433,(anonymous_22)
FN:449,(anonymous_23)
FN:454,(anonymous_24)
FN:462,(anonymous_25)
FN:468,(anonymous_26)
FN:472,(anonymous_27)
FN:483,(anonymous_28)
FN:489,(anonymous_29)
FN:497,(anonymous_30)
FN:508,(anonymous_31)
FN:525,(anonymous_32)
FN:545,(anonymous_33)
FN:561,(anonymous_34)
FN:571,(anonymous_35)
FN:593,(anonymous_36)
FN:620,(anonymous_37)
FN:709,(anonymous_38)
FN:744,(anonymous_39)
FN:762,(anonymous_40)
FN:789,(anonymous_41)
FN:797,(anonymous_42)
FN:810,(anonymous_43)
FNF:44
FNH:0
FNDA:0,(anonymous_0)
FNDA:0,(anonymous_1)
FNDA:0,(anonymous_2)
FNDA:0,(anonymous_3)
FNDA:0,(anonymous_4)
FNDA:0,(anonymous_5)
FNDA:0,(anonymous_6)
FNDA:0,(anonymous_7)
FNDA:0,(anonymous_8)
FNDA:0,(anonymous_9)
FNDA:0,(anonymous_10)
FNDA:0,(anonymous_11)
FNDA:0,(anonymous_12)
FNDA:0,(anonymous_13)
FNDA:0,(anonymous_14)
FNDA:0,(anonymous_15)
FNDA:0,(anonymous_16)
FNDA:0,(anonymous_17)
FNDA:0,(anonymous_18)
FNDA:0,(anonymous_19)
FNDA:0,(anonymous_20)
FNDA:0,(anonymous_21)
FNDA:0,(anonymous_22)
FNDA:0,(anonymous_23)
FNDA:0,(anonymous_24)
FNDA:0,(anonymous_25)
FNDA:0,(anonymous_26)
FNDA:0,(anonymous_27)
FNDA:0,(anonymous_28)
FNDA:0,(anonymous_29)
FNDA:0,(anonymous_30)
FNDA:0,(anonymous_31)
FNDA:0,(anonymous_32)
FNDA:0,(anonymous_33)
FNDA:0,(anonymous_34)
FNDA:0,(anonymous_35)
FNDA:0,(anonymous_36)
FNDA:0,(anonymous_37)
FNDA:0,(anonymous_38)
FNDA:0,(anonymous_39)
FNDA:0,(anonymous_40)
FNDA:0,(anonymous_41)
FNDA:0,(anonymous_42)
FNDA:0,(anonymous_43)
DA:16,0
DA:19,0
DA:27,0
DA:28,0
DA:29,0
DA:30,0
DA:33,0
DA:36,0
DA:40,0
DA:43,0
DA:52,0
DA:53,0
DA:54,0
DA:59,0
DA:62,0
DA:65,0
DA:68,0
DA:69,0
DA:71,0
DA:72,0
DA:73,0
DA:76,0
DA:77,0
DA:79,0
DA:80,0
DA:81,0
DA:92,0
DA:93,0
DA:103,0
DA:104,0
DA:105,0
DA:108,0
DA:111,0
DA:112,0
DA:115,0
DA:116,0
DA:117,0
DA:120,0
DA:121,0
DA:126,0
DA:127,0
DA:128,0
DA:136,0
DA:143,0
DA:146,0
DA:153,0
DA:156,0
DA:157,0
DA:166,0
DA:167,0
DA:168,0
DA:169,0
DA:172,0
DA:175,0
DA:178,0
DA:181,0
DA:189,0
DA:190,0
DA:199,0
DA:200,0
DA:201,0
DA:203,0
DA:205,0
DA:208,0
DA:211,0
DA:213,0
DA:222,0
DA:223,0
DA:226,0
DA:229,0
DA:230,0
DA:231,0
DA:232,0
DA:236,0
DA:239,0
DA:242,0
DA:243,0
DA:244,0
DA:245,0
DA:246,0
DA:247,0
DA:248,0
DA:249,0
DA:250,0
DA:251,0
DA:252,0
DA:253,0
DA:255,0
DA:256,0
DA:260,0
DA:269,0
DA:270,0
DA:271,0
DA:272,0
DA:276,0
DA:285,0
DA:286,0
DA:288,0
DA:289,0
DA:290,0
DA:300,0
DA:303,0
DA:304,0
DA:312,0
DA:319,0
DA:329,0
DA:331,0
DA:335,0
DA:339,0
DA:340,0
DA:341,0
DA:344,0
DA:347,0
DA:354,0
DA:359,0
DA:360,0
DA:361,0
DA:364,0
DA:366,0
DA:369,0
DA:370,0
DA:371,0
DA:374,0
DA:375,0
DA:377,0
DA:378,0
DA:382,0
DA:383,0
DA:397,0
DA:399,0
DA:401,0
DA:404,0
DA:405,0
DA:408,0
DA:411,0
DA:414,0
DA:417,0
DA:418,0
DA:423,0
DA:425,0
DA:429,0
DA:430,0
DA:433,0
DA:434,0
DA:435,0
DA:439,0
DA:440,0
DA:450,0
DA:453,0
DA:454,0
DA:455,0
DA:456,0
DA:457,0
DA:461,0
DA:462,0
DA:463,0
DA:467,0
DA:468,0
DA:469,0
DA:470,0
DA:472,0
DA:473,0
DA:474,0
DA:476,0
DA:482,0
DA:483,0
DA:484,0
DA:488,0
DA:489,0
DA:490,0
DA:491,0
DA:496,0
DA:497,0
DA:498,0
DA:499,0
DA:510,0
DA:513,0
DA:527,0
DA:528,0
DA:529,0
DA:533,0
DA:547,0
DA:548,0
DA:549,0
DA:562,0
DA:563,0
DA:564,0
DA:572,0
DA:574,0
DA:575,0
DA:577,0
DA:578,0
DA:579,0
DA:583,0
DA:584,0
DA:586,0
DA:594,0
DA:596,0
DA:597,0
DA:599,0
DA:600,0
DA:602,0
DA:603,0
DA:604,0
DA:606,0
DA:609,0
DA:610,0
DA:621,0
DA:622,0
DA:623,0
DA:626,0
DA:627,0
DA:630,0
DA:639,0
DA:645,0
DA:646,0
DA:650,0
DA:653,0
DA:656,0
DA:657,0
DA:658,0
DA:661,0
DA:664,0
DA:667,0
DA:670,0
DA:673,0
DA:676,0
DA:679,0
DA:682,0
DA:689,0
DA:690,0
DA:692,0
DA:693,0
DA:696,0
DA:698,0
DA:710,0
DA:712,0
DA:713,0
DA:721,0
DA:722,0
DA:724,0
DA:726,0
DA:727,0
DA:729,0
DA:746,0
DA:747,0
DA:753,0
DA:763,0
DA:765,0
DA:766,0
DA:767,0
DA:768,0
DA:771,0
DA:774,0
DA:777,0
DA:790,0
DA:791,0
DA:792,0
DA:793,0
DA:797,0
DA:798,0
DA:799,0
DA:802,0
DA:803,0
DA:804,0
DA:811,0
DA:812,0
DA:814,0
DA:815,0
DA:818,0
LF:270
LH:0
BRDA:18,0,0,0
BRDA:28,1,0,0
BRDA:28,1,1,0
BRDA:53,2,0,0
BRDA:53,2,1,0
BRDA:71,3,0,0
BRDA:71,3,1,0
BRDA:79,4,0,0
BRDA:79,4,1,0
BRDA:101,5,0,0
BRDA:103,6,0,0
BRDA:103,6,1,0
BRDA:108,7,0,0
BRDA:108,7,1,0
BRDA:111,8,0,0
BRDA:111,8,1,0
BRDA:115,9,0,0
BRDA:115,9,1,0
BRDA:135,10,0,0
BRDA:156,11,0,0
BRDA:156,11,1,0
BRDA:166,12,0,0
BRDA:166,12,1,0
BRDA:189,13,0,0
BRDA:189,13,1,0
BRDA:189,14,0,0
BRDA:189,14,1,0
BRDA:201,15,0,0
BRDA:201,15,1,0
BRDA:223,16,0,0
BRDA:223,16,1,0
BRDA:230,17,0,0
BRDA:230,17,1,0
BRDA:242,18,0,0
BRDA:242,18,1,0
BRDA:245,19,0,0
BRDA:245,19,1,0
BRDA:248,20,0,0
BRDA:248,20,1,0
BRDA:251,21,0,0
BRDA:251,21,1,0
BRDA:256,22,0,0
BRDA:256,22,1,0
BRDA:288,23,0,0
BRDA:288,23,1,0
BRDA:303,24,0,0
BRDA:303,24,1,0
BRDA:344,25,0,0
BRDA:344,25,1,0
BRDA:370,26,0,0
BRDA:370,26,1,0
BRDA:397,27,0,0
BRDA:397,27,1,0
BRDA:411,28,0,0
BRDA:411,28,1,0
BRDA:411,28,2,0
BRDA:417,29,0,0
BRDA:417,29,1,0
BRDA:417,30,0,0
BRDA:417,30,1,0
BRDA:450,31,0,0
BRDA:450,31,1,0
BRDA:473,32,0,0
BRDA:473,32,1,0
BRDA:490,33,0,0
BRDA:490,33,1,0
BRDA:490,34,0,0
BRDA:490,34,1,0
BRDA:490,34,2,0
BRDA:498,35,0,0
BRDA:498,35,1,0
BRDA:508,36,0,0
BRDA:527,37,0,0
BRDA:527,37,1,0
BRDA:547,38,0,0
BRDA:547,38,1,0
BRDA:562,39,0,0
BRDA:562,39,1,0
BRDA:572,40,0,0
BRDA:572,40,1,0
BRDA:575,41,0,0
BRDA:575,41,1,0
BRDA:577,42,0,0
BRDA:577,42,1,0
BRDA:594,43,0,0
BRDA:594,43,1,0
BRDA:597,44,0,0
BRDA:597,44,1,0
BRDA:602,45,0,0
BRDA:602,45,1,0
BRDA:604,46,0,0
BRDA:604,46,1,0
BRDA:622,47,0,0
BRDA:622,47,1,0
BRDA:627,48,0,0
BRDA:627,48,1,0
BRDA:645,49,0,0
BRDA:645,49,1,0
BRDA:692,50,0,0
BRDA:692,50,1,0
BRDA:692,51,0,0
BRDA:692,51,1,0
BRDA:710,52,0,0
BRDA:710,52,1,0
BRDA:712,53,0,0
BRDA:712,53,1,0
BRDA:724,54,0,0
BRDA:724,54,1,0
BRDA:727,55,0,0
BRDA:727,55,1,0
BRDA:746,56,0,0
BRDA:746,56,1,0
BRDA:765,57,0,0
BRDA:765,57,1,0
BRDA:766,58,0,0
BRDA:766,58,1,0
BRDA:767,59,0,0
BRDA:767,59,1,0
BRDA:771,60,0,0
BRDA:771,60,1,0
BRDA:790,61,0,0
BRDA:790,61,1,0
BRDA:790,62,0,0
BRDA:790,62,1,0
BRDA:797,63,0,0
BRDA:797,63,1,0
BRDA:814,64,0,0
BRDA:814,64,1,0
BRF:128
BRH:0
end_of_record
TN:
SF:scripts/core/agentic-context.js
FN:36,(anonymous_0)
FN:48,(anonymous_1)
FN:60,(anonymous_2)
FN:73,(anonymous_3)
FN:74,(anonymous_4)
FN:88,(anonymous_5)
FN:100,(anonymous_6)
FN:112,(anonymous_7)
FN:150,(anonymous_8)
FN:168,(anonymous_9)
FN:176,(anonymous_10)
FN:177,(anonymous_11)
FN:189,(anonymous_12)
FN:190,(anonymous_13)
FN:204,(anonymous_14)
FN:221,(anonymous_15)
FNF:16
FNH:0
FNDA:0,(anonymous_0)
FNDA:0,(anonymous_1)
FNDA:0,(anonymous_2)
FNDA:0,(anonymous_3)
FNDA:0,(anonymous_4)
FNDA:0,(anonymous_5)
FNDA:0,(anonymous_6)
FNDA:0,(anonymous_7)
FNDA:0,(anonymous_8)
FNDA:0,(anonymous_9)
FNDA:0,(anonymous_10)
FNDA:0,(anonymous_11)
FNDA:0,(anonymous_12)
FNDA:0,(anonymous_13)
FNDA:0,(anonymous_14)
FNDA:0,(anonymous_15)
DA:41,0
DA:49,0
DA:61,0
DA:74,0
DA:75,0
DA:89,0
DA:101,0
DA:118,0
DA:119,0
DA:120,0
DA:122,0
DA:123,0
DA:125,0
DA:127,0
DA:128,0
DA:131,0
DA:133,0
DA:134,0
DA:136,0
DA:137,0
DA:139,0
DA:140,0
DA:143,0
DA:151,0
DA:152,0
DA:153,0
DA:156,0
DA:157,0
DA:158,0
DA:159,0
DA:160,0
DA:162,0
DA:169,0
DA:177,0
DA:190,0
DA:205,0
DA:206,0
DA:207,0
DA:208,0
DA:209,0
DA:210,0
DA:211,0
DA:222,0
DA:223,0
DA:224,0
DA:225,0
DA:226,0
LF:47
LH:0
BRDA:77,0,0,0
BRDA:77,0,1,0
BRDA:79,1,0,0
BRDA:79,1,1,0
BRDA:120,2,0,0
BRDA:120,2,1,0
BRDA:120,2,2,0
BRDA:120,2,3,0
BRDA:120,2,4,0
BRDA:127,3,0,0
BRDA:127,3,1,0
BRDA:127,4,0,0
BRDA:127,4,1,0
BRDA:133,5,0,0
BRDA:133,5,1,0
BRDA:152,6,0,0
BRDA:152,6,1,0
BRDA:157,7,0,0
BRDA:157,7,1,0
BRDA:157,8,0,0
BRDA:157,8,1,0
BRDA:159,9,0,0
BRDA:159,9,1,0
BRDA:159,10,0,0
BRDA:159,10,1,0
BRDA:181,11,0,0
BRDA:181,11,1,0
BRDA:193,12,0,0
BRDA:193,12,1,0
BRDA:194,13,0,0
BRDA:194,13,1,0
BRDA:205,14,0,0
BRDA:205,14,1,0
BRDA:205,14,2,0
BRDA:205,14,3,0
BRDA:205,14,4,0
BRDA:205,14,5,0
BRDA:222,15,0,0
BRDA:222,15,1,0
BRDA:222,15,2,0
BRDA:222,15,3,0
BRF:41
BRH:0
end_of_record
TN:
SF:scripts/core/agentic-loop-controller.js
FN:20,(anonymous_0)
FN:74,(anonymous_1)
FN:81,(anonymous_2)
FN:91,(anonymous_3)
FN:103,(anonymous_4)
FN:118,(anonymous_5)
FN:133,(anonymous_6)
FN:144,(anonymous_7)
FN:178,(anonymous_8)
FN:298,(anonymous_9)
FNF:10
FNH:0
FNDA:0,(anonymous_0)
FNDA:0,(anonymous_1)
FNDA:0,(anonymous_2)
FNDA:0,(anonymous_3)
FNDA:0,(anonymous_4)
FNDA:0,(anonymous_5)
FNDA:0,(anonymous_6)
FNDA:0,(anonymous_7)
FNDA:0,(anonymous_8)
FNDA:0,(anonymous_9)
DA:25,0
DA:31,0
DA:37,0
DA:43,0
DA:49,0
DA:55,0
DA:61,0
DA:67,0
DA:75,0
DA:82,0
DA:92,0
DA:93,0
DA:94,0
DA:95,0
DA:104,0
DA:105,0
DA:108,0
DA:109,0
DA:119,0
DA:120,0
DA:123,0
DA:124,0
DA:134,0
DA:135,0
DA:145,0
DA:146,0
DA:148,0
DA:149,0
DA:150,0
DA:151,0
DA:152,0
DA:153,0
DA:159,0
DA:160,0
DA:161,0
DA:169,0
DA:170,0
DA:179,0
DA:180,0
DA:183,0
DA:184,0
DA:185,0
DA:186,0
DA:188,0
DA:189,0
DA:190,0
DA:194,0
DA:196,0
DA:197,0
DA:199,0
DA:200,0
DA:201,0
DA:203,0
DA:204,0
DA:207,0
DA:208,0
DA:209,0
DA:213,0
DA:214,0
DA:215,0
DA:216,0
DA:219,0
DA:220,0
DA:222,0
DA:223,0
DA:227,0
DA:228,0
DA:229,0
DA:233,0
DA:234,0
DA:235,0
DA:238,0
DA:239,0
DA:240,0
DA:241,0
DA:245,0
DA:246,0
DA:247,0
DA:251,0
DA:254,0
DA:255,0
DA:256,0
DA:259,0
DA:262,0
DA:263,0
DA:264,0
DA:268,0
DA:269,0
DA:273,0
DA:277,0
DA:278,0
DA:280,0
DA:281,0
DA:283,0
DA:287,0
DA:288,0
DA:289,0
DA:290,0
DA:291,0
DA:299,0
DA:300,0
DA:301,0
LF:102
LH:0
BRDA:104,0,0,0
BRDA:104,0,1,0
BRDA:104,1,0,0
BRDA:104,1,1,0
BRDA:119,2,0,0
BRDA:119,2,1,0
BRDA:119,3,0,0
BRDA:119,3,1,0
BRDA:184,4,0,0
BRDA:184,4,1,0
BRDA:199,5,0,0
BRDA:199,5,1,0
BRDA:207,6,0,0
BRDA:207,6,1,0
BRDA:227,7,0,0
BRDA:227,7,1,0
BRDA:227,8,0,0
BRDA:227,8,1,0
BRDA:238,9,0,0
BRDA:238,9,1,0
BRDA:245,10,0,0
BRDA:245,10,1,0
BRDA:254,11,0,0
BRDA:254,11,1,0
BRDA:254,12,0,0
BRDA:254,12,1,0
BRDA:262,13,0,0
BRDA:262,13,1,0
BRDA:287,14,0,0
BRDA:287,14,1,0
BRDA:290,15,0,0
BRDA:290,15,1,0
BRF:32
BRH:0
end_of_record
TN:
SF:scripts/core/confirmation-dialog.js
FN:13,(anonymous_0)
FN:15,(anonymous_1)
FN:22,(anonymous_2)
FN:26,(anonymous_3)
FN:30,(anonymous_4)
FN:34,(anonymous_5)
FN:42,(anonymous_6)
FN:53,(anonymous_7)
FNF:8
FNH:0
FNDA:0,(anonymous_0)
FNDA:0,(anonymous_1)
FNDA:0,(anonymous_2)
FNDA:0,(anonymous_3)
FNDA:0,(anonymous_4)
FNDA:0,(anonymous_5)
FNDA:0,(anonymous_6)
FNDA:0,(anonymous_7)
DA:14,0
DA:15,0
DA:16,0
DA:22,0
DA:26,0
DA:30,0
DA:34,0
DA:43,0
DA:44,0
DA:54,0
DA:56,0
DA:58,0
DA:60,0
DA:62,0
DA:64,0
LF:15
LH:0
BRDA:13,0,0,0
BRDA:21,1,0,0
BRDA:21,1,1,0
BRDA:25,2,0,0
BRDA:25,2,1,0
BRDA:29,3,0,0
BRDA:29,3,1,0
BRDA:33,4,0,0
BRDA:33,4,1,0
BRDA:54,5,0,0
BRDA:54,5,1,0
BRDA:54,5,2,0
BRDA:54,5,3,0
BRDA:54,5,4,0
BRF:14
BRH:0
end_of_record
TN:
SF:scripts/core/confirmation.js
FN:4,(anonymous_0)
FN:8,(anonymous_1)
FN:17,(anonymous_2)
FN:24,(anonymous_3)
FN:30,(anonymous_4)
FN:37,(anonymous_5)
FN:43,(anonymous_6)
FN:53,(anonymous_7)
FN:72,(anonymous_8)
FN:85,(anonymous_9)
FNF:10
FNH:0
FNDA:0,(anonymous_0)
FNDA:0,(anonymous_1)
FNDA:0,(anonymous_2)
FNDA:0,(anonymous_3)
FNDA:0,(anonymous_4)
FNDA:0,(anonymous_5)
FNDA:0,(anonymous_6)
FNDA:0,(anonymous_7)
FNDA:0,(anonymous_8)
FNDA:0,(anonymous_9)
DA:5,0
DA:9,0
DA:11,0
DA:12,0
DA:15,0
DA:17,0
DA:18,0
DA:25,0
DA:31,0
DA:32,0
DA:38,0
DA:44,0
DA:54,0
DA:56,0
DA:73,0
DA:75,0
DA:77,0
DA:79,0
DA:81,0
DA:86,0
LF:20
LH:0
BRDA:8,0,0,0
BRDA:11,1,0,0
BRDA:11,1,1,0
BRDA:73,2,0,0
BRDA:73,2,1,0
BRDA:73,2,2,0
BRDA:73,2,3,0
BRF:7
BRH:0
end_of_record
TN:
SF:scripts/core/context-compaction.js
FN:16,(anonymous_0)
FN:55,(anonymous_1)
FN:67,(anonymous_2)
FN:76,(anonymous_3)
FN:87,(anonymous_4)
FN:109,(anonymous_5)
FN:160,(anonymous_6)
FN:166,(anonymous_7)
FN:191,(anonymous_8)
FNF:9
FNH:0
FNDA:0,(anonymous_0)
FNDA:0,(anonymous_1)
FNDA:0,(anonymous_2)
FNDA:0,(anonymous_3)
FNDA:0,(anonymous_4)
FNDA:0,(anonymous_5)
FNDA:0,(anonymous_6)
FNDA:0,(anonymous_7)
FNDA:0,(anonymous_8)
DA:17,0
DA:19,0
DA:20,0
DA:21,0
DA:22,0
DA:26,0
DA:32,0
DA:33,0
DA:34,0
DA:35,0
DA:37,0
DA:38,0
DA:41,0
DA:45,0
DA:46,0
DA:47,0
DA:56,0
DA:57,0
DA:58,0
DA:59,0
DA:68,0
DA:69,0
DA:77,0
DA:78,0
DA:88,0
DA:89,0
DA:92,0
DA:93,0
DA:94,0
DA:96,0
DA:97,0
DA:98,0
DA:101,0
DA:110,0
DA:112,0
DA:114,0
DA:115,0
DA:117,0
DA:119,0
DA:120,0
DA:124,0
DA:125,0
DA:126,0
DA:128,0
DA:131,0
DA:134,0
DA:145,0
DA:146,0
DA:149,0
DA:151,0
DA:161,0
DA:162,0
DA:166,0
DA:167,0
DA:168,0
DA:171,0
DA:185,0
DA:186,0
DA:187,0
DA:189,0
DA:191,0
LF:61
LH:0
BRDA:20,0,0,0
BRDA:20,0,1,0
BRDA:20,1,0,0
BRDA:20,1,1,0
BRDA:32,2,0,0
BRDA:32,2,1,0
BRDA:34,3,0,0
BRDA:34,3,1,0
BRDA:35,4,0,0
BRDA:35,4,1,0
BRDA:46,5,0,0
BRDA:46,5,1,0
BRDA:88,6,0,0
BRDA:88,6,1,0
BRDA:88,7,0,0
BRDA:88,7,1,0
BRDA:96,8,0,0
BRDA:96,8,1,0
BRDA:112,9,0,0
BRDA:112,9,1,0
BRDA:112,9,2,0
BRDA:114,10,0,0
BRDA:114,10,1,0
BRDA:115,11,0,0
BRDA:115,11,1,0
BRDA:117,12,0,0
BRDA:117,12,1,0
BRDA:161,13,0,0
BRDA:161,13,1,0
BRDA:161,14,0,0
BRDA:161,14,1,0
BRDA:167,15,0,0
BRDA:167,15,1,0
BRF:33
BRH:0
end_of_record
TN:
SF:scripts/core/context-window-detector.js
FN:10,(anonymous_0)
FN:19,(anonymous_1)
FN:138,(anonymous_2)
FN:197,(anonymous_3)
FN:207,(anonymous_4)
FNF:5
FNH:0
FNDA:0,(anonymous_0)
FNDA:0,(anonymous_1)
FNDA:0,(anonymous_2)
FNDA:0,(anonymous_3)
FNDA:0,(anonymous_4)
DA:11,0
DA:20,0
DA:21,0
DA:25,0
DA:26,0
DA:27,0
DA:31,0
DA:32,0
DA:39,0
DA:40,0
DA:43,0
DA:44,0
DA:47,0
DA:52,0
DA:54,0
DA:62,0
DA:63,0
DA:68,0
DA:69,0
DA:70,0
DA:71,0
DA:72,0
DA:78,0
DA:79,0
DA:88,0
DA:90,0
DA:98,0
DA:99,0
DA:100,0
DA:103,0
DA:112,0
DA:113,0
DA:114,0
DA:118,0
DA:119,0
DA:127,0
DA:128,0
DA:139,0
DA:140,0
DA:143,0
DA:144,0
DA:145,0
DA:147,0
DA:154,0
DA:155,0
DA:158,0
DA:159,0
DA:160,0
DA:161,0
DA:165,0
DA:166,0
DA:167,0
DA:168,0
DA:169,0
DA:170,0
DA:175,0
DA:176,0
DA:177,0
DA:178,0
DA:181,0
DA:182,0
DA:185,0
DA:186,0
DA:189,0
DA:190,0
DA:198,0
DA:199,0
DA:208,0
DA:209,0
DA:210,0
LF:70
LH:0
BRDA:20,0,0,0
BRDA:20,0,1,0
BRDA:26,1,0,0
BRDA:26,1,1,0
BRDA:31,2,0,0
BRDA:31,2,1,0
BRDA:52,3,0,0
BRDA:52,3,1,0
BRDA:52,4,0,0
BRDA:52,4,1,0
BRDA:71,5,0,0
BRDA:71,5,1,0
BRDA:88,6,0,0
BRDA:88,6,1,0
BRDA:88,7,0,0
BRDA:88,7,1,0
BRDA:88,7,2,0
BRDA:88,7,3,0
BRDA:88,7,4,0
BRDA:139,8,0,0
BRDA:139,8,1,0
BRDA:139,9,0,0
BRDA:139,9,1,0
BRDA:154,10,0,0
BRDA:154,10,1,0
BRDA:158,11,0,0
BRDA:158,11,1,0
BRDA:165,12,0,0
BRDA:165,12,1,0
BRDA:167,13,0,0
BRDA:167,13,1,0
BRDA:175,14,0,0
BRDA:175,14,1,0
BRDA:208,15,0,0
BRDA:208,15,1,0
BRDA:210,16,0,0
BRDA:210,16,1,0
BRF:37
BRH:0
end_of_record
TN:
SF:scripts/core/document-discovery-engine.js
FN:40,(anonymous_0)
FN:73,(anonymous_1)
FN:88,(anonymous_2)
FN:97,(anonymous_3)
FN:105,(anonymous_4)
FN:106,(anonymous_5)
FNF:6
FNH:0
FNDA:0,(anonymous_0)
FNDA:0,(anonymous_1)
FNDA:0,(anonymous_2)
FNDA:0,(anonymous_3)
FNDA:0,(anonymous_4)
FNDA:0,(anonymous_5)
DA:21,1
DA:41,0
DA:44,0
DA:45,0
DA:46,0
DA:51,0
DA:52,0
DA:53,0
DA:54,0
DA:55,0
DA:57,0
DA:63,0
DA:74,0
DA:75,0
DA:77,0
DA:78,0
DA:81,0
DA:89,0
DA:98,0
DA:106,0
DA:107,0
LF:21
LH:1
BRDA:45,0,0,0
BRDA:45,0,1,0
BRDA:52,1,0,0
BRDA:52,1,1,0
BRDA:52,2,0,0
BRDA:52,2,1,0
BRDA:54,3,0,0
BRDA:54,3,1,0
BRDA:77,4,0,0
BRDA:77,4,1,0
BRF:10
BRH:0
end_of_record
TN:
SF:scripts/core/dynamic-schema-modifier.js
FN:5,getImageValidator
FN:18,registerDynamicSchemaModifier
FN:27,(anonymous_2)
FN:28,(anonymous_3)
FN:72,(anonymous_4)
FN:102,(anonymous_5)
FN:127,(anonymous_6)
FNF:7
FNH:0
FNDA:0,getImageValidator
FNDA:0,registerDynamicSchemaModifier
FNDA:0,(anonymous_2)
FNDA:0,(anonymous_3)
FNDA:0,(anonymous_4)
FNDA:0,(anonymous_5)
FNDA:0,(anonymous_6)
DA:4,0
DA:6,0
DA:7,0
DA:8,0
DA:10,0
DA:19,0
DA:20,0
DA:23,0
DA:24,0
DA:27,0
DA:28,0
DA:29,0
DA:30,0
DA:31,0
DA:32,0
DA:34,0
DA:35,0
DA:36,0
DA:37,0
DA:40,0
DA:41,0
DA:42,0
DA:44,0
DA:45,0
DA:46,0
DA:47,0
DA:48,0
DA:49,0
DA:50,0
DA:53,0
DA:56,0
DA:57,0
DA:61,0
DA:62,0
DA:63,0
DA:64,0
DA:65,0
DA:66,0
DA:68,0
DA:72,0
DA:73,0
DA:74,0
DA:75,0
DA:76,0
DA:78,0
DA:79,0
DA:80,0
DA:82,0
DA:84,0
DA:91,0
DA:92,0
DA:93,0
DA:94,0
DA:95,0
DA:96,0
DA:97,0
DA:101,0
DA:102,0
DA:103,0
DA:105,0
DA:107,0
DA:108,0
DA:109,0
DA:111,0
DA:112,0
DA:115,0
DA:116,0
DA:120,0
DA:121,0
DA:122,0
DA:123,0
DA:127,0
DA:128,0
DA:129,0
DA:130,0
DA:131,0
DA:133,0
DA:134,0
DA:135,0
DA:137,0
DA:139,0
DA:143,0
DA:145,0
DA:146,0
DA:147,0
LF:85
LH:0
BRDA:6,0,0,0
BRDA:6,0,1,0
BRDA:40,1,0,0
BRDA:40,1,1,0
BRDA:44,2,0,0
BRDA:44,2,1,0
BRDA:44,2,2,0
BRDA:48,3,0,0
BRDA:48,3,1,0
BRDA:48,4,0,0
BRDA:48,4,1,0
BRDA:56,5,0,0
BRDA:56,5,1,0
BRDA:56,6,0,0
BRDA:56,6,1,0
BRDA:63,7,0,0
BRDA:63,7,1,0
BRDA:63,8,0,0
BRDA:63,8,1,0
BRDA:75,9,0,0
BRDA:75,9,1,0
BRDA:79,10,0,0
BRDA:79,10,1,0
BRDA:105,11,0,0
BRDA:105,11,1,0
BRDA:109,12,0,0
BRDA:109,12,1,0
BRDA:111,13,0,0
BRDA:111,13,1,0
BRDA:111,13,2,0
BRDA:112,14,0,0
BRDA:112,14,1,0
BRDA:112,15,0,0
BRDA:112,15,1,0
BRDA:115,16,0,0
BRDA:115,16,1,0
BRDA:115,17,0,0
BRDA:115,17,1,0
BRDA:121,18,0,0
BRDA:121,18,1,0
BRDA:121,19,0,0
BRDA:121,19,1,0
BRDA:130,20,0,0
BRDA:130,20,1,0
BRDA:134,21,0,0
BRDA:134,21,1,0
BRDA:147,22,0,0
BRDA:147,22,1,0
BRF:48
BRH:0
end_of_record
TN:
SF:scripts/core/foundry-schema-extractor.js
FN:16,(anonymous_0)
FN:44,(anonymous_1)
FNF:2
FNH:0
FNDA:0,(anonymous_0)
FNDA:0,(anonymous_1)
DA:17,0
DA:18,0
DA:19,0
DA:20,0
DA:21,0
DA:22,0
DA:25,0
DA:26,0
DA:27,0
DA:28,0
DA:30,0
DA:32,0
DA:34,0
DA:35,0
DA:45,0
LF:15
LH:0
BRDA:22,0,0,0
BRDA:22,0,1,0
BRDA:25,1,0,0
BRDA:25,1,1,0
BRDA:27,2,0,0
BRDA:27,2,1,0
BRDA:30,3,0,0
BRDA:30,3,1,0
BRF:8
BRH:0
end_of_record
TN:
SF:scripts/core/generic-crud-tools.js
FN:20,(anonymous_0)
FN:43,(anonymous_1)
FN:114,(anonymous_2)
FN:153,(anonymous_3)
FN:211,(anonymous_4)
FN:234,(anonymous_5)
FNF:6
FNH:2
FNDA:2,(anonymous_0)
FNDA:0,(anonymous_1)
FNDA:0,(anonymous_2)
FNDA:0,(anonymous_3)
FNDA:0,(anonymous_4)
FNDA:2,(anonymous_5)
DA:21,2
DA:25,0
DA:29,2
DA:30,2
DA:31,2
DA:44,0
DA:46,0
DA:48,0
DA:49,0
DA:52,0
DA:53,0
DA:54,0
DA:69,0
DA:71,0
DA:74,0
DA:77,0
DA:78,0
DA:79,0
DA:83,0
DA:91,0
DA:92,0
DA:96,0
DA:100,0
DA:103,0
DA:115,0
DA:117,0
DA:119,0
DA:120,0
DA:121,0
DA:126,0
DA:127,0
DA:128,0
DA:133,0
DA:136,0
DA:138,0
DA:141,0
DA:154,0
DA:155,0
DA:166,0
DA:168,0
DA:171,0
DA:174,0
DA:175,0
DA:176,0
DA:180,0
DA:188,0
DA:189,0
DA:193,0
DA:197,0
DA:200,0
DA:212,0
DA:213,0
DA:214,0
DA:215,0
DA:217,0
DA:220,0
DA:222,0
DA:225,0
DA:235,2
DA:237,2
DA:240,2
LF:61
LH:7
BRDA:20,0,0,1
BRDA:21,1,0,0
BRDA:21,1,1,2
BRDA:22,2,0,2
BRDA:22,2,1,2
BRDA:31,3,0,1
BRDA:31,3,1,1
BRDA:48,4,0,0
BRDA:48,4,1,0
BRDA:53,5,0,0
BRDA:53,5,1,0
BRDA:72,6,0,0
BRDA:72,6,1,0
BRDA:77,7,0,0
BRDA:77,7,1,0
BRDA:77,8,0,0
BRDA:77,8,1,0
BRDA:120,9,0,0
BRDA:120,9,1,0
BRDA:127,10,0,0
BRDA:127,10,1,0
BRDA:174,11,0,0
BRDA:174,11,1,0
BRDA:174,12,0,0
BRDA:174,12,1,0
BRDA:235,13,0,0
BRDA:235,13,1,2
BRDA:235,14,0,2
BRDA:235,14,1,2
BRDA:241,15,0,2
BRDA:241,15,1,1
BRDA:241,15,2,1
BRDA:241,15,3,1
BRDA:241,15,4,1
BRDA:241,15,5,1
BRDA:241,15,6,1
BRDA:241,15,7,1
BRDA:241,15,8,1
BRDA:241,15,9,1
BRDA:241,15,10,1
BRDA:241,15,11,1
BRDA:241,15,12,1
BRF:42
BRH:22
end_of_record
TN:
SF:scripts/core/image-validator.js
FN:31,(anonymous_0)
FN:42,(anonymous_1)
FN:65,(anonymous_2)
FN:66,(anonymous_3)
FN:69,(anonymous_4)
FN:100,(anonymous_5)
FN:127,(anonymous_6)
FN:138,(anonymous_7)
FN:164,(anonymous_8)
FN:167,(anonymous_9)
FNF:10
FNH:8
FNDA:3,(anonymous_0)
FNDA:12,(anonymous_1)
FNDA:6,(anonymous_2)
FNDA:0,(anonymous_3)
FNDA:6,(anonymous_4)
FNDA:0,(anonymous_5)
FNDA:8,(anonymous_6)
FNDA:5,(anonymous_7)
FNDA:15,(anonymous_8)
FNDA:54,(anonymous_9)
DA:18,1
DA:25,1
DA:32,3
DA:43,12
DA:44,12
DA:45,12
DA:46,12
DA:48,12
DA:49,1
DA:52,11
DA:53,3
DA:54,3
DA:55,3
DA:58,8
DA:59,2
DA:60,2
DA:61,2
DA:64,6
DA:65,6
DA:66,6
DA:69,6
DA:70,6
DA:71,1
DA:74,5
DA:75,4
DA:76,1
DA:79,3
DA:82,6
DA:83,5
DA:84,5
DA:87,0
DA:88,0
DA:89,0
DA:101,0
DA:102,0
DA:105,0
DA:106,0
DA:109,0
DA:110,0
DA:111,0
DA:113,0
DA:114,0
DA:115,0
DA:119,0
DA:128,8
DA:129,8
DA:139,5
DA:143,5
DA:144,5
DA:145,5
DA:149,5
DA:151,4
DA:153,0
DA:155,0
DA:165,15
DA:166,15
DA:167,54
LF:57
LH:41
BRDA:42,0,0,9
BRDA:43,1,0,9
BRDA:48,2,0,1
BRDA:48,2,1,11
BRDA:48,3,0,12
BRDA:48,3,1,1
BRDA:49,4,0,1
BRDA:49,4,1,0
BRDA:52,5,0,3
BRDA:52,5,1,8
BRDA:52,6,0,11
BRDA:52,6,1,3
BRDA:52,6,2,1
BRDA:58,7,0,2
BRDA:58,7,1,6
BRDA:58,8,0,8
BRDA:58,8,1,6
BRDA:70,9,0,1
BRDA:70,9,1,5
BRDA:75,10,0,1
BRDA:75,10,1,3
BRDA:105,11,0,0
BRDA:105,11,1,0
BRDA:114,12,0,0
BRDA:114,12,1,0
BRF:25
BRH:20
end_of_record
TN:
SF:scripts/core/json-response-parser.js
FN:9,(anonymous_0)
FN:19,(anonymous_1)
FNF:2
FNH:0
FNDA:0,(anonymous_0)
FNDA:0,(anonymous_1)
DA:10,0
DA:20,0
DA:21,0
DA:22,0
DA:25,0
DA:26,0
DA:29,0
DA:31,0
DA:33,0
LF:9
LH:0
BRDA:25,0,0,0
BRDA:25,0,1,0
BRDA:25,1,0,0
BRDA:25,1,1,0
BRDA:25,1,2,0
BRF:5
BRH:0
end_of_record
TN:
SF:scripts/core/model-detector.js
FN:10,(anonymous_0)
FN:20,(anonymous_1)
FN:67,(anonymous_2)
FN:84,(anonymous_3)
FN:91,(anonymous_4)
FN:111,(anonymous_5)
FN:132,(anonymous_6)
FN:140,(anonymous_7)
FN:146,(anonymous_8)
FN:172,(anonymous_9)
FN:190,(anonymous_10)
FN:201,(anonymous_11)
FN:213,(anonymous_12)
FN:214,(anonymous_13)
FN:223,(anonymous_14)
FN:227,(anonymous_15)
FNF:16
FNH:0
FNDA:0,(anonymous_0)
FNDA:0,(anonymous_1)
FNDA:0,(anonymous_2)
FNDA:0,(anonymous_3)
FNDA:0,(anonymous_4)
FNDA:0,(anonymous_5)
FNDA:0,(anonymous_6)
FNDA:0,(anonymous_7)
FNDA:0,(anonymous_8)
FNDA:0,(anonymous_9)
FNDA:0,(anonymous_10)
FNDA:0,(anonymous_11)
FNDA:0,(anonymous_12)
FNDA:0,(anonymous_13)
FNDA:0,(anonymous_14)
FNDA:0,(anonymous_15)
DA:11,0
DA:21,0
DA:22,0
DA:26,0
DA:27,0
DA:28,0
DA:31,0
DA:32,0
DA:35,0
DA:41,0
DA:42,0
DA:43,0
DA:44,0
DA:45,0
DA:50,0
DA:51,0
DA:52,0
DA:55,0
DA:56,0
DA:57,0
DA:58,0
DA:69,0
DA:70,0
DA:72,0
DA:74,0
DA:79,0
DA:80,0
DA:82,0
DA:83,0
DA:84,0
DA:91,0
DA:93,0
DA:102,0
DA:112,0
DA:113,0
DA:115,0
DA:116,0
DA:117,0
DA:120,0
DA:126,0
DA:127,0
DA:129,0
DA:131,0
DA:133,0
DA:140,0
DA:146,0
DA:148,0
DA:158,0
DA:159,0
DA:162,0
DA:173,0
DA:174,0
DA:175,0
DA:176,0
DA:177,0
DA:179,0
DA:182,0
DA:183,0
DA:191,0
DA:192,0
DA:202,0
DA:203,0
DA:204,0
DA:214,0
DA:224,0
DA:226,0
DA:227,0
DA:228,0
LF:68
LH:0
BRDA:20,0,0,0
BRDA:21,1,0,0
BRDA:21,1,1,0
BRDA:26,2,0,0
BRDA:26,2,1,0
BRDA:27,3,0,0
BRDA:27,3,1,0
BRDA:42,4,0,0
BRDA:42,4,1,0
BRDA:42,5,0,0
BRDA:42,5,1,0
BRDA:79,6,0,0
BRDA:79,6,1,0
BRDA:82,7,0,0
BRDA:82,7,1,0
BRDA:82,8,0,0
BRDA:82,8,1,0
BRDA:89,9,0,0
BRDA:89,9,1,0
BRDA:116,10,0,0
BRDA:116,10,1,0
BRDA:126,11,0,0
BRDA:126,11,1,0
BRDA:129,12,0,0
BRDA:129,12,1,0
BRDA:129,13,0,0
BRDA:129,13,1,0
BRDA:133,14,0,0
BRDA:133,14,1,0
BRDA:133,14,2,0
BRDA:133,14,3,0
BRDA:133,14,4,0
BRDA:133,14,5,0
BRDA:144,15,0,0
BRDA:144,15,1,0
BRDA:158,16,0,0
BRDA:158,16,1,0
BRDA:172,17,0,0
BRDA:174,18,0,0
BRDA:174,18,1,0
BRDA:176,19,0,0
BRDA:176,19,1,0
BRDA:201,20,0,0
BRDA:202,21,0,0
BRDA:202,21,1,0
BRDA:203,22,0,0
BRDA:203,22,1,0
BRDA:204,23,0,0
BRDA:204,23,1,0
BRDA:214,24,0,0
BRDA:214,24,1,0
BRDA:224,25,0,0
BRDA:224,25,1,0
BRDA:224,26,0,0
BRDA:224,26,1,0
BRDA:228,27,0,0
BRDA:228,27,1,0
BRF:57
BRH:0
end_of_record
TN:
SF:scripts/core/progress-animation.js
FN:13,showProgress
FN:25,showProgressWithOptions
FN:37,updateProgressText
FN:48,createProgressContainer
FNF:4
FNH:0
FNDA:0,showProgress
FNDA:0,showProgressWithOptions
FNDA:0,updateProgressText
FNDA:0,createProgressContainer
DA:14,0
DA:26,0
DA:27,0
DA:29,0
DA:38,0
DA:39,0
DA:49,0
LF:7
LH:0
BRDA:13,0,0,0
BRDA:25,1,0,0
BRDA:25,2,0,0
BRDA:26,3,0,0
BRDA:26,4,0,0
BRDA:27,5,0,0
BRDA:27,5,1,0
BRDA:38,6,0,0
BRDA:38,6,1,0
BRDA:48,7,0,0
BRF:10
BRH:0
end_of_record
TN:
SF:scripts/core/token-tracker.js
FN:17,(anonymous_0)
FN:53,(anonymous_1)
FN:67,(anonymous_2)
FN:80,(anonymous_3)
FN:91,(anonymous_4)
FN:99,(anonymous_5)
FN:107,(anonymous_6)
FN:115,(anonymous_7)
FN:127,(anonymous_8)
FN:136,(anonymous_9)
FN:147,(anonymous_10)
FN:156,(anonymous_11)
FN:165,(anonymous_12)
FN:173,(anonymous_13)
FN:189,formatToolResultsForAI
FN:198,(anonymous_15)
FNF:16
FNH:0
FNDA:0,(anonymous_0)
FNDA:0,(anonymous_1)
FNDA:0,(anonymous_2)
FNDA:0,(anonymous_3)
FNDA:0,(anonymous_4)
FNDA:0,(anonymous_5)
FNDA:0,(anonymous_6)
FNDA:0,(anonymous_7)
FNDA:0,(anonymous_8)
FNDA:0,(anonymous_9)
FNDA:0,(anonymous_10)
FNDA:0,(anonymous_11)
FNDA:0,(anonymous_12)
FNDA:0,(anonymous_13)
FNDA:0,formatToolResultsForAI
FNDA:0,(anonymous_15)
DA:22,0
DA:27,0
DA:32,0
DA:39,0
DA:46,0
DA:54,0
DA:55,0
DA:56,0
DA:58,0
DA:59,0
DA:60,0
DA:68,0
DA:69,0
DA:70,0
DA:72,0
DA:73,0
DA:74,0
DA:81,0
DA:82,0
DA:83,0
DA:84,0
DA:92,0
DA:100,0
DA:108,0
DA:116,0
DA:128,0
DA:129,0
DA:138,0
DA:139,0
DA:148,0
DA:149,0
DA:157,0
DA:166,0
DA:174,0
DA:190,0
DA:191,0
DA:194,0
DA:196,0
DA:198,0
DA:199,0
DA:200,0
DA:202,0
DA:203,0
DA:205,0
DA:207,0
DA:212,0
DA:213,0
DA:216,0
LF:48
LH:0
BRDA:17,0,0,0
BRDA:22,1,0,0
BRDA:22,1,1,0
BRDA:27,2,0,0
BRDA:27,2,1,0
BRDA:32,3,0,0
BRDA:32,3,1,0
BRDA:54,4,0,0
BRDA:54,4,1,0
BRDA:54,5,0,0
BRDA:54,5,1,0
BRDA:68,6,0,0
BRDA:68,6,1,0
BRDA:68,7,0,0
BRDA:68,7,1,0
BRDA:138,8,0,0
BRDA:138,8,1,0
BRDA:138,9,0,0
BRDA:138,9,1,0
BRDA:138,9,2,0
BRDA:148,10,0,0
BRDA:148,10,1,0
BRDA:190,11,0,0
BRDA:190,11,1,0
BRDA:190,12,0,0
BRDA:190,12,1,0
BRDA:199,13,0,0
BRDA:199,13,1,0
BRDA:202,14,0,0
BRDA:202,14,1,0
BRDA:212,15,0,0
BRDA:212,15,1,0
BRF:32
BRH:0
end_of_record
TN:
SF:scripts/core/tool-call-parser.js
FN:20,(anonymous_0)
FN:33,(anonymous_1)
FN:37,(anonymous_2)
FN:47,(anonymous_3)
FN:67,(anonymous_4)
FN:94,(anonymous_5)
FN:110,(anonymous_6)
FNF:7
FNH:0
FNDA:0,(anonymous_0)
FNDA:0,(anonymous_1)
FNDA:0,(anonymous_2)
FNDA:0,(anonymous_3)
FNDA:0,(anonymous_4)
FNDA:0,(anonymous_5)
FNDA:0,(anonymous_6)
DA:21,0
DA:34,0
DA:36,0
DA:37,0
DA:38,0
DA:39,0
DA:41,0
DA:45,0
DA:46,0
DA:47,0
DA:48,0
DA:49,0
DA:50,0
DA:51,0
DA:58,0
DA:68,0
DA:69,0
DA:70,0
DA:72,0
DA:74,0
DA:75,0
DA:76,0
DA:77,0
DA:78,0
DA:81,0
DA:83,0
DA:95,0
DA:96,0
DA:111,0
DA:113,0
DA:115,0
DA:116,0
DA:119,0
DA:121,0
DA:122,0
DA:124,0
LF:36
LH:0
BRDA:36,0,0,0
BRDA:36,0,1,0
BRDA:36,1,0,0
BRDA:36,1,1,0
BRDA:36,1,2,0
BRDA:38,2,0,0
BRDA:38,2,1,0
BRDA:45,3,0,0
BRDA:45,3,1,0
BRDA:50,4,0,0
BRDA:50,4,1,0
BRDA:50,5,0,0
BRDA:50,5,1,0
BRDA:50,5,2,0
BRDA:50,5,3,0
BRDA:70,6,0,0
BRDA:70,6,1,0
BRDA:72,7,0,0
BRDA:72,7,1,0
BRDA:72,8,0,0
BRDA:72,8,1,0
BRDA:74,9,0,0
BRDA:74,9,1,0
BRDA:75,10,0,0
BRDA:75,10,1,0
BRDA:76,11,0,0
BRDA:76,11,1,0
BRDA:78,12,0,0
BRDA:78,12,1,0
BRF:29
BRH:0
end_of_record
TN:
SF:scripts/core/tool-scheduler.js
FN:5,(anonymous_0)
FN:9,(anonymous_1)
FN:19,(anonymous_2)
FN:36,(anonymous_3)
FN:38,(anonymous_4)
FN:45,(anonymous_5)
FN:51,(anonymous_6)
FN:61,(anonymous_7)
FN:68,(anonymous_8)
FN:117,(anonymous_9)
FN:118,(anonymous_10)
FN:161,(anonymous_11)
FN:165,(anonymous_12)
FN:166,(anonymous_13)
FN:173,(anonymous_14)
FN:174,(anonymous_15)
FN:185,(anonymous_16)
FN:194,(anonymous_17)
FN:195,(anonymous_18)
FN:198,(anonymous_19)
FNF:20
FNH:0
FNDA:0,(anonymous_0)
FNDA:0,(anonymous_1)
FNDA:0,(anonymous_2)
FNDA:0,(anonymous_3)
FNDA:0,(anonymous_4)
FNDA:0,(anonymous_5)
FNDA:0,(anonymous_6)
FNDA:0,(anonymous_7)
FNDA:0,(anonymous_8)
FNDA:0,(anonymous_9)
FNDA:0,(anonymous_10)
FNDA:0,(anonymous_11)
FNDA:0,(anonymous_12)
FNDA:0,(anonymous_13)
FNDA:0,(anonymous_14)
FNDA:0,(anonymous_15)
FNDA:0,(anonymous_16)
FNDA:0,(anonymous_17)
FNDA:0,(anonymous_18)
FNDA:0,(anonymous_19)
DA:5,0
DA:11,0
DA:12,0
DA:14,0
DA:21,0
DA:22,0
DA:23,0
DA:24,0
DA:25,0
DA:26,0
DA:27,0
DA:28,0
DA:29,0
DA:32,0
DA:33,0
DA:34,0
DA:35,0
DA:36,0
DA:37,0
DA:38,0
DA:40,0
DA:41,0
DA:46,0
DA:47,0
DA:48,0
DA:49,0
DA:50,0
DA:51,0
DA:52,0
DA:54,0
DA:55,0
DA:57,0
DA:62,0
DA:63,0
DA:64,0
DA:65,0
DA:66,0
DA:67,0
DA:68,0
DA:69,0
DA:70,0
DA:71,0
DA:72,0
DA:81,0
DA:90,0
DA:91,0
DA:93,0
DA:94,0
DA:95,0
DA:96,0
DA:97,0
DA:98,0
DA:99,0
DA:101,0
DA:102,0
DA:103,0
DA:105,0
DA:109,0
DA:112,0
DA:113,0
DA:114,0
DA:118,0
DA:119,0
DA:120,0
DA:121,0
DA:123,0
DA:125,0
DA:126,0
DA:127,0
DA:128,0
DA:129,0
DA:131,0
DA:132,0
DA:133,0
DA:134,0
DA:135,0
DA:137,0
DA:138,0
DA:139,0
DA:141,0
DA:142,0
DA:144,0
DA:145,0
DA:146,0
DA:148,0
DA:149,0
DA:150,0
DA:151,0
DA:153,0
DA:155,0
DA:157,0
DA:158,0
DA:162,0
DA:166,0
DA:167,0
DA:168,0
DA:169,0
DA:174,0
DA:175,0
DA:176,0
DA:177,0
DA:178,0
DA:180,0
DA:186,0
DA:187,0
DA:189,0
DA:191,0
DA:195,0
DA:199,0
DA:200,0
LF:110
LH:0
BRDA:11,0,0,0
BRDA:11,0,1,0
BRDA:21,1,0,0
BRDA:21,1,1,0
BRDA:21,2,0,0
BRDA:21,2,1,0
BRDA:21,2,2,0
BRDA:21,2,3,0
BRDA:28,3,0,0
BRDA:28,3,1,0
BRDA:63,4,0,0
BRDA:63,4,1,0
BRDA:71,5,0,0
BRDA:71,5,1,0
BRDA:95,6,0,0
BRDA:95,6,1,0
BRDA:98,7,0,0
BRDA:98,7,1,0
BRDA:102,8,0,0
BRDA:102,8,1,0
BRDA:119,9,0,0
BRDA:119,9,1,0
BRDA:119,10,0,0
BRDA:119,10,1,0
BRDA:123,11,0,0
BRDA:123,11,1,0
BRDA:123,11,2,0
BRDA:123,11,3,0
BRDA:123,11,4,0
BRDA:123,11,5,0
BRDA:123,11,6,0
BRDA:127,12,0,0
BRDA:127,12,1,0
BRDA:128,13,0,0
BRDA:128,13,1,0
BRDA:133,14,0,0
BRDA:133,14,1,0
BRDA:134,15,0,0
BRDA:134,15,1,0
BRDA:134,16,0,0
BRDA:134,16,1,0
BRDA:150,17,0,0
BRDA:150,17,1,0
BRDA:162,18,0,0
BRDA:162,18,1,0
BRDA:167,19,0,0
BRDA:167,19,1,0
BRDA:167,20,0,0
BRDA:167,20,1,0
BRDA:186,21,0,0
BRDA:186,21,1,0
BRDA:186,22,0,0
BRDA:186,22,1,0
BRDA:195,23,0,0
BRDA:195,23,1,0
BRDA:199,24,0,0
BRDA:199,24,1,0
BRF:57
BRH:0
end_of_record
TN:
SF:scripts/settings/settings-management-config.js
FN:7,(anonymous_0)
FN:11,(anonymous_1)
FN:29,(anonymous_2)
FN:39,(anonymous_3)
FN:52,(anonymous_4)
FN:86,(anonymous_5)
FN:97,(anonymous_6)
FN:116,(anonymous_7)
FN:121,(anonymous_8)
FN:158,(anonymous_9)
FNF:10
FNH:0
FNDA:0,(anonymous_0)
FNDA:0,(anonymous_1)
FNDA:0,(anonymous_2)
FNDA:0,(anonymous_3)
FNDA:0,(anonymous_4)
FNDA:0,(anonymous_5)
FNDA:0,(anonymous_6)
FNDA:0,(anonymous_7)
FNDA:0,(anonymous_8)
FNDA:0,(anonymous_9)
DA:8,0
DA:12,0
DA:30,0
DA:40,0
DA:42,0
DA:43,0
DA:44,0
DA:53,0
DA:54,0
DA:55,0
DA:56,0
DA:58,0
DA:59,0
DA:61,0
DA:62,0
DA:65,0
DA:73,0
DA:74,0
DA:75,0
DA:77,0
DA:78,0
DA:79,0
DA:82,0
DA:83,0
DA:84,0
DA:86,0
DA:87,0
DA:98,0
DA:99,0
DA:100,0
DA:101,0
DA:102,0
DA:106,0
DA:107,0
DA:108,0
DA:117,0
DA:118,0
DA:122,0
DA:123,0
DA:124,0
DA:127,0
DA:128,0
DA:131,0
DA:132,0
DA:133,0
DA:135,0
DA:136,0
DA:140,0
DA:141,0
DA:143,0
DA:144,0
LF:51
LH:0
BRDA:7,0,0,0
BRDA:7,1,0,0
BRDA:73,2,0,0
BRDA:73,2,1,0
BRDA:78,3,0,0
BRDA:78,3,1,0
BRDA:101,4,0,0
BRDA:101,4,1,0
BRDA:101,5,0,0
BRDA:101,5,1,0
BRDA:127,6,0,0
BRDA:127,6,1,0
BRDA:127,7,0,0
BRDA:127,7,1,0
BRDA:132,8,0,0
BRDA:132,8,1,0
BRDA:135,9,0,0
BRDA:135,9,1,0
BRDA:135,10,0,0
BRDA:135,10,1,0
BRF:20
BRH:0
end_of_record
TN:
SF:scripts/settings/tool-permissions-config.js
FN:8,(anonymous_0)
FN:13,(anonymous_1)
FN:31,(anonymous_2)
FN:33,(anonymous_3)
FN:53,(anonymous_4)
FN:64,(anonymous_5)
FN:96,(anonymous_6)
FNF:7
FNH:0
FNDA:0,(anonymous_0)
FNDA:0,(anonymous_1)
FNDA:0,(anonymous_2)
FNDA:0,(anonymous_3)
FNDA:0,(anonymous_4)
FNDA:0,(anonymous_5)
FNDA:0,(anonymous_6)
DA:9,0
DA:10,0
DA:14,0
DA:32,0
DA:33,0
DA:39,0
DA:54,0
DA:56,0
DA:65,0
DA:66,0
DA:67,0
DA:69,0
DA:70,0
DA:71,0
DA:72,0
DA:75,0
DA:76,0
DA:77,0
DA:81,0
DA:84,0
DA:97,0
DA:98,0
DA:99,0
LF:23
LH:0
BRDA:8,0,0,0
BRDA:8,1,0,0
BRDA:36,2,0,0
BRDA:36,2,1,0
BRDA:97,3,0,0
BRDA:97,3,1,0
BRF:6
BRH:0
end_of_record
TN:
SF:scripts/tools/add-document-context.js
FN:5,(anonymous_0)
FN:20,(anonymous_1)
FNF:2
FNH:0
FNDA:0,(anonymous_0)
FNDA:0,(anonymous_1)
DA:6,0
DA:21,0
DA:22,0
DA:23,0
DA:24,0
DA:26,0
DA:27,0
DA:30,0
DA:31,0
DA:33,0
DA:42,0
LF:11
LH:0
BRDA:26,0,0,0
BRDA:26,0,1,0
BRF:2
BRH:0
end_of_record
TN:
SF:scripts/tools/clear-context.js
FN:4,(anonymous_0)
FN:16,(anonymous_1)
FN:34,(anonymous_2)
FNF:3
FNH:0
FNDA:0,(anonymous_0)
FNDA:0,(anonymous_1)
FNDA:0,(anonymous_2)
DA:5,0
DA:17,0
DA:18,0
DA:19,0
DA:20,0
DA:22,0
DA:30,0
DA:35,0
LF:8
LH:0
BRF:0
BRH:0
end_of_record
TN:
SF:scripts/tools/create-document.js
FN:5,(anonymous_0)
FN:21,(anonymous_1)
FNF:2
FNH:0
FNDA:0,(anonymous_0)
FNDA:0,(anonymous_1)
DA:6,0
DA:22,0
DA:23,0
DA:24,0
DA:27,0
DA:28,0
DA:31,0
DA:32,0
DA:34,0
DA:45,0
DA:46,0
LF:11
LH:0
BRDA:38,0,0,0
BRDA:38,0,1,0
BRF:2
BRH:0
end_of_record
TN:
SF:scripts/tools/crud-tools.js
FN:17,(anonymous_0)
FN:45,(anonymous_1)
FN:66,(anonymous_2)
FN:94,(anonymous_3)
FN:106,(anonymous_4)
FN:139,(anonymous_5)
FN:151,(anonymous_6)
FN:179,(anonymous_7)
FNF:8
FNH:0
FNDA:0,(anonymous_0)
FNDA:0,(anonymous_1)
FNDA:0,(anonymous_2)
FNDA:0,(anonymous_3)
FNDA:0,(anonymous_4)
FNDA:0,(anonymous_5)
FNDA:0,(anonymous_6)
FNDA:0,(anonymous_7)
DA:18,0
DA:36,0
DA:46,0
DA:47,0
DA:48,0
DA:49,0
DA:50,0
DA:51,0
DA:53,0
DA:54,0
DA:67,0
DA:85,0
DA:95,0
DA:107,0
DA:129,0
DA:140,0
DA:152,0
DA:170,0
DA:180,0
LF:19
LH:0
BRF:0
BRH:0
end_of_record
TN:
SF:scripts/tools/delete-document.js
FN:6,(anonymous_0)
FN:26,(anonymous_1)
FN:31,(anonymous_2)
FNF:3
FNH:0
FNDA:0,(anonymous_0)
FNDA:0,(anonymous_1)
FNDA:0,(anonymous_2)
DA:7,0
DA:28,0
DA:32,0
DA:33,0
DA:36,0
DA:37,0
DA:38,0
DA:48,0
DA:51,0
DA:52,0
DA:53,0
DA:54,0
DA:57,0
DA:58,0
DA:67,0
DA:74,0
DA:76,0
DA:85,0
LF:18
LH:0
BRDA:37,0,0,0
BRDA:37,0,1,0
BRDA:51,1,0,0
BRDA:51,1,1,0
BRDA:53,2,0,0
BRDA:53,2,1,0
BRDA:57,3,0,0
BRDA:57,3,1,0
BRDA:61,4,0,0
BRDA:61,4,1,0
BRDA:69,5,0,0
BRDA:69,5,1,0
BRF:12
BRH:0
end_of_record
TN:
SF:scripts/tools/discovery-tools.js
FN:21,normalizeDocumentType
FN:26,(anonymous_1)
FN:41,findCollection
FN:88,validateDocumentType
FN:103,listAvailableTypes
FNF:5
FNH:0
FNDA:0,normalizeDocumentType
FNDA:0,(anonymous_1)
FNDA:0,findCollection
FNDA:0,validateDocumentType
FNDA:0,listAvailableTypes
DA:22,0
DA:24,0
DA:26,0
DA:42,0
DA:43,0
DA:44,0
DA:45,0
DA:48,0
DA:49,0
DA:51,0
DA:53,0
DA:54,0
DA:55,0
DA:58,0
DA:59,0
DA:60,0
DA:64,0
DA:65,0
DA:66,0
DA:67,0
DA:68,0
DA:74,0
DA:75,0
DA:78,0
DA:89,0
DA:90,0
DA:91,0
DA:93,0
DA:104,0
DA:105,0
DA:106,0
DA:109,0
DA:110,0
DA:114,0
DA:115,0
DA:116,0
DA:117,0
DA:123,0
LF:38
LH:0
BRDA:22,0,0,0
BRDA:22,0,1,0
BRDA:44,1,0,0
BRDA:44,1,1,0
BRDA:51,2,0,0
BRDA:51,2,1,0
BRDA:53,3,0,0
BRDA:53,3,1,0
BRDA:58,4,0,0
BRDA:58,4,1,0
BRDA:64,5,0,0
BRDA:64,5,1,0
BRDA:65,6,0,0
BRDA:65,6,1,0
BRDA:74,7,0,0
BRDA:74,7,1,0
BRDA:106,8,0,0
BRDA:106,8,1,0
BRDA:114,9,0,0
BRDA:114,9,1,0
BRDA:115,10,0,0
BRDA:115,10,1,0
BRF:22
BRH:0
end_of_record
TN:
SF:scripts/tools/get-scene-info.js
FN:5,(anonymous_0)
FN:19,(anonymous_1)
FN:24,(anonymous_2)
FN:86,(anonymous_3)
FN:103,(anonymous_4)
FNF:5
FNH:0
FNDA:0,(anonymous_0)
FNDA:0,(anonymous_1)
FNDA:0,(anonymous_2)
FNDA:0,(anonymous_3)
FNDA:0,(anonymous_4)
DA:6,0
DA:21,0
DA:25,0
DA:26,0
DA:30,0
DA:31,0
DA:32,0
DA:33,0
DA:42,0
DA:43,0
DA:44,0
DA:55,0
DA:85,0
DA:86,0
DA:102,0
DA:103,0
DA:117,0
DA:121,0
DA:125,0
DA:131,0
LF:20
LH:0
BRDA:30,0,0,0
BRDA:30,0,1,0
BRDA:32,1,0,0
BRDA:32,1,1,0
BRDA:43,2,0,0
BRDA:43,2,1,0
BRDA:64,3,0,0
BRDA:64,3,1,0
BRDA:65,4,0,0
BRDA:65,4,1,0
BRDA:66,5,0,0
BRDA:66,5,1,0
BRDA:69,6,0,0
BRDA:69,6,1,0
BRDA:70,7,0,0
BRDA:70,7,1,0
BRDA:71,8,0,0
BRDA:71,8,1,0
BRDA:78,9,0,0
BRDA:78,9,1,0
BRDA:80,10,0,0
BRDA:80,10,1,0
BRDA:85,11,0,0
BRDA:85,11,1,0
BRDA:90,12,0,0
BRDA:90,12,1,0
BRDA:94,13,0,0
BRDA:94,13,1,0
BRDA:102,14,0,0
BRDA:102,14,1,0
BRDA:107,15,0,0
BRDA:107,15,1,0
BRDA:112,16,0,0
BRDA:112,16,1,0
BRDA:118,17,0,0
BRDA:118,17,1,0
BRDA:122,18,0,0
BRDA:122,18,1,0
BRF:38
BRH:0
end_of_record
TN:
SF:scripts/tools/get-user-preferences.js
FN:5,(anonymous_0)
FN:19,(anonymous_1)
FN:24,(anonymous_2)
FNF:3
FNH:0
FNDA:0,(anonymous_0)
FNDA:0,(anonymous_1)
FNDA:0,(anonymous_2)
DA:6,0
DA:21,0
DA:25,0
DA:26,0
DA:30,0
DA:31,0
DA:32,0
DA:33,0
DA:42,0
DA:46,0
DA:67,0
DA:69,0
DA:80,0
DA:81,0
DA:89,0
DA:93,0
DA:94,0
DA:101,0
DA:107,0
LF:19
LH:0
BRDA:30,0,0,0
BRDA:30,0,1,0
BRDA:32,1,0,0
BRDA:32,1,1,0
BRDA:67,2,0,0
BRDA:67,2,1,0
BRDA:93,3,0,0
BRDA:93,3,1,0
BRF:8
BRH:0
end_of_record
TN:
SF:scripts/tools/get-world-info.js
FN:5,(anonymous_0)
FN:17,(anonymous_1)
FN:22,(anonymous_2)
FN:55,(anonymous_3)
FN:56,(anonymous_4)
FN:74,(anonymous_5)
FN:75,(anonymous_6)
FNF:7
FNH:0
FNDA:0,(anonymous_0)
FNDA:0,(anonymous_1)
FNDA:0,(anonymous_2)
FNDA:0,(anonymous_3)
FNDA:0,(anonymous_4)
FNDA:0,(anonymous_5)
FNDA:0,(anonymous_6)
DA:6,0
DA:19,0
DA:23,0
DA:25,0
DA:44,0
DA:45,0
DA:54,0
DA:55,0
DA:56,0
DA:65,0
DA:66,0
DA:73,0
DA:74,0
DA:75,0
DA:81,0
DA:87,0
LF:16
LH:0
BRDA:26,0,0,0
BRDA:26,0,1,0
BRDA:44,1,0,0
BRDA:44,1,1,0
BRF:4
BRH:0
end_of_record
TN:
SF:scripts/tools/list-context.js
FN:4,(anonymous_0)
FN:16,(anonymous_1)
FN:34,(anonymous_2)
FNF:3
FNH:0
FNDA:0,(anonymous_0)
FNDA:0,(anonymous_1)
FNDA:0,(anonymous_2)
DA:5,0
DA:17,0
DA:18,0
DA:19,0
DA:21,0
DA:30,0
DA:35,0
LF:7
LH:0
BRF:0
BRH:0
end_of_record
TN:
SF:scripts/tools/list-documents.js
FN:6,(anonymous_0)
FN:23,(anonymous_1)
FN:34,(anonymous_2)
FN:39,(anonymous_3)
FN:40,(anonymous_4)
FN:59,(anonymous_5)
FNF:6
FNH:0
FNDA:0,(anonymous_0)
FNDA:0,(anonymous_1)
FNDA:0,(anonymous_2)
FNDA:0,(anonymous_3)
FNDA:0,(anonymous_4)
FNDA:0,(anonymous_5)
DA:7,0
DA:24,0
DA:25,0
DA:28,0
DA:30,0
DA:33,0
DA:34,0
DA:38,0
DA:39,0
DA:40,0
DA:41,0
DA:42,0
DA:43,0
DA:45,0
DA:51,0
DA:53,0
DA:59,0
DA:69,0
LF:18
LH:0
BRDA:25,0,0,0
BRDA:25,1,0,0
BRDA:25,2,0,0
BRDA:33,3,0,0
BRDA:33,3,1,0
BRDA:38,4,0,0
BRDA:38,4,1,0
BRDA:42,5,0,0
BRDA:42,5,1,0
BRDA:42,6,0,0
BRDA:42,6,1,0
BRDA:61,7,0,0
BRDA:61,7,1,0
BRDA:62,8,0,0
BRDA:62,8,1,0
BRF:15
BRH:0
end_of_record
TN:
SF:scripts/tools/read-document.js
FN:5,(anonymous_0)
FN:25,(anonymous_1)
FNF:2
FNH:0
FNDA:0,(anonymous_0)
FNDA:0,(anonymous_1)
DA:6,0
DA:26,0
DA:27,0
DA:30,0
DA:33,0
DA:34,0
DA:35,0
DA:36,0
DA:39,0
DA:40,0
DA:49,0
DA:60,0
LF:12
LH:0
BRDA:33,0,0,0
BRDA:33,0,1,0
BRDA:35,1,0,0
BRDA:35,1,1,0
BRDA:39,2,0,0
BRDA:39,2,1,0
BRDA:43,3,0,0
BRDA:43,3,1,0
BRDA:53,4,0,0
BRDA:53,4,1,0
BRF:10
BRH:0
end_of_record
TN:
SF:scripts/tools/search-documents.js
FN:6,(anonymous_0)
FN:29,(anonymous_1)
FN:41,(anonymous_2)
FN:83,(anonymous_3)
FN:93,(anonymous_4)
FNF:5
FNH:0
FNDA:0,(anonymous_0)
FNDA:0,(anonymous_1)
FNDA:0,(anonymous_2)
FNDA:0,(anonymous_3)
FNDA:0,(anonymous_4)
DA:7,0
DA:30,0
DA:31,0
DA:32,0
DA:35,0
DA:37,0
DA:40,0
DA:41,0
DA:45,0
DA:47,0
DA:48,0
DA:49,0
DA:51,0
DA:52,0
DA:53,0
DA:54,0
DA:55,0
DA:57,0
DA:58,0
DA:60,0
DA:61,0
DA:62,0
DA:63,0
DA:65,0
DA:68,0
DA:73,0
DA:74,0
DA:83,0
DA:84,0
DA:86,0
DA:93,0
DA:105,0
LF:32
LH:0
BRDA:31,0,0,0
BRDA:31,1,0,0
BRDA:31,2,0,0
BRDA:40,3,0,0
BRDA:40,3,1,0
BRDA:53,4,0,0
BRDA:53,4,1,0
BRDA:53,5,0,0
BRDA:53,5,1,0
BRDA:55,6,0,0
BRDA:55,6,1,0
BRDA:60,7,0,0
BRDA:60,7,1,0
BRDA:62,8,0,0
BRDA:62,8,1,0
BRDA:73,9,0,0
BRDA:73,9,1,0
BRDA:95,10,0,0
BRDA:95,10,1,0
BRDA:96,11,0,0
BRDA:96,11,1,0
BRF:21
BRH:0
end_of_record
TN:
SF:scripts/tools/tool-registry.js
FN:15,(anonymous_0)
FN:28,(anonymous_1)
FN:36,(anonymous_2)
FN:45,(anonymous_3)
FN:54,(anonymous_4)
FN:69,(anonymous_5)
FN:82,(anonymous_6)
FN:93,(anonymous_7)
FN:118,(anonymous_8)
FN:125,(anonymous_9)
FN:129,(anonymous_10)
FN:138,(anonymous_11)
FN:146,(anonymous_12)
FN:150,(anonymous_13)
FN:157,(anonymous_14)
FNF:15
FNH:0
FNDA:0,(anonymous_0)
FNDA:0,(anonymous_1)
FNDA:0,(anonymous_2)
FNDA:0,(anonymous_3)
FNDA:0,(anonymous_4)
FNDA:0,(anonymous_5)
FNDA:0,(anonymous_6)
FNDA:0,(anonymous_7)
FNDA:0,(anonymous_8)
FNDA:0,(anonymous_9)
FNDA:0,(anonymous_10)
FNDA:0,(anonymous_11)
FNDA:0,(anonymous_12)
FNDA:0,(anonymous_13)
FNDA:0,(anonymous_14)
DA:16,0
DA:17,0
DA:18,0
DA:19,0
DA:20,0
DA:29,0
DA:37,0
DA:47,0
DA:55,0
DA:56,0
DA:58,0
DA:59,0
DA:61,0
DA:70,0
DA:71,0
DA:72,0
DA:74,0
DA:83,0
DA:94,0
DA:95,0
DA:96,0
DA:98,0
DA:99,0
DA:100,0
DA:101,0
DA:102,0
DA:104,0
DA:105,0
DA:106,0
DA:107,0
DA:108,0
DA:109,0
DA:112,0
DA:118,0
DA:119,0
DA:125,0
DA:130,0
DA:131,0
DA:132,0
DA:133,0
DA:140,0
DA:141,0
DA:146,0
DA:152,0
DA:153,0
DA:154,0
DA:157,0
DA:158,0
DA:159,0
DA:160,0
LF:50
LH:0
BRDA:15,0,0,0
BRDA:15,1,0,0
BRDA:15,2,0,0
BRDA:55,3,0,0
BRDA:55,3,1,0
BRDA:58,4,0,0
BRDA:58,4,1,0
BRDA:71,5,0,0
BRDA:71,5,1,0
BRDA:95,6,0,0
BRDA:95,6,1,0
BRDA:99,7,0,0
BRDA:99,7,1,0
BRDA:100,8,0,0
BRDA:100,8,1,0
BRDA:101,9,0,0
BRDA:101,9,1,0
BRDA:104,10,0,0
BRDA:104,10,1,0
BRDA:107,11,0,0
BRDA:107,11,1,0
BRF:21
BRH:0
end_of_record
TN:
SF:scripts/tools/update-document.js
FN:6,(anonymous_0)
FN:27,(anonymous_1)
FNF:2
FNH:0
FNDA:0,(anonymous_0)
FNDA:0,(anonymous_1)
DA:7,0
DA:28,0
DA:29,0
DA:32,0
DA:35,0
DA:36,0
DA:37,0
DA:38,0
DA:41,0
DA:42,0
DA:52,0
DA:54,0
DA:65,0
LF:13
LH:0
BRDA:35,0,0,0
BRDA:35,0,1,0
BRDA:37,1,0,0
BRDA:37,1,1,0
BRDA:41,2,0,0
BRDA:41,2,1,0
BRDA:45,3,0,0
BRDA:45,3,1,0
BRDA:58,4,0,0
BRDA:58,4,1,0
BRF:10
BRH:0
end_of_record
TN:
SF:scripts/tools/validation-error-recovery.js
FN:11,(anonymous_0)
FN:22,(anonymous_1)
FN:46,(anonymous_2)
FN:68,(anonymous_3)
FNF:4
FNH:3
FNDA:2,(anonymous_0)
FNDA:0,(anonymous_1)
FNDA:1,(anonymous_2)
FNDA:1,(anonymous_3)
DA:12,2
DA:23,0
DA:24,0
DA:25,0
DA:27,0
DA:38,0
DA:47,1
DA:50,1
DA:51,1
DA:52,2
DA:59,1
DA:70,1
DA:71,1
DA:72,1
DA:73,1
DA:77,1
DA:78,0
DA:82,1
DA:83,0
DA:85,1
DA:86,0
DA:88,1
LF:22
LH:14
BRDA:47,0,0,0
BRDA:47,0,1,1
BRDA:70,1,0,0
BRDA:70,1,1,1
BRDA:72,2,0,1
BRDA:72,2,1,0
BRDA:77,3,0,0
BRDA:77,3,1,1
BRDA:82,4,0,0
BRDA:82,4,1,1
BRDA:85,5,0,0
BRDA:85,5,1,1
BRF:12
BRH:6
end_of_record
TN:
SF:scripts/ui/dynamic-context-window-setting.js
FN:12,(anonymous_0)
FN:24,(anonymous_1)
FN:28,(anonymous_2)
FN:42,(anonymous_3)
FN:44,(anonymous_4)
FN:60,(anonymous_5)
FN:90,(anonymous_6)
FN:110,(anonymous_7)
FN:134,(anonymous_8)
FN:176,(anonymous_9)
FN:199,(anonymous_10)
FN:238,(anonymous_11)
FN:261,(anonymous_12)
FN:280,(anonymous_13)
FN:306,(anonymous_14)
FN:314,(anonymous_15)
FN:323,(anonymous_16)
FN:340,(anonymous_17)
FN:348,(anonymous_18)
FN:366,(anonymous_19)
FN:375,(anonymous_20)
FN:384,(anonymous_21)
FN:394,(anonymous_22)
FN:404,(anonymous_23)
FN:428,(anonymous_24)
FNF:25
FNH:0
FNDA:0,(anonymous_0)
FNDA:0,(anonymous_1)
FNDA:0,(anonymous_2)
FNDA:0,(anonymous_3)
FNDA:0,(anonymous_4)
FNDA:0,(anonymous_5)
FNDA:0,(anonymous_6)
FNDA:0,(anonymous_7)
FNDA:0,(anonymous_8)
FNDA:0,(anonymous_9)
FNDA:0,(anonymous_10)
FNDA:0,(anonymous_11)
FNDA:0,(anonymous_12)
FNDA:0,(anonymous_13)
FNDA:0,(anonymous_14)
FNDA:0,(anonymous_15)
FNDA:0,(anonymous_16)
FNDA:0,(anonymous_17)
FNDA:0,(anonymous_18)
FNDA:0,(anonymous_19)
FNDA:0,(anonymous_20)
FNDA:0,(anonymous_21)
FNDA:0,(anonymous_22)
FNDA:0,(anonymous_23)
FNDA:0,(anonymous_24)
DA:13,0
DA:14,0
DA:15,0
DA:16,0
DA:17,0
DA:18,0
DA:25,0
DA:28,0
DA:29,0
DA:33,0
DA:36,0
DA:44,0
DA:45,0
DA:46,0
DA:47,0
DA:49,0
DA:50,0
DA:51,0
DA:61,0
DA:64,0
DA:65,0
DA:66,0
DA:67,0
DA:70,0
DA:71,0
DA:74,0
DA:77,0
DA:78,0
DA:79,0
DA:83,0
DA:92,0
DA:93,0
DA:94,0
DA:98,0
DA:101,0
DA:102,0
DA:103,0
DA:107,0
DA:110,0
DA:111,0
DA:113,0
DA:114,0
DA:115,0
DA:116,0
DA:119,0
DA:120,0
DA:121,0
DA:124,0
DA:125,0
DA:135,0
DA:136,0
DA:138,0
DA:139,0
DA:140,0
DA:143,0
DA:145,0
DA:146,0
DA:148,0
DA:149,0
DA:151,0
DA:154,0
DA:157,0
DA:158,0
DA:159,0
DA:160,0
DA:162,0
DA:165,0
DA:167,0
DA:168,0
DA:177,0
DA:179,0
DA:180,0
DA:181,0
DA:184,0
DA:186,0
DA:187,0
DA:189,0
DA:192,0
DA:200,0
DA:203,0
DA:204,0
DA:206,0
DA:208,0
DA:209,0
DA:210,0
DA:212,0
DA:217,0
DA:218,0
DA:219,0
DA:222,0
DA:225,0
DA:228,0
DA:229,0
DA:230,0
DA:239,0
DA:242,0
DA:243,0
DA:246,0
DA:247,0
DA:248,0
DA:252,0
DA:255,0
DA:262,0
DA:264,0
DA:276,0
DA:277,0
DA:280,0
DA:281,0
DA:282,0
DA:284,0
DA:286,0
DA:287,0
DA:288,0
DA:291,0
DA:292,0
DA:295,0
DA:296,0
DA:297,0
DA:307,0
DA:308,0
DA:315,0
DA:316,0
DA:325,0
DA:327,0
DA:334,0
DA:341,0
DA:349,0
DA:350,0
DA:353,0
DA:354,0
DA:355,0
DA:367,0
DA:368,0
DA:376,0
DA:377,0
DA:385,0
DA:386,0
DA:387,0
DA:395,0
DA:396,0
DA:405,0
DA:407,0
DA:410,0
DA:413,0
DA:421,0
DA:422,0
DA:430,0
DA:431,0
DA:432,0
DA:435,0
DA:436,0
DA:437,0
DA:438,0
LF:153
LH:0
BRDA:45,0,0,0
BRDA:45,0,1,0
BRDA:49,1,0,0
BRDA:49,1,1,0
BRDA:65,2,0,0
BRDA:65,2,1,0
BRDA:78,3,0,0
BRDA:78,3,1,0
BRDA:92,4,0,0
BRDA:92,4,1,0
BRDA:101,5,0,0
BRDA:101,5,1,0
BRDA:101,6,0,0
BRDA:101,6,1,0
BRDA:120,7,0,0
BRDA:120,7,1,0
BRDA:138,8,0,0
BRDA:138,8,1,0
BRDA:138,9,0,0
BRDA:138,9,1,0
BRDA:138,9,2,0
BRDA:157,10,0,0
BRDA:157,10,1,0
BRDA:158,11,0,0
BRDA:158,11,1,0
BRDA:179,12,0,0
BRDA:179,12,1,0
BRDA:186,13,0,0
BRDA:186,13,1,0
BRDA:189,14,0,0
BRDA:189,14,1,0
BRDA:208,15,0,0
BRDA:208,15,1,0
BRDA:208,16,0,0
BRDA:208,16,1,0
BRDA:228,17,0,0
BRDA:228,17,1,0
BRDA:229,18,0,0
BRDA:229,18,1,0
BRDA:247,19,0,0
BRDA:247,19,1,0
BRDA:247,20,0,0
BRDA:247,20,1,0
BRDA:262,21,0,0
BRDA:262,21,1,0
BRDA:284,22,0,0
BRDA:284,22,1,0
BRDA:296,23,0,0
BRDA:296,23,1,0
BRDA:349,24,0,0
BRDA:349,24,1,0
BRDA:354,25,0,0
BRDA:354,25,1,0
BRDA:367,26,0,0
BRDA:367,26,1,0
BRDA:376,27,0,0
BRDA:376,27,1,0
BRDA:385,28,0,0
BRDA:385,28,1,0
BRDA:395,29,0,0
BRDA:395,29,1,0
BRDA:430,30,0,0
BRDA:430,30,1,0
BRDA:436,31,0,0
BRDA:436,31,1,0
BRF:65
BRH:0
end_of_record
TN:
SF:scripts/ui/dynamic-model-selector.js
FN:12,(anonymous_0)
FN:26,(anonymous_1)
FN:30,(anonymous_2)
FN:41,(anonymous_3)
FN:42,(anonymous_4)
FN:54,(anonymous_5)
FN:78,(anonymous_6)
FN:84,(anonymous_7)
FN:117,(anonymous_8)
FN:158,(anonymous_9)
FN:176,(anonymous_10)
FN:191,(anonymous_11)
FN:213,(anonymous_12)
FN:238,(anonymous_13)
FN:263,(anonymous_14)
FN:281,(anonymous_15)
FN:304,(anonymous_16)
FN:309,(anonymous_17)
FN:317,(anonymous_18)
FN:343,(anonymous_19)
FN:357,(anonymous_20)
FN:369,(anonymous_21)
FN:385,(anonymous_22)
FN:398,(anonymous_23)
FN:410,(anonymous_24)
FN:470,(anonymous_25)
FN:479,(anonymous_26)
FN:502,(anonymous_27)
FN:520,(anonymous_28)
FN:544,(anonymous_29)
FN:551,(anonymous_30)
FN:560,(anonymous_31)
FN:569,(anonymous_32)
FN:581,(anonymous_33)
FN:591,(anonymous_34)
FNF:35
FNH:0
FNDA:0,(anonymous_0)
FNDA:0,(anonymous_1)
FNDA:0,(anonymous_2)
FNDA:0,(anonymous_3)
FNDA:0,(anonymous_4)
FNDA:0,(anonymous_5)
FNDA:0,(anonymous_6)
FNDA:0,(anonymous_7)
FNDA:0,(anonymous_8)
FNDA:0,(anonymous_9)
FNDA:0,(anonymous_10)
FNDA:0,(anonymous_11)
FNDA:0,(anonymous_12)
FNDA:0,(anonymous_13)
FNDA:0,(anonymous_14)
FNDA:0,(anonymous_15)
FNDA:0,(anonymous_16)
FNDA:0,(anonymous_17)
FNDA:0,(anonymous_18)
FNDA:0,(anonymous_19)
FNDA:0,(anonymous_20)
FNDA:0,(anonymous_21)
FNDA:0,(anonymous_22)
FNDA:0,(anonymous_23)
FNDA:0,(anonymous_24)
FNDA:0,(anonymous_25)
FNDA:0,(anonymous_26)
FNDA:0,(anonymous_27)
FNDA:0,(anonymous_28)
FNDA:0,(anonymous_29)
FNDA:0,(anonymous_30)
FNDA:0,(anonymous_31)
FNDA:0,(anonymous_32)
FNDA:0,(anonymous_33)
FNDA:0,(anonymous_34)
DA:13,0
DA:14,0
DA:15,0
DA:16,0
DA:17,0
DA:18,0
DA:19,0
DA:20,0
DA:27,0
DA:30,0
DA:31,0
DA:35,0
DA:42,0
DA:43,0
DA:44,0
DA:45,0
DA:55,0
DA:56,0
DA:59,0
DA:60,0
DA:63,0
DA:64,0
DA:65,0
DA:66,0
DA:69,0
DA:70,0
DA:71,0
DA:73,0
DA:74,0
DA:78,0
DA:79,0
DA:80,0
DA:83,0
DA:84,0
DA:86,0
DA:87,0
DA:90,0
DA:91,0
DA:92,0
DA:93,0
DA:97,0
DA:98,0
DA:103,0
DA:106,0
DA:107,0
DA:108,0
DA:119,0
DA:120,0
DA:121,0
DA:125,0
DA:126,0
DA:127,0
DA:133,0
DA:134,0
DA:135,0
DA:138,0
DA:139,0
DA:141,0
DA:142,0
DA:143,0
DA:144,0
DA:145,0
DA:147,0
DA:149,0
DA:150,0
DA:159,0
DA:161,0
DA:163,0
DA:164,0
DA:166,0
DA:169,0
DA:177,0
DA:180,0
DA:181,0
DA:182,0
DA:185,0
DA:186,0
DA:187,0
DA:188,0
DA:191,0
DA:192,0
DA:193,0
DA:194,0
DA:197,0
DA:198,0
DA:199,0
DA:202,0
DA:206,0
DA:207,0
DA:208,0
DA:209,0
DA:212,0
DA:213,0
DA:214,0
DA:218,0
DA:220,0
DA:221,0
DA:222,0
DA:225,0
DA:227,0
DA:228,0
DA:231,0
DA:239,0
DA:242,0
DA:243,0
DA:244,0
DA:245,0
DA:248,0
DA:249,0
DA:250,0
DA:251,0
DA:253,0
DA:257,0
DA:258,0
DA:259,0
DA:263,0
DA:264,0
DA:268,0
DA:271,0
DA:274,0
DA:282,0
DA:283,0
DA:285,0
DA:286,0
DA:288,0
DA:290,0
DA:292,0
DA:295,0
DA:306,0
DA:309,0
DA:310,0
DA:318,0
DA:320,0
DA:322,0
DA:323,0
DA:324,0
DA:326,0
DA:327,0
DA:328,0
DA:329,0
DA:330,0
DA:332,0
DA:333,0
DA:334,0
DA:335,0
DA:336,0
DA:337,0
DA:339,0
DA:340,0
DA:343,0
DA:344,0
DA:347,0
DA:348,0
DA:351,0
DA:358,0
DA:359,0
DA:360,0
DA:362,0
DA:370,0
DA:372,0
DA:374,0
DA:377,0
DA:387,0
DA:388,0
DA:389,0
DA:390,0
DA:400,0
DA:401,0
DA:402,0
DA:411,0
DA:413,0
DA:414,0
DA:415,0
DA:416,0
DA:420,0
DA:421,0
DA:422,0
DA:425,0
DA:427,0
DA:428,0
DA:429,0
DA:430,0
DA:434,0
DA:437,0
DA:438,0
DA:441,0
DA:444,0
DA:447,0
DA:448,0
DA:449,0
DA:451,0
DA:454,0
DA:457,0
DA:458,0
DA:461,0
DA:462,0
DA:471,0
DA:472,0
DA:474,0
DA:476,0
DA:477,0
DA:479,0
DA:480,0
DA:481,0
DA:482,0
DA:486,0
DA:488,0
DA:489,0
DA:491,0
DA:492,0
DA:494,0
DA:504,0
DA:506,0
DA:513,0
DA:522,0
DA:524,0
DA:525,0
DA:526,0
DA:527,0
DA:528,0
DA:531,0
DA:538,0
DA:545,0
DA:552,0
DA:553,0
DA:561,0
DA:562,0
DA:570,0
DA:571,0
DA:572,0
DA:573,0
DA:582,0
DA:583,0
DA:592,0
DA:594,0
DA:597,0
DA:600,0
DA:608,0
DA:609,0
LF:239
LH:0
BRDA:43,0,0,0
BRDA:43,0,1,0
BRDA:65,1,0,0
BRDA:65,1,1,0
BRDA:69,2,0,0
BRDA:69,2,1,0
BRDA:86,3,0,0
BRDA:86,3,1,0
BRDA:91,4,0,0
BRDA:91,4,1,0
BRDA:107,5,0,0
BRDA:107,5,1,0
BRDA:117,6,0,0
BRDA:119,7,0,0
BRDA:119,7,1,0
BRDA:125,8,0,0
BRDA:125,8,1,0
BRDA:133,9,0,0
BRDA:133,9,1,0
BRDA:133,10,0,0
BRDA:133,10,1,0
BRDA:163,11,0,0
BRDA:163,11,1,0
BRDA:163,12,0,0
BRDA:163,12,1,0
BRDA:182,13,0,0
BRDA:182,13,1,0
BRDA:197,14,0,0
BRDA:197,14,1,0
BRDA:197,15,0,0
BRDA:197,15,1,0
BRDA:213,16,0,0
BRDA:213,16,1,0
BRDA:213,17,0,0
BRDA:213,17,1,0
BRDA:245,18,0,0
BRDA:245,18,1,0
BRDA:248,19,0,0
BRDA:248,19,1,0
BRDA:250,20,0,0
BRDA:250,20,1,0
BRDA:258,21,0,0
BRDA:258,21,1,0
BRDA:285,22,0,0
BRDA:285,22,1,0
BRDA:290,23,0,0
BRDA:290,23,1,0
BRDA:318,24,0,0
BRDA:318,24,1,0
BRDA:359,25,0,0
BRDA:359,25,1,0
BRDA:372,26,0,0
BRDA:372,26,1,0
BRDA:388,27,0,0
BRDA:388,27,1,0
BRDA:388,28,0,0
BRDA:388,28,1,0
BRDA:400,29,0,0
BRDA:400,29,1,0
BRDA:414,30,0,0
BRDA:414,30,1,0
BRDA:420,31,0,0
BRDA:420,31,1,0
BRDA:428,32,0,0
BRDA:428,32,1,0
BRDA:444,33,0,0
BRDA:444,33,1,0
BRDA:447,34,0,0
BRDA:447,34,1,0
BRDA:474,35,0,0
BRDA:474,35,1,0
BRDA:480,36,0,0
BRDA:480,36,1,0
BRDA:480,37,0,0
BRDA:480,37,1,0
BRDA:525,38,0,0
BRDA:525,38,1,0
BRDA:527,39,0,0
BRDA:527,39,1,0
BRDA:552,40,0,0
BRDA:552,40,1,0
BRDA:561,41,0,0
BRDA:561,41,1,0
BRDA:570,42,0,0
BRDA:570,42,1,0
BRDA:572,43,0,0
BRDA:572,43,1,0
BRDA:582,44,0,0
BRDA:582,44,1,0
BRF:89
BRH:0
end_of_record
